# JRE version: Java(TM) SE Runtime Environment (8.0_121-b13) (build 1.8.0_121-b13)
# Java VM: Java HotSpot(TM) 64-Bit Server VM (25.121-b13 mixed mode windows-amd64 compressed oops)
Heap:
 PSYoungGen      total 502272K, used 90760K [0x00000000d5d80000, 0x0000000100000000, 0x0000000100000000)
  eden space 467456K, 19% used [0x00000000d5d80000,0x00000000db60a128,0x00000000f2600000)
  from space 34816K, 0% used [0x00000000f2600000,0x00000000f2618000,0x00000000f4800000)
  to   space 33280K, 0% used [0x00000000fdf80000,0x00000000fdf80000,0x0000000100000000)
 ParOldGen       total 131072K, used 69228K [0x0000000081800000, 0x0000000089800000, 0x00000000d5d80000)
  object space 131072K, 52% used [0x0000000081800000,0x0000000085b9b288,0x0000000089800000)
 Metaspace       used 17348K, capacity 17576K, committed 17792K, reserved 1064960K
  class space    used 1567K, capacity 1622K, committed 1664K, reserved 1048576K
GC Heap History (10 events):
Event: 14.416 GC heap before
{Heap before GC invocations=10 (full 1):
 PSYoungGen      total 266752K, used 236512K [0x00000000d5d80000, 0x00000000e8d00000, 0x0000000100000000)
  eden space 233984K, 99% used [0x00000000d5d80000,0x00000000e418c2d8,0x00000000e4200000)
  from space 32768K, 9% used [0x00000000e6d00000,0x00000000e6febfa0,0x00000000e8d00000)
  to   space 38400K, 0% used [0x00000000e4200000,0x00000000e4200000,0x00000000e6780000)
 ParOldGen       total 131072K, used 66202K [0x0000000081800000, 0x0000000089800000, 0x00000000d5d80000)
  object space 131072K, 50% used [0x0000000081800000,0x00000000858a6a38,0x0000000089800000)
 Metaspace       used 17222K, capacity 17448K, committed 17792K, reserved 1064960K
  class space    used 1567K, capacity 1622K, committed 1664K, reserved 1048576K
Event: 14.418 GC heap after
Heap after GC invocations=10 (full 1):
 PSYoungGen      total 272384K, used 96K [0x00000000d5d80000, 0x00000000efa00000, 0x0000000100000000)
  eden space 233984K, 0% used [0x00000000d5d80000,0x00000000d5d80000,0x00000000e4200000)
  from space 38400K, 0% used [0x00000000e4200000,0x00000000e4218000,0x00000000e6780000)
  to   space 37888K, 0% used [0x00000000ed500000,0x00000000ed500000,0x00000000efa00000)
 ParOldGen       total 131072K, used 69116K [0x0000000081800000, 0x0000000089800000, 0x00000000d5d80000)
  object space 131072K, 52% used [0x0000000081800000,0x0000000085b7f288,0x0000000089800000)
 Metaspace       used 17222K, capacity 17448K, committed 17792K, reserved 1064960K
  class space    used 1567K, capacity 1622K, committed 1664K, reserved 1048576K
}
Event: 19.020 GC heap before
{Heap before GC invocations=11 (full 1):
 PSYoungGen      total 272384K, used 233312K [0x00000000d5d80000, 0x00000000efa00000, 0x0000000100000000)
  eden space 233984K, 99% used [0x00000000d5d80000,0x00000000e4140238,0x00000000e4200000)
  from space 38400K, 0% used [0x00000000e4200000,0x00000000e4218000,0x00000000e6780000)
  to   space 37888K, 0% used [0x00000000ed500000,0x00000000ed500000,0x00000000efa00000)
 ParOldGen       total 131072K, used 69116K [0x0000000081800000, 0x0000000089800000, 0x00000000d5d80000)
  object space 131072K, 52% used [0x0000000081800000,0x0000000085b7f288,0x0000000089800000)
 Metaspace       used 17291K, capacity 17512K, committed 17792K, reserved 1064960K
  class space    used 1567K, capacity 1622K, committed 1664K, reserved 1048576K
Event: 19.021 GC heap after
Heap after GC invocations=11 (full 1):
 PSYoungGen      total 368128K, used 64K [0x00000000d5d80000, 0x00000000ef100000, 0x0000000100000000)
  eden space 339456K, 0% used [0x00000000d5d80000,0x00000000d5d80000,0x00000000ea900000)
  from space 28672K, 0% used [0x00000000ed500000,0x00000000ed510000,0x00000000ef100000)
  to   space 36864K, 0% used [0x00000000ea900000,0x00000000ea900000,0x00000000ecd00000)
 ParOldGen       total 131072K, used 69164K [0x0000000081800000, 0x0000000089800000, 0x00000000d5d80000)
  object space 131072K, 52% used [0x0000000081800000,0x0000000085b8b288,0x0000000089800000)
 Metaspace       used 17291K, capacity 17512K, committed 17792K, reserved 1064960K
  class space    used 1567K, capacity 1622K, committed 1664K, reserved 1048576K
}
Event: 25.746 GC heap before
{Heap before GC invocations=12 (full 1):
 PSYoungGen      total 368128K, used 338909K [0x00000000d5d80000, 0x00000000ef100000, 0x0000000100000000)
  eden space 339456K, 99% used [0x00000000d5d80000,0x00000000ea867678,0x00000000ea900000)
  from space 28672K, 0% used [0x00000000ed500000,0x00000000ed510000,0x00000000ef100000)
  to   space 36864K, 0% used [0x00000000ea900000,0x00000000ea900000,0x00000000ecd00000)
 ParOldGen       total 131072K, used 69164K [0x0000000081800000, 0x0000000089800000, 0x00000000d5d80000)
  object space 131072K, 52% used [0x0000000081800000,0x0000000085b8b288,0x0000000089800000)
 Metaspace       used 17343K, capacity 17512K, committed 17792K, reserved 1064960K
  class space    used 1567K, capacity 1622K, committed 1664K, reserved 1048576K
Event: 25.747 GC heap after
Heap after GC invocations=12 (full 1):
 PSYoungGen      total 376320K, used 64K [0x00000000d5d80000, 0x00000000f7880000, 0x0000000100000000)
  eden space 339456K, 0% used [0x00000000d5d80000,0x00000000d5d80000,0x00000000ea900000)
  from space 36864K, 0% used [0x00000000ea900000,0x00000000ea910000,0x00000000ecd00000)
  to   space 35840K, 0% used [0x00000000f5580000,0x00000000f5580000,0x00000000f7880000)
 ParOldGen       total 131072K, used 69196K [0x0000000081800000, 0x0000000089800000, 0x00000000d5d80000)
  object space 131072K, 52% used [0x0000000081800000,0x0000000085b93288,0x0000000089800000)
 Metaspace       used 17343K, capacity 17512K, committed 17792K, reserved 1064960K
  class space    used 1567K, capacity 1622K, committed 1664K, reserved 1048576K
}
Event: 32.308 GC heap before
{Heap before GC invocations=13 (full 1):
 PSYoungGen      total 376320K, used 338882K [0x00000000d5d80000, 0x00000000f7880000, 0x0000000100000000)
  eden space 339456K, 99% used [0x00000000d5d80000,0x00000000ea860ae0,0x00000000ea900000)
  from space 36864K, 0% used [0x00000000ea900000,0x00000000ea910000,0x00000000ecd00000)
  to   space 35840K, 0% used [0x00000000f5580000,0x00000000f5580000,0x00000000f7880000)
 ParOldGen       total 131072K, used 69196K [0x0000000081800000, 0x0000000089800000, 0x00000000d5d80000)
  object space 131072K, 52% used [0x0000000081800000,0x0000000085b93288,0x0000000089800000)
 Metaspace       used 17343K, capacity 17512K, committed 17792K, reserved 1064960K
  class space    used 1567K, capacity 1622K, committed 1664K, reserved 1048576K
Event: 32.309 GC heap after
Heap after GC invocations=13 (full 1):
 PSYoungGen      total 488448K, used 96K [0x00000000d5d80000, 0x00000000f6a00000, 0x0000000100000000)
  eden space 467456K, 0% used [0x00000000d5d80000,0x00000000d5d80000,0x00000000f2600000)
  from space 20992K, 0% used [0x00000000f5580000,0x00000000f5598000,0x00000000f6a00000)
  to   space 34816K, 0% used [0x00000000f2600000,0x00000000f2600000,0x00000000f4800000)
 ParOldGen       total 131072K, used 69220K [0x0000000081800000, 0x0000000089800000, 0x00000000d5d80000)
  object space 131072K, 52% used [0x0000000081800000,0x0000000085b99288,0x0000000089800000)
 Metaspace       used 17343K, capacity 17512K, committed 17792K, reserved 1064960K
  class space    used 1567K, capacity 1622K, committed 1664K, reserved 1048576K
}
Event: 41.510 GC heap before
{Heap before GC invocations=14 (full 1):
 PSYoungGen      total 488448K, used 467167K [0x00000000d5d80000, 0x00000000f6a00000, 0x0000000100000000)
  eden space 467456K, 99% used [0x00000000d5d80000,0x00000000f259fe78,0x00000000f2600000)
  from space 20992K, 0% used [0x00000000f5580000,0x00000000f5598000,0x00000000f6a00000)
  to   space 34816K, 0% used [0x00000000f2600000,0x00000000f2600000,0x00000000f4800000)
 ParOldGen       total 131072K, used 69220K [0x0000000081800000, 0x0000000089800000, 0x00000000d5d80000)
  object space 131072K, 52% used [0x0000000081800000,0x0000000085b99288,0x0000000089800000)
 Metaspace       used 17347K, capacity 17576K, committed 17792K, reserved 1064960K
  class space    used 1567K, capacity 1622K, committed 1664K, reserved 1048576K
Event: 41.511 GC heap after
Heap after GC invocations=14 (full 1):
 PSYoungGen      total 502272K, used 96K [0x00000000d5d80000, 0x0000000100000000, 0x0000000100000000)
  eden space 467456K, 0% used [0x00000000d5d80000,0x00000000d5d80000,0x00000000f2600000)
  from space 34816K, 0% used [0x00000000f2600000,0x00000000f2618000,0x00000000f4800000)
  to   space 33280K, 0% used [0x00000000fdf80000,0x00000000fdf80000,0x0000000100000000)
 ParOldGen       total 131072K, used 69228K [0x0000000081800000, 0x0000000089800000, 0x00000000d5d80000)
  object space 131072K, 52% used [0x0000000081800000,0x0000000085b9b288,0x0000000089800000)
 Metaspace       used 17347K, capacity 17576K, committed 17792K, reserved 1064960K
  class space    used 1567K, capacity 1622K, committed 1664K, reserved 1048576K
}

