# JRE version: Java(TM) SE Runtime Environment (8.0_121-b13) (build 1.8.0_121-b13)
# Java VM: Java HotSpot(TM) 64-Bit Server VM (25.121-b13 mixed mode windows-amd64 compressed oops)
Heap:
 PSYoungGen      total 465408K, used 34439K [0x00000000d5d80000, 0x00000000fc280000, 0x0000000100000000)
  eden space 431104K, 7% used [0x00000000d5d80000,0x00000000d7f09f10,0x00000000f0280000)
  from space 34304K, 0% used [0x00000000f0280000,0x00000000f0298000,0x00000000f2400000)
  to   space 33280K, 0% used [0x00000000fa200000,0x00000000fa200000,0x00000000fc280000)
 ParOldGen       total 131584K, used 69672K [0x0000000081800000, 0x0000000089880000, 0x00000000d5d80000)
  object space 131584K, 52% used [0x0000000081800000,0x0000000085c0a268,0x0000000089880000)
 Metaspace       used 17526K, capacity 17712K, committed 18048K, reserved 1064960K
  class space    used 1581K, capacity 1630K, committed 1664K, reserved 1048576K
GC Heap History (10 events):
Event: 13.929 GC heap before
{Heap before GC invocations=10 (full 1):
 PSYoungGen      total 258560K, used 227040K [0x00000000d5d80000, 0x00000000e8580000, 0x0000000100000000)
  eden space 225280K, 100% used [0x00000000d5d80000,0x00000000e3980000,0x00000000e3980000)
  from space 33280K, 5% used [0x00000000e6500000,0x00000000e66b8020,0x00000000e8580000)
  to   space 38912K, 0% used [0x00000000e3980000,0x00000000e3980000,0x00000000e5f80000)
 ParOldGen       total 131584K, used 66216K [0x0000000081800000, 0x0000000089880000, 0x00000000d5d80000)
  object space 131584K, 50% used [0x0000000081800000,0x00000000858aa0a8,0x0000000089880000)
 Metaspace       used 16050K, capacity 16268K, committed 16384K, reserved 1064960K
  class space    used 1471K, capacity 1534K, committed 1536K, reserved 1048576K
Event: 13.930 GC heap after
Heap after GC invocations=10 (full 1):
 PSYoungGen      total 264192K, used 96K [0x00000000d5d80000, 0x00000000ee800000, 0x0000000100000000)
  eden space 225280K, 0% used [0x00000000d5d80000,0x00000000d5d80000,0x00000000e3980000)
  from space 38912K, 0% used [0x00000000e3980000,0x00000000e3998000,0x00000000e5f80000)
  to   space 37888K, 0% used [0x00000000ec300000,0x00000000ec300000,0x00000000ee800000)
 ParOldGen       total 131584K, used 67928K [0x0000000081800000, 0x0000000089880000, 0x00000000d5d80000)
  object space 131584K, 51% used [0x0000000081800000,0x0000000085a560c8,0x0000000089880000)
 Metaspace       used 16050K, capacity 16268K, committed 16384K, reserved 1064960K
  class space    used 1471K, capacity 1534K, committed 1536K, reserved 1048576K
}
Event: 18.266 GC heap before
{Heap before GC invocations=11 (full 1):
 PSYoungGen      total 264192K, used 224990K [0x00000000d5d80000, 0x00000000ee800000, 0x0000000100000000)
  eden space 225280K, 99% used [0x00000000d5d80000,0x00000000e391f9b0,0x00000000e3980000)
  from space 38912K, 0% used [0x00000000e3980000,0x00000000e3998000,0x00000000e5f80000)
  to   space 37888K, 0% used [0x00000000ec300000,0x00000000ec300000,0x00000000ee800000)
 ParOldGen       total 131584K, used 67928K [0x0000000081800000, 0x0000000089880000, 0x00000000d5d80000)
  object space 131584K, 51% used [0x0000000081800000,0x0000000085a560c8,0x0000000089880000)
 Metaspace       used 17331K, capacity 17516K, committed 17792K, reserved 1064960K
  class space    used 1581K, capacity 1630K, committed 1664K, reserved 1048576K
Event: 18.268 GC heap after
Heap after GC invocations=11 (full 1):
 PSYoungGen      total 348672K, used 1776K [0x00000000d5d80000, 0x00000000ede80000, 0x0000000100000000)
  eden space 320512K, 0% used [0x00000000d5d80000,0x00000000d5d80000,0x00000000e9680000)
  from space 28160K, 6% used [0x00000000ec300000,0x00000000ec4bc050,0x00000000ede80000)
  to   space 36864K, 0% used [0x00000000e9680000,0x00000000e9680000,0x00000000eba80000)
 ParOldGen       total 131584K, used 67968K [0x0000000081800000, 0x0000000089880000, 0x00000000d5d80000)
  object space 131584K, 51% used [0x0000000081800000,0x0000000085a600c8,0x0000000089880000)
 Metaspace       used 17331K, capacity 17516K, committed 17792K, reserved 1064960K
  class space    used 1581K, capacity 1630K, committed 1664K, reserved 1048576K
}
Event: 24.606 GC heap before
{Heap before GC invocations=12 (full 1):
 PSYoungGen      total 348672K, used 321682K [0x00000000d5d80000, 0x00000000ede80000, 0x0000000100000000)
  eden space 320512K, 99% used [0x00000000d5d80000,0x00000000e95e8900,0x00000000e9680000)
  from space 28160K, 6% used [0x00000000ec300000,0x00000000ec4bc050,0x00000000ede80000)
  to   space 36864K, 0% used [0x00000000e9680000,0x00000000e9680000,0x00000000eba80000)
 ParOldGen       total 131584K, used 67968K [0x0000000081800000, 0x0000000089880000, 0x00000000d5d80000)
  object space 131584K, 51% used [0x0000000081800000,0x0000000085a600c8,0x0000000089880000)
 Metaspace       used 17473K, capacity 17712K, committed 18048K, reserved 1064960K
  class space    used 1581K, capacity 1630K, committed 1664K, reserved 1048576K
Event: 24.609 GC heap after
Heap after GC invocations=12 (full 1):
 PSYoungGen      total 357376K, used 96K [0x00000000d5d80000, 0x00000000f5500000, 0x0000000100000000)
  eden space 320512K, 0% used [0x00000000d5d80000,0x00000000d5d80000,0x00000000e9680000)
  from space 36864K, 0% used [0x00000000e9680000,0x00000000e9698000,0x00000000eba80000)
  to   space 35840K, 0% used [0x00000000f3200000,0x00000000f3200000,0x00000000f5500000)
 ParOldGen       total 131584K, used 69616K [0x0000000081800000, 0x0000000089880000, 0x00000000d5d80000)
  object space 131584K, 52% used [0x0000000081800000,0x0000000085bfc268,0x0000000089880000)
 Metaspace       used 17473K, capacity 17712K, committed 18048K, reserved 1064960K
  class space    used 1581K, capacity 1630K, committed 1664K, reserved 1048576K
}
Event: 30.948 GC heap before
{Heap before GC invocations=13 (full 1):
 PSYoungGen      total 357376K, used 319801K [0x00000000d5d80000, 0x00000000f5500000, 0x0000000100000000)
  eden space 320512K, 99% used [0x00000000d5d80000,0x00000000e95b6530,0x00000000e9680000)
  from space 36864K, 0% used [0x00000000e9680000,0x00000000e9698000,0x00000000eba80000)
  to   space 35840K, 0% used [0x00000000f3200000,0x00000000f3200000,0x00000000f5500000)
 ParOldGen       total 131584K, used 69616K [0x0000000081800000, 0x0000000089880000, 0x00000000d5d80000)
  object space 131584K, 52% used [0x0000000081800000,0x0000000085bfc268,0x0000000089880000)
 Metaspace       used 17521K, capacity 17712K, committed 18048K, reserved 1064960K
  class space    used 1581K, capacity 1630K, committed 1664K, reserved 1048576K
Event: 30.949 GC heap after
Heap after GC invocations=13 (full 1):
 PSYoungGen      total 451072K, used 96K [0x00000000d5d80000, 0x00000000f4580000, 0x0000000100000000)
  eden space 431104K, 0% used [0x00000000d5d80000,0x00000000d5d80000,0x00000000f0280000)
  from space 19968K, 0% used [0x00000000f3200000,0x00000000f3218000,0x00000000f4580000)
  to   space 34304K, 0% used [0x00000000f0280000,0x00000000f0280000,0x00000000f2400000)
 ParOldGen       total 131584K, used 69648K [0x0000000081800000, 0x0000000089880000, 0x00000000d5d80000)
  object space 131584K, 52% used [0x0000000081800000,0x0000000085c04268,0x0000000089880000)
 Metaspace       used 17521K, capacity 17712K, committed 18048K, reserved 1064960K
  class space    used 1581K, capacity 1630K, committed 1664K, reserved 1048576K
}
Event: 39.321 GC heap before
{Heap before GC invocations=14 (full 1):
 PSYoungGen      total 451072K, used 430999K [0x00000000d5d80000, 0x00000000f4580000, 0x0000000100000000)
  eden space 431104K, 99% used [0x00000000d5d80000,0x00000000f024dc18,0x00000000f0280000)
  from space 19968K, 0% used [0x00000000f3200000,0x00000000f3218000,0x00000000f4580000)
  to   space 34304K, 0% used [0x00000000f0280000,0x00000000f0280000,0x00000000f2400000)
 ParOldGen       total 131584K, used 69648K [0x0000000081800000, 0x0000000089880000, 0x00000000d5d80000)
  object space 131584K, 52% used [0x0000000081800000,0x0000000085c04268,0x0000000089880000)
 Metaspace       used 17525K, capacity 17712K, committed 18048K, reserved 1064960K
  class space    used 1581K, capacity 1630K, committed 1664K, reserved 1048576K
Event: 39.322 GC heap after
Heap after GC invocations=14 (full 1):
 PSYoungGen      total 465408K, used 96K [0x00000000d5d80000, 0x00000000fc280000, 0x0000000100000000)
  eden space 431104K, 0% used [0x00000000d5d80000,0x00000000d5d80000,0x00000000f0280000)
  from space 34304K, 0% used [0x00000000f0280000,0x00000000f0298000,0x00000000f2400000)
  to   space 33280K, 0% used [0x00000000fa200000,0x00000000fa200000,0x00000000fc280000)
 ParOldGen       total 131584K, used 69672K [0x0000000081800000, 0x0000000089880000, 0x00000000d5d80000)
  object space 131584K, 52% used [0x0000000081800000,0x0000000085c0a268,0x0000000089880000)
 Metaspace       used 17525K, capacity 17712K, committed 18048K, reserved 1064960K
  class space    used 1581K, capacity 1630K, committed 1664K, reserved 1048576K
}

