# JRE version: Java(TM) SE Runtime Environment (8.0_121-b13) (build 1.8.0_121-b13)
# Java VM: Java HotSpot(TM) 64-Bit Server VM (25.121-b13 mixed mode windows-amd64 compressed oops)
Heap:
 PSYoungGen      total 269824K, used 46723K [0x00000000d5d80000, 0x00000000ef400000, 0x0000000100000000)
  eden space 230912K, 20% used [0x00000000d5d80000,0x00000000d8b00c20,0x00000000e3f00000)
  from space 38912K, 0% used [0x00000000e3f00000,0x00000000e3f20000,0x00000000e6500000)
  to   space 37888K, 0% used [0x00000000ecf00000,0x00000000ecf00000,0x00000000ef400000)
 ParOldGen       total 131584K, used 67932K [0x0000000081800000, 0x0000000089880000, 0x00000000d5d80000)
  object space 131584K, 51% used [0x0000000081800000,0x0000000085a571b0,0x0000000089880000)
 Metaspace       used 16100K, capacity 16324K, committed 16640K, reserved 1064960K
  class space    used 1467K, capacity 1526K, committed 1536K, reserved 1048576K
GC Heap History (10 events):
Event: 3.660 GC heap before
{Heap before GC invocations=6 (full 1):
 PSYoungGen      total 70144K, used 70105K [0x00000000d5d80000, 0x00000000da880000, 0x0000000100000000)
  eden space 65024K, 99% used [0x00000000d5d80000,0x00000000d9cf8428,0x00000000d9d00000)
  from space 5120K, 99% used [0x00000000da380000,0x00000000da87e070,0x00000000da880000)
  to   space 5120K, 0% used [0x00000000d9e80000,0x00000000d9e80000,0x00000000da380000)
 ParOldGen       total 131584K, used 61127K [0x0000000081800000, 0x0000000089880000, 0x00000000d5d80000)
  object space 131584K, 46% used [0x0000000081800000,0x00000000853b1c00,0x0000000089880000)
 Metaspace       used 15765K, capacity 16004K, committed 16128K, reserved 1064960K
  class space    used 1467K, capacity 1526K, committed 1536K, reserved 1048576K
Event: 3.663 GC heap after
Heap after GC invocations=6 (full 1):
 PSYoungGen      total 71680K, used 5112K [0x00000000d5d80000, 0x00000000e2a80000, 0x0000000100000000)
  eden space 66560K, 0% used [0x00000000d5d80000,0x00000000d5d80000,0x00000000d9e80000)
  from space 5120K, 99% used [0x00000000d9e80000,0x00000000da37e070,0x00000000da380000)
  to   space 42496K, 0% used [0x00000000e0100000,0x00000000e0100000,0x00000000e2a80000)
 ParOldGen       total 131584K, used 62831K [0x0000000081800000, 0x0000000089880000, 0x00000000d5d80000)
  object space 131584K, 47% used [0x0000000081800000,0x000000008555bc20,0x0000000089880000)
 Metaspace       used 15765K, capacity 16004K, committed 16128K, reserved 1064960K
  class space    used 1467K, capacity 1526K, committed 1536K, reserved 1048576K
}
Event: 4.936 GC heap before
{Heap before GC invocations=7 (full 1):
 PSYoungGen      total 71680K, used 71132K [0x00000000d5d80000, 0x00000000e2a80000, 0x0000000100000000)
  eden space 66560K, 99% used [0x00000000d5d80000,0x00000000d9df9040,0x00000000d9e80000)
  from space 5120K, 99% used [0x00000000d9e80000,0x00000000da37e070,0x00000000da380000)
  to   space 42496K, 0% used [0x00000000e0100000,0x00000000e0100000,0x00000000e2a80000)
 ParOldGen       total 131584K, used 62831K [0x0000000081800000, 0x0000000089880000, 0x00000000d5d80000)
  object space 131584K, 47% used [0x0000000081800000,0x000000008555bc20,0x0000000089880000)
 Metaspace       used 15805K, capacity 16004K, committed 16128K, reserved 1064960K
  class space    used 1467K, capacity 1526K, committed 1536K, reserved 1048576K
Event: 4.938 GC heap after
Heap after GC invocations=7 (full 1):
 PSYoungGen      total 167936K, used 5112K [0x00000000d5d80000, 0x00000000e2a00000, 0x0000000100000000)
  eden space 125952K, 0% used [0x00000000d5d80000,0x00000000d5d80000,0x00000000dd880000)
  from space 41984K, 12% used [0x00000000e0100000,0x00000000e05fe070,0x00000000e2a00000)
  to   space 41472K, 0% used [0x00000000dd880000,0x00000000dd880000,0x00000000e0100000)
 ParOldGen       total 131584K, used 62839K [0x0000000081800000, 0x0000000089880000, 0x00000000d5d80000)
  object space 131584K, 47% used [0x0000000081800000,0x000000008555dc20,0x0000000089880000)
 Metaspace       used 15805K, capacity 16004K, committed 16128K, reserved 1064960K
  class space    used 1467K, capacity 1526K, committed 1536K, reserved 1048576K
}
Event: 7.403 GC heap before
{Heap before GC invocations=8 (full 1):
 PSYoungGen      total 167936K, used 130623K [0x00000000d5d80000, 0x00000000e2a00000, 0x0000000100000000)
  eden space 125952K, 99% used [0x00000000d5d80000,0x00000000dd811ba0,0x00000000dd880000)
  from space 41984K, 12% used [0x00000000e0100000,0x00000000e05fe070,0x00000000e2a00000)
  to   space 41472K, 0% used [0x00000000dd880000,0x00000000dd880000,0x00000000e0100000)
 ParOldGen       total 131584K, used 62839K [0x0000000081800000, 0x0000000089880000, 0x00000000d5d80000)
  object space 131584K, 47% used [0x0000000081800000,0x000000008555dc20,0x0000000089880000)
 Metaspace       used 15884K, capacity 16132K, committed 16384K, reserved 1064960K
  class space    used 1467K, capacity 1526K, committed 1536K, reserved 1048576K
Event: 7.405 GC heap after
Heap after GC invocations=8 (full 1):
 PSYoungGen      total 167424K, used 5144K [0x00000000d5d80000, 0x00000000e9080000, 0x0000000100000000)
  eden space 125952K, 0% used [0x00000000d5d80000,0x00000000d5d80000,0x00000000dd880000)
  from space 41472K, 12% used [0x00000000dd880000,0x00000000ddd86070,0x00000000e0100000)
  to   space 39424K, 0% used [0x00000000e6a00000,0x00000000e6a00000,0x00000000e9080000)
 ParOldGen       total 131584K, used 62847K [0x0000000081800000, 0x0000000089880000, 0x00000000d5d80000)
  object space 131584K, 47% used [0x0000000081800000,0x000000008555fc20,0x0000000089880000)
 Metaspace       used 15884K, capacity 16132K, committed 16384K, reserved 1064960K
  class space    used 1467K, capacity 1526K, committed 1536K, reserved 1048576K
}
Event: 9.873 GC heap before
{Heap before GC invocations=9 (full 1):
 PSYoungGen      total 167424K, used 130973K [0x00000000d5d80000, 0x00000000e9080000, 0x0000000100000000)
  eden space 125952K, 99% used [0x00000000d5d80000,0x00000000dd861690,0x00000000dd880000)
  from space 41472K, 12% used [0x00000000dd880000,0x00000000ddd86070,0x00000000e0100000)
  to   space 39424K, 0% used [0x00000000e6a00000,0x00000000e6a00000,0x00000000e9080000)
 ParOldGen       total 131584K, used 62847K [0x0000000081800000, 0x0000000089880000, 0x00000000d5d80000)
  object space 131584K, 47% used [0x0000000081800000,0x000000008555fc20,0x0000000089880000)
 Metaspace       used 15902K, capacity 16132K, committed 16384K, reserved 1064960K
  class space    used 1467K, capacity 1526K, committed 1536K, reserved 1048576K
Event: 9.875 GC heap after
Heap after GC invocations=9 (full 1):
 PSYoungGen      total 264704K, used 1792K [0x00000000d5d80000, 0x00000000e8b00000, 0x0000000100000000)
  eden space 230912K, 0% used [0x00000000d5d80000,0x00000000d5d80000,0x00000000e3f00000)
  from space 33792K, 5% used [0x00000000e6a00000,0x00000000e6bc0020,0x00000000e8b00000)
  to   space 38912K, 0% used [0x00000000e3f00000,0x00000000e3f00000,0x00000000e6500000)
 ParOldGen       total 131584K, used 66212K [0x0000000081800000, 0x0000000089880000, 0x00000000d5d80000)
  object space 131584K, 50% used [0x0000000081800000,0x00000000858a9190,0x0000000089880000)
 Metaspace       used 15902K, capacity 16132K, committed 16384K, reserved 1064960K
  class space    used 1467K, capacity 1526K, committed 1536K, reserved 1048576K
}
Event: 14.416 GC heap before
{Heap before GC invocations=10 (full 1):
 PSYoungGen      total 264704K, used 232704K [0x00000000d5d80000, 0x00000000e8b00000, 0x0000000100000000)
  eden space 230912K, 100% used [0x00000000d5d80000,0x00000000e3f00000,0x00000000e3f00000)
  from space 33792K, 5% used [0x00000000e6a00000,0x00000000e6bc0020,0x00000000e8b00000)
  to   space 38912K, 0% used [0x00000000e3f00000,0x00000000e3f00000,0x00000000e6500000)
 ParOldGen       total 131584K, used 66212K [0x0000000081800000, 0x0000000089880000, 0x00000000d5d80000)
  object space 131584K, 50% used [0x0000000081800000,0x00000000858a9190,0x0000000089880000)
 Metaspace       used 16044K, capacity 16260K, committed 16384K, reserved 1064960K
  class space    used 1467K, capacity 1526K, committed 1536K, reserved 1048576K
Event: 14.418 GC heap after
Heap after GC invocations=10 (full 1):
 PSYoungGen      total 269824K, used 128K [0x00000000d5d80000, 0x00000000ef400000, 0x0000000100000000)
  eden space 230912K, 0% used [0x00000000d5d80000,0x00000000d5d80000,0x00000000e3f00000)
  from space 38912K, 0% used [0x00000000e3f00000,0x00000000e3f20000,0x00000000e6500000)
  to   space 37888K, 0% used [0x00000000ecf00000,0x00000000ecf00000,0x00000000ef400000)
 ParOldGen       total 131584K, used 67932K [0x0000000081800000, 0x0000000089880000, 0x00000000d5d80000)
  object space 131584K, 51% used [0x0000000081800000,0x0000000085a571b0,0x0000000089880000)
 Metaspace       used 16044K, capacity 16260K, committed 16384K, reserved 1064960K
  class space    used 1467K, capacity 1526K, committed 1536K, reserved 1048576K
}

