# JRE version: Java(TM) SE Runtime Environment (8.0_121-b13) (build 1.8.0_121-b13)
# Java VM: Java HotSpot(TM) 64-Bit Server VM (25.121-b13 mixed mode windows-amd64 compressed oops)
Heap:
 PSYoungGen      total 605696K, used 418736K [0x00000000d5d80000, 0x0000000100000000, 0x0000000100000000)
  eden space 573952K, 72% used [0x00000000d5d80000,0x00000000ef654058,0x00000000f8e00000)
  from space 31744K, 0% used [0x00000000f8e00000,0x00000000f8e18000,0x00000000fad00000)
  to   space 30208K, 0% used [0x00000000fe280000,0x00000000fe280000,0x0000000100000000)
 ParOldGen       total 131584K, used 69353K [0x0000000081800000, 0x0000000089880000, 0x00000000d5d80000)
  object space 131584K, 52% used [0x0000000081800000,0x0000000085bba620,0x0000000089880000)
 Metaspace       used 17539K, capacity 17768K, committed 18048K, reserved 1064960K
  class space    used 1576K, capacity 1622K, committed 1664K, reserved 1048576K
GC Heap History (10 events):
Event: 13.795 GC heap before
{Heap before GC invocations=12 (full 1):
 PSYoungGen      total 357888K, used 327993K [0x00000000d5d80000, 0x00000000ee680000, 0x0000000100000000)
  eden space 328704K, 99% used [0x00000000d5d80000,0x00000000e9db6548,0x00000000e9e80000)
  from space 29184K, 0% used [0x00000000eca00000,0x00000000eca18000,0x00000000ee680000)
  to   space 36864K, 0% used [0x00000000e9e80000,0x00000000e9e80000,0x00000000ec280000)
 ParOldGen       total 131584K, used 69257K [0x0000000081800000, 0x0000000089880000, 0x00000000d5d80000)
  object space 131584K, 52% used [0x0000000081800000,0x0000000085ba2620,0x0000000089880000)
 Metaspace       used 17516K, capacity 17704K, committed 18048K, reserved 1064960K
  class space    used 1576K, capacity 1622K, committed 1664K, reserved 1048576K
Event: 13.796 GC heap after
Heap after GC invocations=12 (full 1):
 PSYoungGen      total 365568K, used 128K [0x00000000d5d80000, 0x00000000f6600000, 0x0000000100000000)
  eden space 328704K, 0% used [0x00000000d5d80000,0x00000000d5d80000,0x00000000e9e80000)
  from space 36864K, 0% used [0x00000000e9e80000,0x00000000e9ea0000,0x00000000ec280000)
  to   space 35840K, 0% used [0x00000000f4300000,0x00000000f4300000,0x00000000f6600000)
 ParOldGen       total 131584K, used 69297K [0x0000000081800000, 0x0000000089880000, 0x00000000d5d80000)
  object space 131584K, 52% used [0x0000000081800000,0x0000000085bac620,0x0000000089880000)
 Metaspace       used 17516K, capacity 17704K, committed 18048K, reserved 1064960K
  class space    used 1576K, capacity 1622K, committed 1664K, reserved 1048576K
}
Event: 16.942 GC heap before
{Heap before GC invocations=13 (full 1):
 PSYoungGen      total 365568K, used 328829K [0x00000000d5d80000, 0x00000000f6600000, 0x0000000100000000)
  eden space 328704K, 99% used [0x00000000d5d80000,0x00000000e9e7f6d8,0x00000000e9e80000)
  from space 36864K, 0% used [0x00000000e9e80000,0x00000000e9ea0000,0x00000000ec280000)
  to   space 35840K, 0% used [0x00000000f4300000,0x00000000f4300000,0x00000000f6600000)
 ParOldGen       total 131584K, used 69297K [0x0000000081800000, 0x0000000089880000, 0x00000000d5d80000)
  object space 131584K, 52% used [0x0000000081800000,0x0000000085bac620,0x0000000089880000)
 Metaspace       used 17535K, capacity 17768K, committed 18048K, reserved 1064960K
  class space    used 1576K, capacity 1622K, committed 1664K, reserved 1048576K
Event: 16.943 GC heap after
Heap after GC invocations=13 (full 1):
 PSYoungGen      total 468480K, used 64K [0x00000000d5d80000, 0x00000000f5680000, 0x0000000100000000)
  eden space 448512K, 0% used [0x00000000d5d80000,0x00000000d5d80000,0x00000000f1380000)
  from space 19968K, 0% used [0x00000000f4300000,0x00000000f4310000,0x00000000f5680000)
  to   space 34304K, 0% used [0x00000000f1380000,0x00000000f1380000,0x00000000f3500000)
 ParOldGen       total 131584K, used 69313K [0x0000000081800000, 0x0000000089880000, 0x00000000d5d80000)
  object space 131584K, 52% used [0x0000000081800000,0x0000000085bb0620,0x0000000089880000)
 Metaspace       used 17535K, capacity 17768K, committed 18048K, reserved 1064960K
  class space    used 1576K, capacity 1622K, committed 1664K, reserved 1048576K
}
Event: 21.290 GC heap before
{Heap before GC invocations=14 (full 1):
 PSYoungGen      total 468480K, used 447863K [0x00000000d5d80000, 0x00000000f5680000, 0x0000000100000000)
  eden space 448512K, 99% used [0x00000000d5d80000,0x00000000f12cdcf8,0x00000000f1380000)
  from space 19968K, 0% used [0x00000000f4300000,0x00000000f4310000,0x00000000f5680000)
  to   space 34304K, 0% used [0x00000000f1380000,0x00000000f1380000,0x00000000f3500000)
 ParOldGen       total 131584K, used 69313K [0x0000000081800000, 0x0000000089880000, 0x00000000d5d80000)
  object space 131584K, 52% used [0x0000000081800000,0x0000000085bb0620,0x0000000089880000)
 Metaspace       used 17535K, capacity 17768K, committed 18048K, reserved 1064960K
  class space    used 1576K, capacity 1622K, committed 1664K, reserved 1048576K
Event: 21.292 GC heap after
Heap after GC invocations=14 (full 1):
 PSYoungGen      total 482816K, used 96K [0x00000000d5d80000, 0x00000000fe180000, 0x0000000100000000)
  eden space 448512K, 0% used [0x00000000d5d80000,0x00000000d5d80000,0x00000000f1380000)
  from space 34304K, 0% used [0x00000000f1380000,0x00000000f1398000,0x00000000f3500000)
  to   space 33280K, 0% used [0x00000000fc100000,0x00000000fc100000,0x00000000fe180000)
 ParOldGen       total 131584K, used 69337K [0x0000000081800000, 0x0000000089880000, 0x00000000d5d80000)
  object space 131584K, 52% used [0x0000000081800000,0x0000000085bb6620,0x0000000089880000)
 Metaspace       used 17535K, capacity 17768K, committed 18048K, reserved 1064960K
  class space    used 1576K, capacity 1622K, committed 1664K, reserved 1048576K
}
Event: 25.571 GC heap before
{Heap before GC invocations=15 (full 1):
 PSYoungGen      total 482816K, used 448608K [0x00000000d5d80000, 0x00000000fe180000, 0x0000000100000000)
  eden space 448512K, 100% used [0x00000000d5d80000,0x00000000f1380000,0x00000000f1380000)
  from space 34304K, 0% used [0x00000000f1380000,0x00000000f1398000,0x00000000f3500000)
  to   space 33280K, 0% used [0x00000000fc100000,0x00000000fc100000,0x00000000fe180000)
 ParOldGen       total 131584K, used 69337K [0x0000000081800000, 0x0000000089880000, 0x00000000d5d80000)
  object space 131584K, 52% used [0x0000000081800000,0x0000000085bb6620,0x0000000089880000)
 Metaspace       used 17535K, capacity 17768K, committed 18048K, reserved 1064960K
  class space    used 1576K, capacity 1622K, committed 1664K, reserved 1048576K
Event: 25.572 GC heap after
Heap after GC invocations=15 (full 1):
 PSYoungGen      total 585216K, used 64K [0x00000000d5d80000, 0x00000000fcc00000, 0x0000000100000000)
  eden space 573952K, 0% used [0x00000000d5d80000,0x00000000d5d80000,0x00000000f8e00000)
  from space 11264K, 0% used [0x00000000fc100000,0x00000000fc110000,0x00000000fcc00000)
  to   space 31744K, 0% used [0x00000000f8e00000,0x00000000f8e00000,0x00000000fad00000)
 ParOldGen       total 131584K, used 69353K [0x0000000081800000, 0x0000000089880000, 0x00000000d5d80000)
  object space 131584K, 52% used [0x0000000081800000,0x0000000085bba620,0x0000000089880000)
 Metaspace       used 17535K, capacity 17768K, committed 18048K, reserved 1064960K
  class space    used 1576K, capacity 1622K, committed 1664K, reserved 1048576K
}
Event: 31.149 GC heap before
{Heap before GC invocations=16 (full 1):
 PSYoungGen      total 585216K, used 573840K [0x00000000d5d80000, 0x00000000fcc00000, 0x0000000100000000)
  eden space 573952K, 99% used [0x00000000d5d80000,0x00000000f8dd4208,0x00000000f8e00000)
  from space 11264K, 0% used [0x00000000fc100000,0x00000000fc110000,0x00000000fcc00000)
  to   space 31744K, 0% used [0x00000000f8e00000,0x00000000f8e00000,0x00000000fad00000)
 ParOldGen       total 131584K, used 69353K [0x0000000081800000, 0x0000000089880000, 0x00000000d5d80000)
  object space 131584K, 52% used [0x0000000081800000,0x0000000085bba620,0x0000000089880000)
 Metaspace       used 17535K, capacity 17768K, committed 18048K, reserved 1064960K
  class space    used 1576K, capacity 1622K, committed 1664K, reserved 1048576K
Event: 31.150 GC heap after
Heap after GC invocations=16 (full 1):
 PSYoungGen      total 605696K, used 96K [0x00000000d5d80000, 0x0000000100000000, 0x0000000100000000)
  eden space 573952K, 0% used [0x00000000d5d80000,0x00000000d5d80000,0x00000000f8e00000)
  from space 31744K, 0% used [0x00000000f8e00000,0x00000000f8e18000,0x00000000fad00000)
  to   space 30208K, 0% used [0x00000000fe280000,0x00000000fe280000,0x0000000100000000)
 ParOldGen       total 131584K, used 69353K [0x0000000081800000, 0x0000000089880000, 0x00000000d5d80000)
  object space 131584K, 52% used [0x0000000081800000,0x0000000085bba620,0x0000000089880000)
 Metaspace       used 17535K, capacity 17768K, committed 18048K, reserved 1064960K
  class space    used 1576K, capacity 1622K, committed 1664K, reserved 1048576K
}

