# JRE version: Java(TM) SE Runtime Environment (8.0_121-b13) (build 1.8.0_121-b13)
# Java VM: Java HotSpot(TM) 64-Bit Server VM (25.121-b13 mixed mode windows-amd64 compressed oops)
Heap:
 PSYoungGen      total 70144K, used 64424K [0x00000000d5d80000, 0x00000000da880000, 0x0000000100000000)
  eden space 65024K, 91% used [0x00000000d5d80000,0x00000000d97b5e80,0x00000000d9d00000)
  from space 5120K, 94% used [0x00000000da380000,0x00000000da8342f0,0x00000000da880000)
  to   space 5120K, 0% used [0x00000000d9e80000,0x00000000d9e80000,0x00000000da380000)
 ParOldGen       total 131072K, used 61452K [0x0000000081800000, 0x0000000089800000, 0x00000000d5d80000)
  object space 131072K, 46% used [0x0000000081800000,0x0000000085403280,0x0000000089800000)
 Metaspace       used 15769K, capacity 16004K, committed 16128K, reserved 1064960K
  class space    used 1466K, capacity 1526K, committed 1536K, reserved 1048576K
GC Heap History (10 events):
Event: 2.148 GC heap before
{Heap before GC invocations=1 (full 0):
 PSYoungGen      total 38400K, used 33280K [0x00000000d5d80000, 0x00000000d8800000, 0x0000000100000000)
  eden space 33280K, 100% used [0x00000000d5d80000,0x00000000d7e00000,0x00000000d7e00000)
  from space 5120K, 0% used [0x00000000d8300000,0x00000000d8300000,0x00000000d8800000)
  to   space 5120K, 0% used [0x00000000d7e00000,0x00000000d7e00000,0x00000000d8300000)
 ParOldGen       total 87552K, used 0K [0x0000000081800000, 0x0000000086d80000, 0x00000000d5d80000)
  object space 87552K, 0% used [0x0000000081800000,0x0000000081800000,0x0000000086d80000)
 Metaspace       used 14849K, capacity 15040K, committed 15360K, reserved 1062912K
  class space    used 1374K, capacity 1460K, committed 1536K, reserved 1048576K
Event: 2.155 GC heap after
Heap after GC invocations=1 (full 0):
 PSYoungGen      total 38400K, used 5119K [0x00000000d5d80000, 0x00000000d8800000, 0x0000000100000000)
  eden space 33280K, 0% used [0x00000000d5d80000,0x00000000d5d80000,0x00000000d7e00000)
  from space 5120K, 99% used [0x00000000d7e00000,0x00000000d82ffcc0,0x00000000d8300000)
  to   space 5120K, 0% used [0x00000000d8300000,0x00000000d8300000,0x00000000d8800000)
 ParOldGen       total 87552K, used 30K [0x0000000081800000, 0x0000000086d80000, 0x00000000d5d80000)
  object space 87552K, 0% used [0x0000000081800000,0x00000000818079c8,0x0000000086d80000)
 Metaspace       used 14849K, capacity 15040K, committed 15360K, reserved 1062912K
  class space    used 1374K, capacity 1460K, committed 1536K, reserved 1048576K
}
Event: 2.322 GC heap before
{Heap before GC invocations=2 (full 0):
 PSYoungGen      total 38400K, used 33117K [0x00000000d5d80000, 0x00000000d8800000, 0x0000000100000000)
  eden space 33280K, 84% used [0x00000000d5d80000,0x00000000d78d7a40,0x00000000d7e00000)
  from space 5120K, 99% used [0x00000000d7e00000,0x00000000d82ffcc0,0x00000000d8300000)
  to   space 5120K, 0% used [0x00000000d8300000,0x00000000d8300000,0x00000000d8800000)
 ParOldGen       total 87552K, used 30K [0x0000000081800000, 0x0000000086d80000, 0x00000000d5d80000)
  object space 87552K, 0% used [0x0000000081800000,0x00000000818079c8,0x0000000086d80000)
 Metaspace       used 15508K, capacity 15748K, committed 15872K, reserved 1062912K
  class space    used 1450K, capacity 1526K, committed 1536K, reserved 1048576K
Event: 2.331 GC heap after
Heap after GC invocations=2 (full 0):
 PSYoungGen      total 38400K, used 5113K [0x00000000d5d80000, 0x00000000da880000, 0x0000000100000000)
  eden space 33280K, 0% used [0x00000000d5d80000,0x00000000d5d80000,0x00000000d7e00000)
  from space 5120K, 99% used [0x00000000d8300000,0x00000000d87fe7f8,0x00000000d8800000)
  to   space 5120K, 0% used [0x00000000d7e00000,0x00000000d7e00000,0x00000000d8300000)
 ParOldGen       total 87552K, used 17088K [0x0000000081800000, 0x0000000086d80000, 0x00000000d5d80000)
  object space 87552K, 19% used [0x0000000081800000,0x00000000828b03c0,0x0000000086d80000)
 Metaspace       used 15508K, capacity 15748K, committed 15872K, reserved 1062912K
  class space    used 1450K, capacity 1526K, committed 1536K, reserved 1048576K
}
Event: 2.334 GC heap before
{Heap before GC invocations=3 (full 0):
 PSYoungGen      total 38400K, used 38108K [0x00000000d5d80000, 0x00000000da880000, 0x0000000100000000)
  eden space 33280K, 99% used [0x00000000d5d80000,0x00000000d7db8a70,0x00000000d7e00000)
  from space 5120K, 99% used [0x00000000d8300000,0x00000000d87fe7f8,0x00000000d8800000)
  to   space 5120K, 0% used [0x00000000d7e00000,0x00000000d7e00000,0x00000000d8300000)
 ParOldGen       total 87552K, used 17088K [0x0000000081800000, 0x0000000086d80000, 0x00000000d5d80000)
  object space 87552K, 19% used [0x0000000081800000,0x00000000828b03c0,0x0000000086d80000)
 Metaspace       used 15509K, capacity 15748K, committed 15872K, reserved 1062912K
  class space    used 1450K, capacity 1526K, committed 1536K, reserved 1048576K
Event: 2.345 GC heap after
Heap after GC invocations=3 (full 0):
 PSYoungGen      total 38400K, used 5093K [0x00000000d5d80000, 0x00000000da880000, 0x0000000100000000)
  eden space 33280K, 0% used [0x00000000d5d80000,0x00000000d5d80000,0x00000000d7e00000)
  from space 5120K, 99% used [0x00000000d7e00000,0x00000000d82f9418,0x00000000d8300000)
  to   space 5120K, 0% used [0x00000000da380000,0x00000000da380000,0x00000000da880000)
 ParOldGen       total 87552K, used 50030K [0x0000000081800000, 0x0000000086d80000, 0x00000000d5d80000)
  object space 87552K, 57% used [0x0000000081800000,0x00000000848db9e0,0x0000000086d80000)
 Metaspace       used 15509K, capacity 15748K, committed 15872K, reserved 1062912K
  class space    used 1450K, capacity 1526K, committed 1536K, reserved 1048576K
}
Event: 2.345 GC heap before
{Heap before GC invocations=4 (full 1):
 PSYoungGen      total 38400K, used 5093K [0x00000000d5d80000, 0x00000000da880000, 0x0000000100000000)
  eden space 33280K, 0% used [0x00000000d5d80000,0x00000000d5d80000,0x00000000d7e00000)
  from space 5120K, 99% used [0x00000000d7e00000,0x00000000d82f9418,0x00000000d8300000)
  to   space 5120K, 0% used [0x00000000da380000,0x00000000da380000,0x00000000da880000)
 ParOldGen       total 87552K, used 50030K [0x0000000081800000, 0x0000000086d80000, 0x00000000d5d80000)
  object space 87552K, 57% used [0x0000000081800000,0x00000000848db9e0,0x0000000086d80000)
 Metaspace       used 15509K, capacity 15748K, committed 15872K, reserved 1062912K
  class space    used 1450K, capacity 1526K, committed 1536K, reserved 1048576K
Event: 2.374 GC heap after
Heap after GC invocations=4 (full 1):
 PSYoungGen      total 38400K, used 0K [0x00000000d5d80000, 0x00000000da880000, 0x0000000100000000)
  eden space 33280K, 0% used [0x00000000d5d80000,0x00000000d5d80000,0x00000000d7e00000)
  from space 5120K, 0% used [0x00000000d7e00000,0x00000000d7e00000,0x00000000d8300000)
  to   space 5120K, 0% used [0x00000000da380000,0x00000000da380000,0x00000000da880000)
 ParOldGen       total 131072K, used 54660K [0x0000000081800000, 0x0000000089800000, 0x00000000d5d80000)
  object space 131072K, 41% used [0x0000000081800000,0x0000000084d61200,0x0000000089800000)
 Metaspace       used 15509K, capacity 15748K, committed 15872K, reserved 1062912K
  class space    used 1450K, capacity 1526K, committed 1536K, reserved 1048576K
}
Event: 2.599 GC heap before
{Heap before GC invocations=5 (full 1):
 PSYoungGen      total 38400K, used 32678K [0x00000000d5d80000, 0x00000000da880000, 0x0000000100000000)
  eden space 33280K, 98% used [0x00000000d5d80000,0x00000000d7d69878,0x00000000d7e00000)
  from space 5120K, 0% used [0x00000000d7e00000,0x00000000d7e00000,0x00000000d8300000)
  to   space 5120K, 0% used [0x00000000da380000,0x00000000da380000,0x00000000da880000)
 ParOldGen       total 131072K, used 54660K [0x0000000081800000, 0x0000000089800000, 0x00000000d5d80000)
  object space 131072K, 41% used [0x0000000081800000,0x0000000084d61200,0x0000000089800000)
 Metaspace       used 15747K, capacity 16004K, committed 16128K, reserved 1064960K
  class space    used 1466K, capacity 1526K, committed 1536K, reserved 1048576K
Event: 2.602 GC heap after
Heap after GC invocations=5 (full 1):
 PSYoungGen      total 70144K, used 4816K [0x00000000d5d80000, 0x00000000da880000, 0x0000000100000000)
  eden space 65024K, 0% used [0x00000000d5d80000,0x00000000d5d80000,0x00000000d9d00000)
  from space 5120K, 94% used [0x00000000da380000,0x00000000da8342f0,0x00000000da880000)
  to   space 5120K, 0% used [0x00000000d9e80000,0x00000000d9e80000,0x00000000da380000)
 ParOldGen       total 131072K, used 61452K [0x0000000081800000, 0x0000000089800000, 0x00000000d5d80000)
  object space 131072K, 46% used [0x0000000081800000,0x0000000085403280,0x0000000089800000)
 Metaspace       used 15747K, capacity 16004K, committed 16128K, reserved 1064960K
  class space    used 1466K, capacity 1526K, committed 1536K, reserved 1048576K
}

