# JRE version: Java(TM) SE Runtime Environment (8.0_121-b13) (build 1.8.0_121-b13)
# Java VM: Java HotSpot(TM) 64-Bit Server VM (25.121-b13 mixed mode windows-amd64 compressed oops)
Heap:
 PSYoungGen      total 171520K, used 91422K [0x00000000d5d80000, 0x00000000ea100000, 0x0000000100000000)
  eden space 130048K, 66% used [0x00000000d5d80000,0x00000000db1c9a60,0x00000000ddc80000)
  from space 41472K, 12% used [0x00000000ddc80000,0x00000000de17e070,0x00000000e0500000)
  to   space 39936K, 0% used [0x00000000e7a00000,0x00000000e7a00000,0x00000000ea100000)
 ParOldGen       total 130560K, used 62849K [0x0000000081800000, 0x0000000089780000, 0x00000000d5d80000)
  object space 130560K, 48% used [0x0000000081800000,0x0000000085560708,0x0000000089780000)
 Metaspace       used 15928K, capacity 16132K, committed 16384K, reserved 1064960K
  class space    used 1473K, capacity 1526K, committed 1536K, reserved 1048576K
GC Heap History (10 events):
Event: 5.320 GC heap before
{Heap before GC invocations=4 (full 1):
 PSYoungGen      total 38400K, used 5109K [0x00000000d5d80000, 0x00000000da880000, 0x0000000100000000)
  eden space 33280K, 0% used [0x00000000d5d80000,0x00000000d5d80000,0x00000000d7e00000)
  from space 5120K, 99% used [0x00000000d7e00000,0x00000000d82fd428,0x00000000d8300000)
  to   space 5120K, 0% used [0x00000000da380000,0x00000000da380000,0x00000000da880000)
 ParOldGen       total 87552K, used 50052K [0x0000000081800000, 0x0000000086d80000, 0x00000000d5d80000)
  object space 87552K, 57% used [0x0000000081800000,0x00000000848e11e0,0x0000000086d80000)
 Metaspace       used 15533K, capacity 15748K, committed 15872K, reserved 1062912K
  class space    used 1457K, capacity 1526K, committed 1536K, reserved 1048576K
Event: 5.353 GC heap after
Heap after GC invocations=4 (full 1):
 PSYoungGen      total 38400K, used 0K [0x00000000d5d80000, 0x00000000da880000, 0x0000000100000000)
  eden space 33280K, 0% used [0x00000000d5d80000,0x00000000d5d80000,0x00000000d7e00000)
  from space 5120K, 0% used [0x00000000d7e00000,0x00000000d7e00000,0x00000000d8300000)
  to   space 5120K, 0% used [0x00000000da380000,0x00000000da380000,0x00000000da880000)
 ParOldGen       total 130560K, used 54664K [0x0000000081800000, 0x0000000089780000, 0x00000000d5d80000)
  object space 130560K, 41% used [0x0000000081800000,0x0000000084d62268,0x0000000089780000)
 Metaspace       used 15533K, capacity 15748K, committed 15872K, reserved 1062912K
  class space    used 1457K, capacity 1526K, committed 1536K, reserved 1048576K
}
Event: 6.105 GC heap before
{Heap before GC invocations=5 (full 1):
 PSYoungGen      total 38400K, used 32664K [0x00000000d5d80000, 0x00000000da880000, 0x0000000100000000)
  eden space 33280K, 98% used [0x00000000d5d80000,0x00000000d7d66328,0x00000000d7e00000)
  from space 5120K, 0% used [0x00000000d7e00000,0x00000000d7e00000,0x00000000d8300000)
  to   space 5120K, 0% used [0x00000000da380000,0x00000000da380000,0x00000000da880000)
 ParOldGen       total 130560K, used 54664K [0x0000000081800000, 0x0000000089780000, 0x00000000d5d80000)
  object space 130560K, 41% used [0x0000000081800000,0x0000000084d62268,0x0000000089780000)
 Metaspace       used 15774K, capacity 16004K, committed 16128K, reserved 1064960K
  class space    used 1473K, capacity 1526K, committed 1536K, reserved 1048576K
Event: 6.108 GC heap after
Heap after GC invocations=5 (full 1):
 PSYoungGen      total 71168K, used 5112K [0x00000000d5d80000, 0x00000000da880000, 0x0000000100000000)
  eden space 66048K, 0% used [0x00000000d5d80000,0x00000000d5d80000,0x00000000d9e00000)
  from space 5120K, 99% used [0x00000000da380000,0x00000000da87e070,0x00000000da880000)
  to   space 5120K, 0% used [0x00000000d9e80000,0x00000000d9e80000,0x00000000da380000)
 ParOldGen       total 130560K, used 61129K [0x0000000081800000, 0x0000000089780000, 0x00000000d5d80000)
  object space 130560K, 46% used [0x0000000081800000,0x00000000853b26e8,0x0000000089780000)
 Metaspace       used 15774K, capacity 16004K, committed 16128K, reserved 1064960K
  class space    used 1473K, capacity 1526K, committed 1536K, reserved 1048576K
}
Event: 7.254 GC heap before
{Heap before GC invocations=6 (full 1):
 PSYoungGen      total 71168K, used 70981K [0x00000000d5d80000, 0x00000000da880000, 0x0000000100000000)
  eden space 66048K, 99% used [0x00000000d5d80000,0x00000000d9dd36f0,0x00000000d9e00000)
  from space 5120K, 99% used [0x00000000da380000,0x00000000da87e070,0x00000000da880000)
  to   space 5120K, 0% used [0x00000000d9e80000,0x00000000d9e80000,0x00000000da380000)
 ParOldGen       total 130560K, used 61129K [0x0000000081800000, 0x0000000089780000, 0x00000000d5d80000)
  object space 130560K, 46% used [0x0000000081800000,0x00000000853b26e8,0x0000000089780000)
 Metaspace       used 15791K, capacity 16004K, committed 16128K, reserved 1064960K
  class space    used 1473K, capacity 1526K, committed 1536K, reserved 1048576K
Event: 7.257 GC heap after
Heap after GC invocations=6 (full 1):
 PSYoungGen      total 71680K, used 5112K [0x00000000d5d80000, 0x00000000e3000000, 0x0000000100000000)
  eden space 66560K, 0% used [0x00000000d5d80000,0x00000000d5d80000,0x00000000d9e80000)
  from space 5120K, 99% used [0x00000000d9e80000,0x00000000da37e070,0x00000000da380000)
  to   space 43008K, 0% used [0x00000000e0600000,0x00000000e0600000,0x00000000e3000000)
 ParOldGen       total 130560K, used 62833K [0x0000000081800000, 0x0000000089780000, 0x00000000d5d80000)
  object space 130560K, 48% used [0x0000000081800000,0x000000008555c708,0x0000000089780000)
 Metaspace       used 15791K, capacity 16004K, committed 16128K, reserved 1064960K
  class space    used 1473K, capacity 1526K, committed 1536K, reserved 1048576K
}
Event: 8.564 GC heap before
{Heap before GC invocations=7 (full 1):
 PSYoungGen      total 71680K, used 71103K [0x00000000d5d80000, 0x00000000e3000000, 0x0000000100000000)
  eden space 66560K, 99% used [0x00000000d5d80000,0x00000000d9df1d80,0x00000000d9e80000)
  from space 5120K, 99% used [0x00000000d9e80000,0x00000000da37e070,0x00000000da380000)
  to   space 43008K, 0% used [0x00000000e0600000,0x00000000e0600000,0x00000000e3000000)
 ParOldGen       total 130560K, used 62833K [0x0000000081800000, 0x0000000089780000, 0x00000000d5d80000)
  object space 130560K, 48% used [0x0000000081800000,0x000000008555c708,0x0000000089780000)
 Metaspace       used 15830K, capacity 16004K, committed 16128K, reserved 1064960K
  class space    used 1473K, capacity 1526K, committed 1536K, reserved 1048576K
Event: 8.567 GC heap after
Heap after GC invocations=7 (full 1):
 PSYoungGen      total 170496K, used 5112K [0x00000000d5d80000, 0x00000000e2d80000, 0x0000000100000000)
  eden space 130048K, 0% used [0x00000000d5d80000,0x00000000d5d80000,0x00000000ddc80000)
  from space 40448K, 12% used [0x00000000e0600000,0x00000000e0afe070,0x00000000e2d80000)
  to   space 41472K, 0% used [0x00000000ddc80000,0x00000000ddc80000,0x00000000e0500000)
 ParOldGen       total 130560K, used 62841K [0x0000000081800000, 0x0000000089780000, 0x00000000d5d80000)
  object space 130560K, 48% used [0x0000000081800000,0x000000008555e708,0x0000000089780000)
 Metaspace       used 15830K, capacity 16004K, committed 16128K, reserved 1064960K
  class space    used 1473K, capacity 1526K, committed 1536K, reserved 1048576K
}
Event: 11.142 GC heap before
{Heap before GC invocations=8 (full 1):
 PSYoungGen      total 170496K, used 134853K [0x00000000d5d80000, 0x00000000e2d80000, 0x0000000100000000)
  eden space 130048K, 99% used [0x00000000d5d80000,0x00000000ddc33470,0x00000000ddc80000)
  from space 40448K, 12% used [0x00000000e0600000,0x00000000e0afe070,0x00000000e2d80000)
  to   space 41472K, 0% used [0x00000000ddc80000,0x00000000ddc80000,0x00000000e0500000)
 ParOldGen       total 130560K, used 62841K [0x0000000081800000, 0x0000000089780000, 0x00000000d5d80000)
  object space 130560K, 48% used [0x0000000081800000,0x000000008555e708,0x0000000089780000)
 Metaspace       used 15911K, capacity 16132K, committed 16384K, reserved 1064960K
  class space    used 1473K, capacity 1526K, committed 1536K, reserved 1048576K
Event: 11.145 GC heap after
Heap after GC invocations=8 (full 1):
 PSYoungGen      total 171520K, used 5112K [0x00000000d5d80000, 0x00000000ea100000, 0x0000000100000000)
  eden space 130048K, 0% used [0x00000000d5d80000,0x00000000d5d80000,0x00000000ddc80000)
  from space 41472K, 12% used [0x00000000ddc80000,0x00000000de17e070,0x00000000e0500000)
  to   space 39936K, 0% used [0x00000000e7a00000,0x00000000e7a00000,0x00000000ea100000)
 ParOldGen       total 130560K, used 62849K [0x0000000081800000, 0x0000000089780000, 0x00000000d5d80000)
  object space 130560K, 48% used [0x0000000081800000,0x0000000085560708,0x0000000089780000)
 Metaspace       used 15911K, capacity 16132K, committed 16384K, reserved 1064960K
  class space    used 1473K, capacity 1526K, committed 1536K, reserved 1048576K
}

