# JRE version: Java(TM) SE Runtime Environment (8.0_121-b13) (build 1.8.0_121-b13)
# Java VM: Java HotSpot(TM) 64-Bit Server VM (25.121-b13 mixed mode windows-amd64 compressed oops)
Heap:
 PSYoungGen      total 272384K, used 154054K [0x00000000d5d80000, 0x00000000ef980000, 0x0000000100000000)
  eden space 233472K, 65% used [0x00000000d5d80000,0x00000000df3e1928,0x00000000e4180000)
  from space 38912K, 0% used [0x00000000e4180000,0x00000000e4190000,0x00000000e6780000)
  to   space 37888K, 0% used [0x00000000ed480000,0x00000000ed480000,0x00000000ef980000)
 ParOldGen       total 131584K, used 67923K [0x0000000081800000, 0x0000000089880000, 0x00000000d5d80000)
  object space 131584K, 51% used [0x0000000081800000,0x0000000085a54e68,0x0000000089880000)
 Metaspace       used 16154K, capacity 16388K, committed 16640K, reserved 1064960K
  class space    used 1466K, capacity 1526K, committed 1536K, reserved 1048576K
GC Heap History (10 events):
Event: 3.694 GC heap before
{Heap before GC invocations=6 (full 1):
 PSYoungGen      total 70144K, used 70105K [0x00000000d5d80000, 0x00000000da880000, 0x0000000100000000)
  eden space 65024K, 99% used [0x00000000d5d80000,0x00000000d9cf8738,0x00000000d9d00000)
  from space 5120K, 99% used [0x00000000da380000,0x00000000da87e070,0x00000000da880000)
  to   space 5120K, 0% used [0x00000000d9e80000,0x00000000d9e80000,0x00000000da380000)
 ParOldGen       total 131584K, used 61126K [0x0000000081800000, 0x0000000089880000, 0x00000000d5d80000)
  object space 131584K, 46% used [0x0000000081800000,0x00000000853b18b8,0x0000000089880000)
 Metaspace       used 15760K, capacity 16004K, committed 16128K, reserved 1064960K
  class space    used 1466K, capacity 1526K, committed 1536K, reserved 1048576K
Event: 3.698 GC heap after
Heap after GC invocations=6 (full 1):
 PSYoungGen      total 71680K, used 5112K [0x00000000d5d80000, 0x00000000e2b00000, 0x0000000100000000)
  eden space 66560K, 0% used [0x00000000d5d80000,0x00000000d5d80000,0x00000000d9e80000)
  from space 5120K, 99% used [0x00000000d9e80000,0x00000000da37e070,0x00000000da380000)
  to   space 42496K, 0% used [0x00000000e0180000,0x00000000e0180000,0x00000000e2b00000)
 ParOldGen       total 131584K, used 62830K [0x0000000081800000, 0x0000000089880000, 0x00000000d5d80000)
  object space 131584K, 47% used [0x0000000081800000,0x000000008555b8d8,0x0000000089880000)
 Metaspace       used 15760K, capacity 16004K, committed 16128K, reserved 1064960K
  class space    used 1466K, capacity 1526K, committed 1536K, reserved 1048576K
}
Event: 4.330 GC heap before
{Heap before GC invocations=7 (full 1):
 PSYoungGen      total 71680K, used 71132K [0x00000000d5d80000, 0x00000000e2b00000, 0x0000000100000000)
  eden space 66560K, 99% used [0x00000000d5d80000,0x00000000d9df9230,0x00000000d9e80000)
  from space 5120K, 99% used [0x00000000d9e80000,0x00000000da37e070,0x00000000da380000)
  to   space 42496K, 0% used [0x00000000e0180000,0x00000000e0180000,0x00000000e2b00000)
 ParOldGen       total 131584K, used 62830K [0x0000000081800000, 0x0000000089880000, 0x00000000d5d80000)
  object space 131584K, 47% used [0x0000000081800000,0x000000008555b8d8,0x0000000089880000)
 Metaspace       used 15801K, capacity 16004K, committed 16128K, reserved 1064960K
  class space    used 1466K, capacity 1526K, committed 1536K, reserved 1048576K
Event: 4.342 GC heap after
Heap after GC invocations=7 (full 1):
 PSYoungGen      total 168448K, used 5112K [0x00000000d5d80000, 0x00000000e2a80000, 0x0000000100000000)
  eden space 126464K, 0% used [0x00000000d5d80000,0x00000000d5d80000,0x00000000dd900000)
  from space 41984K, 12% used [0x00000000e0180000,0x00000000e067e070,0x00000000e2a80000)
  to   space 41472K, 0% used [0x00000000dd900000,0x00000000dd900000,0x00000000e0180000)
 ParOldGen       total 131584K, used 62838K [0x0000000081800000, 0x0000000089880000, 0x00000000d5d80000)
  object space 131584K, 47% used [0x0000000081800000,0x000000008555d8d8,0x0000000089880000)
 Metaspace       used 15801K, capacity 16004K, committed 16128K, reserved 1064960K
  class space    used 1466K, capacity 1526K, committed 1536K, reserved 1048576K
}
Event: 5.559 GC heap before
{Heap before GC invocations=8 (full 1):
 PSYoungGen      total 168448K, used 131078K [0x00000000d5d80000, 0x00000000e2a80000, 0x0000000100000000)
  eden space 126464K, 99% used [0x00000000d5d80000,0x00000000dd883ab0,0x00000000dd900000)
  from space 41984K, 12% used [0x00000000e0180000,0x00000000e067e070,0x00000000e2a80000)
  to   space 41472K, 0% used [0x00000000dd900000,0x00000000dd900000,0x00000000e0180000)
 ParOldGen       total 131584K, used 62838K [0x0000000081800000, 0x0000000089880000, 0x00000000d5d80000)
  object space 131584K, 47% used [0x0000000081800000,0x000000008555d8d8,0x0000000089880000)
 Metaspace       used 15882K, capacity 16132K, committed 16384K, reserved 1064960K
  class space    used 1466K, capacity 1526K, committed 1536K, reserved 1048576K
Event: 5.562 GC heap after
Heap after GC invocations=8 (full 1):
 PSYoungGen      total 167936K, used 5080K [0x00000000d5d80000, 0x00000000e9380000, 0x0000000100000000)
  eden space 126464K, 0% used [0x00000000d5d80000,0x00000000d5d80000,0x00000000dd900000)
  from space 41472K, 12% used [0x00000000dd900000,0x00000000dddf6070,0x00000000e0180000)
  to   space 39936K, 0% used [0x00000000e6c80000,0x00000000e6c80000,0x00000000e9380000)
 ParOldGen       total 131584K, used 62846K [0x0000000081800000, 0x0000000089880000, 0x00000000d5d80000)
  object space 131584K, 47% used [0x0000000081800000,0x000000008555f8d8,0x0000000089880000)
 Metaspace       used 15882K, capacity 16132K, committed 16384K, reserved 1064960K
  class space    used 1466K, capacity 1526K, committed 1536K, reserved 1048576K
}
Event: 6.792 GC heap before
{Heap before GC invocations=9 (full 1):
 PSYoungGen      total 167936K, used 131365K [0x00000000d5d80000, 0x00000000e9380000, 0x0000000100000000)
  eden space 126464K, 99% used [0x00000000d5d80000,0x00000000dd8d34a8,0x00000000dd900000)
  from space 41472K, 12% used [0x00000000dd900000,0x00000000dddf6070,0x00000000e0180000)
  to   space 39936K, 0% used [0x00000000e6c80000,0x00000000e6c80000,0x00000000e9380000)
 ParOldGen       total 131584K, used 62846K [0x0000000081800000, 0x0000000089880000, 0x00000000d5d80000)
  object space 131584K, 47% used [0x0000000081800000,0x000000008555f8d8,0x0000000089880000)
 Metaspace       used 15917K, capacity 16132K, committed 16384K, reserved 1064960K
  class space    used 1466K, capacity 1526K, committed 1536K, reserved 1048576K
Event: 6.794 GC heap after
Heap after GC invocations=9 (full 1):
 PSYoungGen      total 267264K, used 1792K [0x00000000d5d80000, 0x00000000e8d80000, 0x0000000100000000)
  eden space 233472K, 0% used [0x00000000d5d80000,0x00000000d5d80000,0x00000000e4180000)
  from space 33792K, 5% used [0x00000000e6c80000,0x00000000e6e40020,0x00000000e8d80000)
  to   space 38912K, 0% used [0x00000000e4180000,0x00000000e4180000,0x00000000e6780000)
 ParOldGen       total 131584K, used 66195K [0x0000000081800000, 0x0000000089880000, 0x00000000d5d80000)
  object space 131584K, 50% used [0x0000000081800000,0x00000000858a4e48,0x0000000089880000)
 Metaspace       used 15917K, capacity 16132K, committed 16384K, reserved 1064960K
  class space    used 1466K, capacity 1526K, committed 1536K, reserved 1048576K
}
Event: 9.057 GC heap before
{Heap before GC invocations=10 (full 1):
 PSYoungGen      total 267264K, used 235264K [0x00000000d5d80000, 0x00000000e8d80000, 0x0000000100000000)
  eden space 233472K, 100% used [0x00000000d5d80000,0x00000000e4180000,0x00000000e4180000)
  from space 33792K, 5% used [0x00000000e6c80000,0x00000000e6e40020,0x00000000e8d80000)
  to   space 38912K, 0% used [0x00000000e4180000,0x00000000e4180000,0x00000000e6780000)
 ParOldGen       total 131584K, used 66195K [0x0000000081800000, 0x0000000089880000, 0x00000000d5d80000)
  object space 131584K, 50% used [0x0000000081800000,0x00000000858a4e48,0x0000000089880000)
 Metaspace       used 16076K, capacity 16260K, committed 16384K, reserved 1064960K
  class space    used 1466K, capacity 1526K, committed 1536K, reserved 1048576K
Event: 9.059 GC heap after
Heap after GC invocations=10 (full 1):
 PSYoungGen      total 272384K, used 64K [0x00000000d5d80000, 0x00000000ef980000, 0x0000000100000000)
  eden space 233472K, 0% used [0x00000000d5d80000,0x00000000d5d80000,0x00000000e4180000)
  from space 38912K, 0% used [0x00000000e4180000,0x00000000e4190000,0x00000000e6780000)
  to   space 37888K, 0% used [0x00000000ed480000,0x00000000ed480000,0x00000000ef980000)
 ParOldGen       total 131584K, used 67923K [0x0000000081800000, 0x0000000089880000, 0x00000000d5d80000)
  object space 131584K, 51% used [0x0000000081800000,0x0000000085a54e68,0x0000000089880000)
 Metaspace       used 16076K, capacity 16260K, committed 16384K, reserved 1064960K
  class space    used 1466K, capacity 1526K, committed 1536K, reserved 1048576K
}

