# JRE version: Java(TM) SE Runtime Environment (8.0_121-b13) (build 1.8.0_121-b13)
# Java VM: Java HotSpot(TM) 64-Bit Server VM (25.121-b13 mixed mode windows-amd64 compressed oops)
Heap:
 PSYoungGen      total 482816K, used 438124K [0x00000000d5d80000, 0x00000000f6480000, 0x0000000100000000)
  eden space 461824K, 94% used [0x00000000d5d80000,0x00000000f094b118,0x00000000f2080000)
  from space 20992K, 0% used [0x00000000f5000000,0x00000000f5010000,0x00000000f6480000)
  to   space 34816K, 0% used [0x00000000f2080000,0x00000000f2080000,0x00000000f4280000)
 ParOldGen       total 131584K, used 69139K [0x0000000081800000, 0x0000000089880000, 0x00000000d5d80000)
  object space 131584K, 52% used [0x0000000081800000,0x0000000085b84c80,0x0000000089880000)
 Metaspace       used 17543K, capacity 17768K, committed 18048K, reserved 1064960K
  class space    used 1578K, capacity 1622K, committed 1664K, reserved 1048576K
GC Heap History (10 events):
Event: 14.565 GC heap before
{Heap before GC invocations=9 (full 1):
 PSYoungGen      total 167424K, used 132191K [0x00000000d5d80000, 0x00000000e9180000, 0x0000000100000000)
  eden space 126464K, 99% used [0x00000000d5d80000,0x00000000dd875e78,0x00000000dd900000)
  from space 40960K, 15% used [0x00000000dd900000,0x00000000ddf21e00,0x00000000e0100000)
  to   space 39424K, 0% used [0x00000000e6b00000,0x00000000e6b00000,0x00000000e9180000)
 ParOldGen       total 131584K, used 62837K [0x0000000081800000, 0x0000000089880000, 0x00000000d5d80000)
  object space 131584K, 47% used [0x0000000081800000,0x000000008555d670,0x0000000089880000)
 Metaspace       used 17313K, capacity 17512K, committed 17792K, reserved 1064960K
  class space    used 1578K, capacity 1622K, committed 1664K, reserved 1048576K
Event: 14.572 GC heap after
Heap after GC invocations=9 (full 1):
 PSYoungGen      total 265728K, used 2927K [0x00000000d5d80000, 0x00000000e8b80000, 0x0000000100000000)
  eden space 232448K, 0% used [0x00000000d5d80000,0x00000000d5d80000,0x00000000e4080000)
  from space 33280K, 8% used [0x00000000e6b00000,0x00000000e6ddbdb0,0x00000000e8b80000)
  to   space 38400K, 0% used [0x00000000e4080000,0x00000000e4080000,0x00000000e6600000)
 ParOldGen       total 131584K, used 66197K [0x0000000081800000, 0x0000000089880000, 0x00000000d5d80000)
  object space 131584K, 50% used [0x0000000081800000,0x00000000858a5620,0x0000000089880000)
 Metaspace       used 17313K, capacity 17512K, committed 17792K, reserved 1064960K
  class space    used 1578K, capacity 1622K, committed 1664K, reserved 1048576K
}
Event: 19.122 GC heap before
{Heap before GC invocations=10 (full 1):
 PSYoungGen      total 265728K, used 235068K [0x00000000d5d80000, 0x00000000e8b80000, 0x0000000100000000)
  eden space 232448K, 99% used [0x00000000d5d80000,0x00000000e40333f0,0x00000000e4080000)
  from space 33280K, 8% used [0x00000000e6b00000,0x00000000e6ddbdb0,0x00000000e8b80000)
  to   space 38400K, 0% used [0x00000000e4080000,0x00000000e4080000,0x00000000e6600000)
 ParOldGen       total 131584K, used 66197K [0x0000000081800000, 0x0000000089880000, 0x00000000d5d80000)
  object space 131584K, 50% used [0x0000000081800000,0x00000000858a5620,0x0000000089880000)
 Metaspace       used 17410K, capacity 17576K, committed 17792K, reserved 1064960K
  class space    used 1578K, capacity 1622K, committed 1664K, reserved 1048576K
Event: 19.127 GC heap after
Heap after GC invocations=10 (full 1):
 PSYoungGen      total 270848K, used 128K [0x00000000d5d80000, 0x00000000ef700000, 0x0000000100000000)
  eden space 232448K, 0% used [0x00000000d5d80000,0x00000000d5d80000,0x00000000e4080000)
  from space 38400K, 0% used [0x00000000e4080000,0x00000000e40a0000,0x00000000e6600000)
  to   space 37888K, 0% used [0x00000000ed200000,0x00000000ed200000,0x00000000ef700000)
 ParOldGen       total 131584K, used 69027K [0x0000000081800000, 0x0000000089880000, 0x00000000d5d80000)
  object space 131584K, 52% used [0x0000000081800000,0x0000000085b68c80,0x0000000089880000)
 Metaspace       used 17410K, capacity 17576K, committed 17792K, reserved 1064960K
  class space    used 1578K, capacity 1622K, committed 1664K, reserved 1048576K
}
Event: 23.707 GC heap before
{Heap before GC invocations=11 (full 1):
 PSYoungGen      total 270848K, used 231882K [0x00000000d5d80000, 0x00000000ef700000, 0x0000000100000000)
  eden space 232448K, 99% used [0x00000000d5d80000,0x00000000e3fd28c8,0x00000000e4080000)
  from space 38400K, 0% used [0x00000000e4080000,0x00000000e40a0000,0x00000000e6600000)
  to   space 37888K, 0% used [0x00000000ed200000,0x00000000ed200000,0x00000000ef700000)
 ParOldGen       total 131584K, used 69027K [0x0000000081800000, 0x0000000089880000, 0x00000000d5d80000)
  object space 131584K, 52% used [0x0000000081800000,0x0000000085b68c80,0x0000000089880000)
 Metaspace       used 17486K, capacity 17640K, committed 17792K, reserved 1064960K
  class space    used 1578K, capacity 1622K, committed 1664K, reserved 1048576K
Event: 23.709 GC heap after
Heap after GC invocations=11 (full 1):
 PSYoungGen      total 365056K, used 64K [0x00000000d5d80000, 0x00000000eee00000, 0x0000000100000000)
  eden space 336384K, 0% used [0x00000000d5d80000,0x00000000d5d80000,0x00000000ea600000)
  from space 28672K, 0% used [0x00000000ed200000,0x00000000ed210000,0x00000000eee00000)
  to   space 36864K, 0% used [0x00000000ea600000,0x00000000ea600000,0x00000000eca00000)
 ParOldGen       total 131584K, used 69091K [0x0000000081800000, 0x0000000089880000, 0x00000000d5d80000)
  object space 131584K, 52% used [0x0000000081800000,0x0000000085b78c80,0x0000000089880000)
 Metaspace       used 17486K, capacity 17640K, committed 17792K, reserved 1064960K
  class space    used 1578K, capacity 1622K, committed 1664K, reserved 1048576K
}
Event: 30.321 GC heap before
{Heap before GC invocations=12 (full 1):
 PSYoungGen      total 365056K, used 335923K [0x00000000d5d80000, 0x00000000eee00000, 0x0000000100000000)
  eden space 336384K, 99% used [0x00000000d5d80000,0x00000000ea57ce90,0x00000000ea600000)
  from space 28672K, 0% used [0x00000000ed200000,0x00000000ed210000,0x00000000eee00000)
  to   space 36864K, 0% used [0x00000000ea600000,0x00000000ea600000,0x00000000eca00000)
 ParOldGen       total 131584K, used 69091K [0x0000000081800000, 0x0000000089880000, 0x00000000d5d80000)
  object space 131584K, 52% used [0x0000000081800000,0x0000000085b78c80,0x0000000089880000)
 Metaspace       used 17538K, capacity 17768K, committed 18048K, reserved 1064960K
  class space    used 1578K, capacity 1622K, committed 1664K, reserved 1048576K
Event: 30.324 GC heap after
Heap after GC invocations=12 (full 1):
 PSYoungGen      total 373248K, used 64K [0x00000000d5d80000, 0x00000000f7300000, 0x0000000100000000)
  eden space 336384K, 0% used [0x00000000d5d80000,0x00000000d5d80000,0x00000000ea600000)
  from space 36864K, 0% used [0x00000000ea600000,0x00000000ea610000,0x00000000eca00000)
  to   space 35840K, 0% used [0x00000000f5000000,0x00000000f5000000,0x00000000f7300000)
 ParOldGen       total 131584K, used 69115K [0x0000000081800000, 0x0000000089880000, 0x00000000d5d80000)
  object space 131584K, 52% used [0x0000000081800000,0x0000000085b7ec80,0x0000000089880000)
 Metaspace       used 17538K, capacity 17768K, committed 18048K, reserved 1064960K
  class space    used 1578K, capacity 1622K, committed 1664K, reserved 1048576K
}
Event: 36.832 GC heap before
{Heap before GC invocations=13 (full 1):
 PSYoungGen      total 373248K, used 336082K [0x00000000d5d80000, 0x00000000f7300000, 0x0000000100000000)
  eden space 336384K, 99% used [0x00000000d5d80000,0x00000000ea5a48d0,0x00000000ea600000)
  from space 36864K, 0% used [0x00000000ea600000,0x00000000ea610000,0x00000000eca00000)
  to   space 35840K, 0% used [0x00000000f5000000,0x00000000f5000000,0x00000000f7300000)
 ParOldGen       total 131584K, used 69115K [0x0000000081800000, 0x0000000089880000, 0x00000000d5d80000)
  object space 131584K, 52% used [0x0000000081800000,0x0000000085b7ec80,0x0000000089880000)
 Metaspace       used 17538K, capacity 17768K, committed 18048K, reserved 1064960K
  class space    used 1578K, capacity 1622K, committed 1664K, reserved 1048576K
Event: 36.835 GC heap after
Heap after GC invocations=13 (full 1):
 PSYoungGen      total 482816K, used 64K [0x00000000d5d80000, 0x00000000f6480000, 0x0000000100000000)
  eden space 461824K, 0% used [0x00000000d5d80000,0x00000000d5d80000,0x00000000f2080000)
  from space 20992K, 0% used [0x00000000f5000000,0x00000000f5010000,0x00000000f6480000)
  to   space 34816K, 0% used [0x00000000f2080000,0x00000000f2080000,0x00000000f4280000)
 ParOldGen       total 131584K, used 69139K [0x0000000081800000, 0x0000000089880000, 0x00000000d5d80000)
  object space 131584K, 52% used [0x0000000081800000,0x0000000085b84c80,0x0000000089880000)
 Metaspace       used 17538K, capacity 17768K, committed 18048K, reserved 1064960K
  class space    used 1578K, capacity 1622K, committed 1664K, reserved 1048576K
}

