# JRE version: Java(TM) SE Runtime Environment (8.0_121-b13) (build 1.8.0_121-b13)
# Java VM: Java HotSpot(TM) 64-Bit Server VM (25.121-b13 mixed mode windows-amd64 compressed oops)
Heap:
 PSYoungGen      total 355328K, used 285368K [0x00000000d5d80000, 0x00000000ee480000, 0x0000000100000000)
  eden space 326656K, 87% used [0x00000000d5d80000,0x00000000e740e148,0x00000000e9c80000)
  from space 28672K, 0% used [0x00000000ec880000,0x00000000ec8a0000,0x00000000ee480000)
  to   space 36864K, 0% used [0x00000000e9c80000,0x00000000e9c80000,0x00000000ec080000)
 ParOldGen       total 131584K, used 69191K [0x0000000081800000, 0x0000000089880000, 0x00000000d5d80000)
  object space 131584K, 52% used [0x0000000081800000,0x0000000085b91db8,0x0000000089880000)
 Metaspace       used 17499K, capacity 17704K, committed 18048K, reserved 1064960K
  class space    used 1578K, capacity 1622K, committed 1664K, reserved 1048576K
GC Heap History (10 events):
Event: 4.687 GC heap before
{Heap before GC invocations=7 (full 1):
 PSYoungGen      total 71680K, used 71062K [0x00000000d5d80000, 0x00000000e2980000, 0x0000000100000000)
  eden space 66560K, 99% used [0x00000000d5d80000,0x00000000d9def8d0,0x00000000d9e80000)
  from space 5120K, 99% used [0x00000000d9e80000,0x00000000da376070,0x00000000da380000)
  to   space 42496K, 0% used [0x00000000e0000000,0x00000000e0000000,0x00000000e2980000)
 ParOldGen       total 131584K, used 62821K [0x0000000081800000, 0x0000000089880000, 0x00000000d5d80000)
  object space 131584K, 47% used [0x0000000081800000,0x00000000855595b8,0x0000000089880000)
 Metaspace       used 15820K, capacity 16004K, committed 16128K, reserved 1064960K
  class space    used 1467K, capacity 1526K, committed 1536K, reserved 1048576K
Event: 4.689 GC heap after
Heap after GC invocations=7 (full 1):
 PSYoungGen      total 167424K, used 5112K [0x00000000d5d80000, 0x00000000e2980000, 0x0000000100000000)
  eden space 124928K, 0% used [0x00000000d5d80000,0x00000000d5d80000,0x00000000dd780000)
  from space 42496K, 12% used [0x00000000e0000000,0x00000000e04fe070,0x00000000e2980000)
  to   space 41472K, 0% used [0x00000000dd780000,0x00000000dd780000,0x00000000e0000000)
 ParOldGen       total 131584K, used 62829K [0x0000000081800000, 0x0000000089880000, 0x00000000d5d80000)
  object space 131584K, 47% used [0x0000000081800000,0x000000008555b5b8,0x0000000089880000)
 Metaspace       used 15820K, capacity 16004K, committed 16128K, reserved 1064960K
  class space    used 1467K, capacity 1526K, committed 1536K, reserved 1048576K
}
Event: 7.124 GC heap before
{Heap before GC invocations=8 (full 1):
 PSYoungGen      total 167424K, used 129309K [0x00000000d5d80000, 0x00000000e2980000, 0x0000000100000000)
  eden space 124928K, 99% used [0x00000000d5d80000,0x00000000dd6c94e0,0x00000000dd780000)
  from space 42496K, 12% used [0x00000000e0000000,0x00000000e04fe070,0x00000000e2980000)
  to   space 41472K, 0% used [0x00000000dd780000,0x00000000dd780000,0x00000000e0000000)
 ParOldGen       total 131584K, used 62829K [0x0000000081800000, 0x0000000089880000, 0x00000000d5d80000)
  object space 131584K, 47% used [0x0000000081800000,0x000000008555b5b8,0x0000000089880000)
 Metaspace       used 15900K, capacity 16068K, committed 16384K, reserved 1064960K
  class space    used 1467K, capacity 1526K, committed 1536K, reserved 1048576K
Event: 7.127 GC heap after
Heap after GC invocations=8 (full 1):
 PSYoungGen      total 166400K, used 5112K [0x00000000d5d80000, 0x00000000e8d80000, 0x0000000100000000)
  eden space 124928K, 0% used [0x00000000d5d80000,0x00000000d5d80000,0x00000000dd780000)
  from space 41472K, 12% used [0x00000000dd780000,0x00000000ddc7e070,0x00000000e0000000)
  to   space 39424K, 0% used [0x00000000e6700000,0x00000000e6700000,0x00000000e8d80000)
 ParOldGen       total 131584K, used 62837K [0x0000000081800000, 0x0000000089880000, 0x00000000d5d80000)
  object space 131584K, 47% used [0x0000000081800000,0x000000008555d5b8,0x0000000089880000)
 Metaspace       used 15900K, capacity 16068K, committed 16384K, reserved 1064960K
  class space    used 1467K, capacity 1526K, committed 1536K, reserved 1048576K
}
Event: 9.492 GC heap before
{Heap before GC invocations=9 (full 1):
 PSYoungGen      total 166400K, used 129696K [0x00000000d5d80000, 0x00000000e8d80000, 0x0000000100000000)
  eden space 124928K, 99% used [0x00000000d5d80000,0x00000000dd72a088,0x00000000dd780000)
  from space 41472K, 12% used [0x00000000dd780000,0x00000000ddc7e070,0x00000000e0000000)
  to   space 39424K, 0% used [0x00000000e6700000,0x00000000e6700000,0x00000000e8d80000)
 ParOldGen       total 131584K, used 62837K [0x0000000081800000, 0x0000000089880000, 0x00000000d5d80000)
  object space 131584K, 47% used [0x0000000081800000,0x000000008555d5b8,0x0000000089880000)
 Metaspace       used 17251K, capacity 17448K, committed 17792K, reserved 1064960K
  class space    used 1577K, capacity 1622K, committed 1664K, reserved 1048576K
Event: 9.496 GC heap after
Heap after GC invocations=9 (full 1):
 PSYoungGen      total 260608K, used 3103K [0x00000000d5d80000, 0x00000000e8700000, 0x0000000100000000)
  eden space 227840K, 0% used [0x00000000d5d80000,0x00000000d5d80000,0x00000000e3c00000)
  from space 32768K, 9% used [0x00000000e6700000,0x00000000e6a07fb0,0x00000000e8700000)
  to   space 38400K, 0% used [0x00000000e3c00000,0x00000000e3c00000,0x00000000e6180000)
 ParOldGen       total 131584K, used 66189K [0x0000000081800000, 0x0000000089880000, 0x00000000d5d80000)
  object space 131584K, 50% used [0x0000000081800000,0x00000000858a3568,0x0000000089880000)
 Metaspace       used 17251K, capacity 17448K, committed 17792K, reserved 1064960K
  class space    used 1577K, capacity 1622K, committed 1664K, reserved 1048576K
}
Event: 13.987 GC heap before
{Heap before GC invocations=10 (full 1):
 PSYoungGen      total 260608K, used 230943K [0x00000000d5d80000, 0x00000000e8700000, 0x0000000100000000)
  eden space 227840K, 100% used [0x00000000d5d80000,0x00000000e3c00000,0x00000000e3c00000)
  from space 32768K, 9% used [0x00000000e6700000,0x00000000e6a07fb0,0x00000000e8700000)
  to   space 38400K, 0% used [0x00000000e3c00000,0x00000000e3c00000,0x00000000e6180000)
 ParOldGen       total 131584K, used 66189K [0x0000000081800000, 0x0000000089880000, 0x00000000d5d80000)
  object space 131584K, 50% used [0x0000000081800000,0x00000000858a3568,0x0000000089880000)
 Metaspace       used 17347K, capacity 17576K, committed 17792K, reserved 1064960K
  class space    used 1577K, capacity 1622K, committed 1664K, reserved 1048576K
Event: 13.989 GC heap after
Heap after GC invocations=10 (full 1):
 PSYoungGen      total 266240K, used 1343K [0x00000000d5d80000, 0x00000000eed00000, 0x0000000100000000)
  eden space 227840K, 0% used [0x00000000d5d80000,0x00000000d5d80000,0x00000000e3c00000)
  from space 38400K, 3% used [0x00000000e3c00000,0x00000000e3d4ff90,0x00000000e6180000)
  to   space 37376K, 0% used [0x00000000ec880000,0x00000000ec880000,0x00000000eed00000)
 ParOldGen       total 131584K, used 67917K [0x0000000081800000, 0x0000000089880000, 0x00000000d5d80000)
  object space 131584K, 51% used [0x0000000081800000,0x0000000085a53588,0x0000000089880000)
 Metaspace       used 17347K, capacity 17576K, committed 17792K, reserved 1064960K
  class space    used 1577K, capacity 1622K, committed 1664K, reserved 1048576K
}
Event: 18.485 GC heap before
{Heap before GC invocations=11 (full 1):
 PSYoungGen      total 266240K, used 228705K [0x00000000d5d80000, 0x00000000eed00000, 0x0000000100000000)
  eden space 227840K, 99% used [0x00000000d5d80000,0x00000000e3b88710,0x00000000e3c00000)
  from space 38400K, 3% used [0x00000000e3c00000,0x00000000e3d4ff90,0x00000000e6180000)
  to   space 37376K, 0% used [0x00000000ec880000,0x00000000ec880000,0x00000000eed00000)
 ParOldGen       total 131584K, used 67917K [0x0000000081800000, 0x0000000089880000, 0x00000000d5d80000)
  object space 131584K, 51% used [0x0000000081800000,0x0000000085a53588,0x0000000089880000)
 Metaspace       used 17427K, capacity 17640K, committed 17792K, reserved 1064960K
  class space    used 1577K, capacity 1622K, committed 1664K, reserved 1048576K
Event: 18.487 GC heap after
Heap after GC invocations=11 (full 1):
 PSYoungGen      total 355328K, used 128K [0x00000000d5d80000, 0x00000000ee480000, 0x0000000100000000)
  eden space 326656K, 0% used [0x00000000d5d80000,0x00000000d5d80000,0x00000000e9c80000)
  from space 28672K, 0% used [0x00000000ec880000,0x00000000ec8a0000,0x00000000ee480000)
  to   space 36864K, 0% used [0x00000000e9c80000,0x00000000e9c80000,0x00000000ec080000)
 ParOldGen       total 131584K, used 69191K [0x0000000081800000, 0x0000000089880000, 0x00000000d5d80000)
  object space 131584K, 52% used [0x0000000081800000,0x0000000085b91db8,0x0000000089880000)
 Metaspace       used 17427K, capacity 17640K, committed 17792K, reserved 1064960K
  class space    used 1577K, capacity 1622K, committed 1664K, reserved 1048576K
}

