# JRE version: Java(TM) SE Runtime Environment (8.0_121-b13) (build 1.8.0_121-b13)
# Java VM: Java HotSpot(TM) 64-Bit Server VM (25.121-b13 mixed mode windows-amd64 compressed oops)
Heap:
 PSYoungGen      total 520192K, used 216333K [0x00000000d5d80000, 0x00000000fb880000, 0x0000000100000000)
  eden space 499712K, 43% used [0x00000000d5d80000,0x00000000e30a34e0,0x00000000f4580000)
  from space 20480K, 0% used [0x00000000f9080000,0x00000000f90a0000,0x00000000fa480000)
  to   space 19456K, 0% used [0x00000000fa580000,0x00000000fa580000,0x00000000fb880000)
 ParOldGen       total 131584K, used 69198K [0x0000000081800000, 0x0000000089880000, 0x00000000d5d80000)
  object space 131584K, 52% used [0x0000000081800000,0x0000000085b93808,0x0000000089880000)
 Metaspace       used 17540K, capacity 17704K, committed 18048K, reserved 1064960K
  class space    used 1576K, capacity 1622K, committed 1664K, reserved 1048576K
GC Heap History (10 events):
Event: 55.049 GC heap before
{Heap before GC invocations=20 (full 1):
 PSYoungGen      total 657408K, used 633663K [0x00000000d5d80000, 0x00000000ffb80000, 0x0000000100000000)
  eden space 633856K, 99% used [0x00000000d5d80000,0x00000000fc837f30,0x00000000fc880000)
  from space 23552K, 0% used [0x00000000fe480000,0x00000000fe498000,0x00000000ffb80000)
  to   space 26112K, 0% used [0x00000000fc880000,0x00000000fc880000,0x00000000fe200000)
 ParOldGen       total 131584K, used 69198K [0x0000000081800000, 0x0000000089880000, 0x00000000d5d80000)
  object space 131584K, 52% used [0x0000000081800000,0x0000000085b93808,0x0000000089880000)
 Metaspace       used 17535K, capacity 17704K, committed 18048K, reserved 1064960K
  class space    used 1576K, capacity 1622K, committed 1664K, reserved 1048576K
Event: 55.050 GC heap after
Heap after GC invocations=20 (full 1):
 PSYoungGen      total 604672K, used 64K [0x00000000d5d80000, 0x00000000fe500000, 0x0000000100000000)
  eden space 604160K, 0% used [0x00000000d5d80000,0x00000000d5d80000,0x00000000fab80000)
  from space 512K, 12% used [0x00000000fc880000,0x00000000fc890000,0x00000000fc900000)
  to   space 24576K, 0% used [0x00000000fcd00000,0x00000000fcd00000,0x00000000fe500000)
 ParOldGen       total 131584K, used 69198K [0x0000000081800000, 0x0000000089880000, 0x00000000d5d80000)
  object space 131584K, 52% used [0x0000000081800000,0x0000000085b93808,0x0000000089880000)
 Metaspace       used 17535K, capacity 17704K, committed 18048K, reserved 1064960K
  class space    used 1576K, capacity 1622K, committed 1664K, reserved 1048576K
}
Event: 60.911 GC heap before
{Heap before GC invocations=21 (full 1):
 PSYoungGen      total 604672K, used 603548K [0x00000000d5d80000, 0x00000000fe500000, 0x0000000100000000)
  eden space 604160K, 99% used [0x00000000d5d80000,0x00000000faad7058,0x00000000fab80000)
  from space 512K, 12% used [0x00000000fc880000,0x00000000fc890000,0x00000000fc900000)
  to   space 24576K, 0% used [0x00000000fcd00000,0x00000000fcd00000,0x00000000fe500000)
 ParOldGen       total 131584K, used 69198K [0x0000000081800000, 0x0000000089880000, 0x00000000d5d80000)
  object space 131584K, 52% used [0x0000000081800000,0x0000000085b93808,0x0000000089880000)
 Metaspace       used 17539K, capacity 17704K, committed 18048K, reserved 1064960K
  class space    used 1576K, capacity 1622K, committed 1664K, reserved 1048576K
Event: 60.912 GC heap after
Heap after GC invocations=21 (full 1):
 PSYoungGen      total 576512K, used 128K [0x00000000d5d80000, 0x00000000fcd80000, 0x0000000100000000)
  eden space 576000K, 0% used [0x00000000d5d80000,0x00000000d5d80000,0x00000000f9000000)
  from space 512K, 25% used [0x00000000fcd00000,0x00000000fcd20000,0x00000000fcd80000)
  to   space 23040K, 0% used [0x00000000fa080000,0x00000000fa080000,0x00000000fb700000)
 ParOldGen       total 131584K, used 69198K [0x0000000081800000, 0x0000000089880000, 0x00000000d5d80000)
  object space 131584K, 52% used [0x0000000081800000,0x0000000085b93808,0x0000000089880000)
 Metaspace       used 17539K, capacity 17704K, committed 18048K, reserved 1064960K
  class space    used 1576K, capacity 1622K, committed 1664K, reserved 1048576K
}
Event: 66.491 GC heap before
{Heap before GC invocations=22 (full 1):
 PSYoungGen      total 576512K, used 575586K [0x00000000d5d80000, 0x00000000fcd80000, 0x0000000100000000)
  eden space 576000K, 99% used [0x00000000d5d80000,0x00000000f8f78918,0x00000000f9000000)
  from space 512K, 25% used [0x00000000fcd00000,0x00000000fcd20000,0x00000000fcd80000)
  to   space 23040K, 0% used [0x00000000fa080000,0x00000000fa080000,0x00000000fb700000)
 ParOldGen       total 131584K, used 69198K [0x0000000081800000, 0x0000000089880000, 0x00000000d5d80000)
  object space 131584K, 52% used [0x0000000081800000,0x0000000085b93808,0x0000000089880000)
 Metaspace       used 17539K, capacity 17704K, committed 18048K, reserved 1064960K
  class space    used 1576K, capacity 1622K, committed 1664K, reserved 1048576K
Event: 66.492 GC heap after
Heap after GC invocations=22 (full 1):
 PSYoungGen      total 572416K, used 128K [0x00000000d5d80000, 0x00000000fcd80000, 0x0000000100000000)
  eden space 549376K, 0% used [0x00000000d5d80000,0x00000000d5d80000,0x00000000f7600000)
  from space 23040K, 0% used [0x00000000fa080000,0x00000000fa0a0000,0x00000000fb700000)
  to   space 22016K, 0% used [0x00000000fb800000,0x00000000fb800000,0x00000000fcd80000)
 ParOldGen       total 131584K, used 69198K [0x0000000081800000, 0x0000000089880000, 0x00000000d5d80000)
  object space 131584K, 52% used [0x0000000081800000,0x0000000085b93808,0x0000000089880000)
 Metaspace       used 17539K, capacity 17704K, committed 18048K, reserved 1064960K
  class space    used 1576K, capacity 1622K, committed 1664K, reserved 1048576K
}
Event: 71.852 GC heap before
{Heap before GC invocations=23 (full 1):
 PSYoungGen      total 572416K, used 549261K [0x00000000d5d80000, 0x00000000fcd80000, 0x0000000100000000)
  eden space 549376K, 99% used [0x00000000d5d80000,0x00000000f75c3438,0x00000000f7600000)
  from space 23040K, 0% used [0x00000000fa080000,0x00000000fa0a0000,0x00000000fb700000)
  to   space 22016K, 0% used [0x00000000fb800000,0x00000000fb800000,0x00000000fcd80000)
 ParOldGen       total 131584K, used 69198K [0x0000000081800000, 0x0000000089880000, 0x00000000d5d80000)
  object space 131584K, 52% used [0x0000000081800000,0x0000000085b93808,0x0000000089880000)
 Metaspace       used 17539K, capacity 17704K, committed 18048K, reserved 1064960K
  class space    used 1576K, capacity 1622K, committed 1664K, reserved 1048576K
Event: 71.855 GC heap after
Heap after GC invocations=23 (full 1):
 PSYoungGen      total 524288K, used 128K [0x00000000d5d80000, 0x00000000fb880000, 0x0000000100000000)
  eden space 523776K, 0% used [0x00000000d5d80000,0x00000000d5d80000,0x00000000f5d00000)
  from space 512K, 25% used [0x00000000fb800000,0x00000000fb820000,0x00000000fb880000)
  to   space 20480K, 0% used [0x00000000f9080000,0x00000000f9080000,0x00000000fa480000)
 ParOldGen       total 131584K, used 69198K [0x0000000081800000, 0x0000000089880000, 0x00000000d5d80000)
  object space 131584K, 52% used [0x0000000081800000,0x0000000085b93808,0x0000000089880000)
 Metaspace       used 17539K, capacity 17704K, committed 18048K, reserved 1064960K
  class space    used 1576K, capacity 1622K, committed 1664K, reserved 1048576K
}
Event: 76.899 GC heap before
{Heap before GC invocations=24 (full 1):
 PSYoungGen      total 524288K, used 523904K [0x00000000d5d80000, 0x00000000fb880000, 0x0000000100000000)
  eden space 523776K, 100% used [0x00000000d5d80000,0x00000000f5d00000,0x00000000f5d00000)
  from space 512K, 25% used [0x00000000fb800000,0x00000000fb820000,0x00000000fb880000)
  to   space 20480K, 0% used [0x00000000f9080000,0x00000000f9080000,0x00000000fa480000)
 ParOldGen       total 131584K, used 69198K [0x0000000081800000, 0x0000000089880000, 0x00000000d5d80000)
  object space 131584K, 52% used [0x0000000081800000,0x0000000085b93808,0x0000000089880000)
 Metaspace       used 17539K, capacity 17704K, committed 18048K, reserved 1064960K
  class space    used 1576K, capacity 1622K, committed 1664K, reserved 1048576K
Event: 76.900 GC heap after
Heap after GC invocations=24 (full 1):
 PSYoungGen      total 520192K, used 128K [0x00000000d5d80000, 0x00000000fb880000, 0x0000000100000000)
  eden space 499712K, 0% used [0x00000000d5d80000,0x00000000d5d80000,0x00000000f4580000)
  from space 20480K, 0% used [0x00000000f9080000,0x00000000f90a0000,0x00000000fa480000)
  to   space 19456K, 0% used [0x00000000fa580000,0x00000000fa580000,0x00000000fb880000)
 ParOldGen       total 131584K, used 69198K [0x0000000081800000, 0x0000000089880000, 0x00000000d5d80000)
  object space 131584K, 52% used [0x0000000081800000,0x0000000085b93808,0x0000000089880000)
 Metaspace       used 17539K, capacity 17704K, committed 18048K, reserved 1064960K
  class space    used 1576K, capacity 1622K, committed 1664K, reserved 1048576K
}

