# JRE version: Java(TM) SE Runtime Environment (8.0_121-b13) (build 1.8.0_121-b13)
# Java VM: Java HotSpot(TM) 64-Bit Server VM (25.121-b13 mixed mode windows-amd64 compressed oops)
Heap:
 PSYoungGen      total 477184K, used 157676K [0x00000000d5d80000, 0x00000000fa600000, 0x0000000100000000)
  eden space 476672K, 33% used [0x00000000d5d80000,0x00000000df7632d8,0x00000000f2f00000)
  from space 512K, 18% used [0x00000000fa580000,0x00000000fa598000,0x00000000fa600000)
  to   space 18432K, 0% used [0x00000000f8200000,0x00000000f8200000,0x00000000f9400000)
 ParOldGen       total 131584K, used 69762K [0x0000000081800000, 0x0000000089880000, 0x00000000d5d80000)
  object space 131584K, 53% used [0x0000000081800000,0x0000000085c20840,0x0000000089880000)
 Metaspace       used 17529K, capacity 17704K, committed 18048K, reserved 1064960K
  class space    used 1578K, capacity 1622K, committed 1664K, reserved 1048576K
GC Heap History (10 events):
Event: 60.920 GC heap before
{Heap before GC invocations=21 (full 1):
 PSYoungGen      total 604672K, used 603602K [0x00000000d5d80000, 0x00000000fe500000, 0x0000000100000000)
  eden space 604160K, 99% used [0x00000000d5d80000,0x00000000faadca28,0x00000000fab80000)
  from space 512K, 18% used [0x00000000fc880000,0x00000000fc898000,0x00000000fc900000)
  to   space 24576K, 0% used [0x00000000fcd00000,0x00000000fcd00000,0x00000000fe500000)
 ParOldGen       total 131584K, used 69762K [0x0000000081800000, 0x0000000089880000, 0x00000000d5d80000)
  object space 131584K, 53% used [0x0000000081800000,0x0000000085c20840,0x0000000089880000)
 Metaspace       used 17524K, capacity 17704K, committed 18048K, reserved 1064960K
  class space    used 1578K, capacity 1622K, committed 1664K, reserved 1048576K
Event: 60.921 GC heap after
Heap after GC invocations=21 (full 1):
 PSYoungGen      total 576512K, used 96K [0x00000000d5d80000, 0x00000000fcd80000, 0x0000000100000000)
  eden space 576000K, 0% used [0x00000000d5d80000,0x00000000d5d80000,0x00000000f9000000)
  from space 512K, 18% used [0x00000000fcd00000,0x00000000fcd18000,0x00000000fcd80000)
  to   space 23552K, 0% used [0x00000000f9f80000,0x00000000f9f80000,0x00000000fb680000)
 ParOldGen       total 131584K, used 69762K [0x0000000081800000, 0x0000000089880000, 0x00000000d5d80000)
  object space 131584K, 53% used [0x0000000081800000,0x0000000085c20840,0x0000000089880000)
 Metaspace       used 17524K, capacity 17704K, committed 18048K, reserved 1064960K
  class space    used 1578K, capacity 1622K, committed 1664K, reserved 1048576K
}
Event: 66.500 GC heap before
{Heap before GC invocations=22 (full 1):
 PSYoungGen      total 576512K, used 575555K [0x00000000d5d80000, 0x00000000fcd80000, 0x0000000100000000)
  eden space 576000K, 99% used [0x00000000d5d80000,0x00000000f8f78c28,0x00000000f9000000)
  from space 512K, 18% used [0x00000000fcd00000,0x00000000fcd18000,0x00000000fcd80000)
  to   space 23552K, 0% used [0x00000000f9f80000,0x00000000f9f80000,0x00000000fb680000)
 ParOldGen       total 131584K, used 69762K [0x0000000081800000, 0x0000000089880000, 0x00000000d5d80000)
  object space 131584K, 53% used [0x0000000081800000,0x0000000085c20840,0x0000000089880000)
 Metaspace       used 17524K, capacity 17704K, committed 18048K, reserved 1064960K
  class space    used 1578K, capacity 1622K, committed 1664K, reserved 1048576K
Event: 66.501 GC heap after
Heap after GC invocations=22 (full 1):
 PSYoungGen      total 572928K, used 96K [0x00000000d5d80000, 0x00000000fcd80000, 0x0000000100000000)
  eden space 549376K, 0% used [0x00000000d5d80000,0x00000000d5d80000,0x00000000f7600000)
  from space 23552K, 0% used [0x00000000f9f80000,0x00000000f9f98000,0x00000000fb680000)
  to   space 22016K, 0% used [0x00000000fb800000,0x00000000fb800000,0x00000000fcd80000)
 ParOldGen       total 131584K, used 69762K [0x0000000081800000, 0x0000000089880000, 0x00000000d5d80000)
  object space 131584K, 53% used [0x0000000081800000,0x0000000085c20840,0x0000000089880000)
 Metaspace       used 17524K, capacity 17704K, committed 18048K, reserved 1064960K
  class space    used 1578K, capacity 1622K, committed 1664K, reserved 1048576K
}
Event: 71.845 GC heap before
{Heap before GC invocations=23 (full 1):
 PSYoungGen      total 572928K, used 548688K [0x00000000d5d80000, 0x00000000fcd80000, 0x0000000100000000)
  eden space 549376K, 99% used [0x00000000d5d80000,0x00000000f753c3d8,0x00000000f7600000)
  from space 23552K, 0% used [0x00000000f9f80000,0x00000000f9f98000,0x00000000fb680000)
  to   space 22016K, 0% used [0x00000000fb800000,0x00000000fb800000,0x00000000fcd80000)
 ParOldGen       total 131584K, used 69762K [0x0000000081800000, 0x0000000089880000, 0x00000000d5d80000)
  object space 131584K, 53% used [0x0000000081800000,0x0000000085c20840,0x0000000089880000)
 Metaspace       used 17524K, capacity 17704K, committed 18048K, reserved 1064960K
  class space    used 1578K, capacity 1622K, committed 1664K, reserved 1048576K
Event: 71.847 GC heap after
Heap after GC invocations=23 (full 1):
 PSYoungGen      total 524288K, used 96K [0x00000000d5d80000, 0x00000000fb880000, 0x0000000100000000)
  eden space 523776K, 0% used [0x00000000d5d80000,0x00000000d5d80000,0x00000000f5d00000)
  from space 512K, 18% used [0x00000000fb800000,0x00000000fb818000,0x00000000fb880000)
  to   space 20480K, 0% used [0x00000000f9080000,0x00000000f9080000,0x00000000fa480000)
 ParOldGen       total 131584K, used 69762K [0x0000000081800000, 0x0000000089880000, 0x00000000d5d80000)
  object space 131584K, 53% used [0x0000000081800000,0x0000000085c20840,0x0000000089880000)
 Metaspace       used 17524K, capacity 17704K, committed 18048K, reserved 1064960K
  class space    used 1578K, capacity 1622K, committed 1664K, reserved 1048576K
}
Event: 76.891 GC heap before
{Heap before GC invocations=24 (full 1):
 PSYoungGen      total 524288K, used 523872K [0x00000000d5d80000, 0x00000000fb880000, 0x0000000100000000)
  eden space 523776K, 100% used [0x00000000d5d80000,0x00000000f5d00000,0x00000000f5d00000)
  from space 512K, 18% used [0x00000000fb800000,0x00000000fb818000,0x00000000fb880000)
  to   space 20480K, 0% used [0x00000000f9080000,0x00000000f9080000,0x00000000fa480000)
 ParOldGen       total 131584K, used 69762K [0x0000000081800000, 0x0000000089880000, 0x00000000d5d80000)
  object space 131584K, 53% used [0x0000000081800000,0x0000000085c20840,0x0000000089880000)
 Metaspace       used 17524K, capacity 17704K, committed 18048K, reserved 1064960K
  class space    used 1578K, capacity 1622K, committed 1664K, reserved 1048576K
Event: 76.892 GC heap after
Heap after GC invocations=24 (full 1):
 PSYoungGen      total 520192K, used 96K [0x00000000d5d80000, 0x00000000fb880000, 0x0000000100000000)
  eden space 499712K, 0% used [0x00000000d5d80000,0x00000000d5d80000,0x00000000f4580000)
  from space 20480K, 0% used [0x00000000f9080000,0x00000000f9098000,0x00000000fa480000)
  to   space 19456K, 0% used [0x00000000fa580000,0x00000000fa580000,0x00000000fb880000)
 ParOldGen       total 131584K, used 69762K [0x0000000081800000, 0x0000000089880000, 0x00000000d5d80000)
  object space 131584K, 53% used [0x0000000081800000,0x0000000085c20840,0x0000000089880000)
 Metaspace       used 17524K, capacity 17704K, committed 18048K, reserved 1064960K
  class space    used 1578K, capacity 1622K, committed 1664K, reserved 1048576K
}
Event: 81.754 GC heap before
{Heap before GC invocations=25 (full 1):
 PSYoungGen      total 520192K, used 499695K [0x00000000d5d80000, 0x00000000fb880000, 0x0000000100000000)
  eden space 499712K, 99% used [0x00000000d5d80000,0x00000000f4563ef8,0x00000000f4580000)
  from space 20480K, 0% used [0x00000000f9080000,0x00000000f9098000,0x00000000fa480000)
  to   space 19456K, 0% used [0x00000000fa580000,0x00000000fa580000,0x00000000fb880000)
 ParOldGen       total 131584K, used 69762K [0x0000000081800000, 0x0000000089880000, 0x00000000d5d80000)
  object space 131584K, 53% used [0x0000000081800000,0x0000000085c20840,0x0000000089880000)
 Metaspace       used 17528K, capacity 17704K, committed 18048K, reserved 1064960K
  class space    used 1578K, capacity 1622K, committed 1664K, reserved 1048576K
Event: 81.758 GC heap after
Heap after GC invocations=25 (full 1):
 PSYoungGen      total 477184K, used 96K [0x00000000d5d80000, 0x00000000fa600000, 0x0000000100000000)
  eden space 476672K, 0% used [0x00000000d5d80000,0x00000000d5d80000,0x00000000f2f00000)
  from space 512K, 18% used [0x00000000fa580000,0x00000000fa598000,0x00000000fa600000)
  to   space 18432K, 0% used [0x00000000f8200000,0x00000000f8200000,0x00000000f9400000)
 ParOldGen       total 131584K, used 69762K [0x0000000081800000, 0x0000000089880000, 0x00000000d5d80000)
  object space 131584K, 53% used [0x0000000081800000,0x0000000085c20840,0x0000000089880000)
 Metaspace       used 17528K, capacity 17704K, committed 18048K, reserved 1064960K
  class space    used 1578K, capacity 1622K, committed 1664K, reserved 1048576K
}

