# JRE version: Java(TM) SE Runtime Environment (8.0_121-b13) (build 1.8.0_121-b13)
# Java VM: Java HotSpot(TM) 64-Bit Server VM (25.121-b13 mixed mode windows-amd64 compressed oops)
Heap:
 PSYoungGen      total 261632K, used 168645K [0x00000000d5d80000, 0x00000000e8800000, 0x0000000100000000)
  eden space 228864K, 72% used [0x00000000d5d80000,0x00000000dffa1530,0x00000000e3d00000)
  from space 32768K, 8% used [0x00000000e6800000,0x00000000e6a90020,0x00000000e8800000)
  to   space 38400K, 0% used [0x00000000e3d00000,0x00000000e3d00000,0x00000000e6280000)
 ParOldGen       total 131584K, used 66472K [0x0000000081800000, 0x0000000089880000, 0x00000000d5d80000)
  object space 131584K, 50% used [0x0000000081800000,0x00000000858ea100,0x0000000089880000)
 Metaspace       used 17263K, capacity 17448K, committed 17792K, reserved 1064960K
  class space    used 1568K, capacity 1622K, committed 1664K, reserved 1048576K
GC Heap History (10 events):
Event: 2.600 GC heap before
{Heap before GC invocations=5 (full 1):
 PSYoungGen      total 38400K, used 32665K [0x00000000d5d80000, 0x00000000da880000, 0x0000000100000000)
  eden space 33280K, 98% used [0x00000000d5d80000,0x00000000d7d66798,0x00000000d7e00000)
  from space 5120K, 0% used [0x00000000d7e00000,0x00000000d7e00000,0x00000000d8300000)
  to   space 5120K, 0% used [0x00000000da380000,0x00000000da380000,0x00000000da880000)
 ParOldGen       total 131584K, used 54661K [0x0000000081800000, 0x0000000089880000, 0x00000000d5d80000)
  object space 131584K, 41% used [0x0000000081800000,0x0000000084d61730,0x0000000089880000)
 Metaspace       used 15809K, capacity 16004K, committed 16128K, reserved 1064960K
  class space    used 1467K, capacity 1526K, committed 1536K, reserved 1048576K
Event: 2.604 GC heap after
Heap after GC invocations=5 (full 1):
 PSYoungGen      total 69632K, used 5112K [0x00000000d5d80000, 0x00000000da880000, 0x0000000100000000)
  eden space 64512K, 0% used [0x00000000d5d80000,0x00000000d5d80000,0x00000000d9c80000)
  from space 5120K, 99% used [0x00000000da380000,0x00000000da87e0b0,0x00000000da880000)
  to   space 5120K, 0% used [0x00000000d9e80000,0x00000000d9e80000,0x00000000da380000)
 ParOldGen       total 131584K, used 61357K [0x0000000081800000, 0x0000000089880000, 0x00000000d5d80000)
  object space 131584K, 46% used [0x0000000081800000,0x00000000853eb580,0x0000000089880000)
 Metaspace       used 15809K, capacity 16004K, committed 16128K, reserved 1064960K
  class space    used 1467K, capacity 1526K, committed 1536K, reserved 1048576K
}
Event: 3.676 GC heap before
{Heap before GC invocations=6 (full 1):
 PSYoungGen      total 69632K, used 69401K [0x00000000d5d80000, 0x00000000da880000, 0x0000000100000000)
  eden space 64512K, 99% used [0x00000000d5d80000,0x00000000d9c48678,0x00000000d9c80000)
  from space 5120K, 99% used [0x00000000da380000,0x00000000da87e0b0,0x00000000da880000)
  to   space 5120K, 0% used [0x00000000d9e80000,0x00000000d9e80000,0x00000000da380000)
 ParOldGen       total 131584K, used 61357K [0x0000000081800000, 0x0000000089880000, 0x00000000d5d80000)
  object space 131584K, 46% used [0x0000000081800000,0x00000000853eb580,0x0000000089880000)
 Metaspace       used 15917K, capacity 16132K, committed 16384K, reserved 1064960K
  class space    used 1467K, capacity 1526K, committed 1536K, reserved 1048576K
Event: 3.680 GC heap after
Heap after GC invocations=6 (full 1):
 PSYoungGen      total 71680K, used 5112K [0x00000000d5d80000, 0x00000000e2880000, 0x0000000100000000)
  eden space 66560K, 0% used [0x00000000d5d80000,0x00000000d5d80000,0x00000000d9e80000)
  from space 5120K, 99% used [0x00000000d9e80000,0x00000000da37e0b0,0x00000000da380000)
  to   space 41984K, 0% used [0x00000000dff80000,0x00000000dff80000,0x00000000e2880000)
 ParOldGen       total 131584K, used 63109K [0x0000000081800000, 0x0000000089880000, 0x00000000d5d80000)
  object space 131584K, 47% used [0x0000000081800000,0x00000000855a15a0,0x0000000089880000)
 Metaspace       used 15917K, capacity 16132K, committed 16384K, reserved 1064960K
  class space    used 1467K, capacity 1526K, committed 1536K, reserved 1048576K
}
Event: 4.953 GC heap before
{Heap before GC invocations=7 (full 1):
 PSYoungGen      total 71680K, used 71207K [0x00000000d5d80000, 0x00000000e2880000, 0x0000000100000000)
  eden space 66560K, 99% used [0x00000000d5d80000,0x00000000d9e0be78,0x00000000d9e80000)
  from space 5120K, 99% used [0x00000000d9e80000,0x00000000da37e0b0,0x00000000da380000)
  to   space 41984K, 0% used [0x00000000dff80000,0x00000000dff80000,0x00000000e2880000)
 ParOldGen       total 131584K, used 63109K [0x0000000081800000, 0x0000000089880000, 0x00000000d5d80000)
  object space 131584K, 47% used [0x0000000081800000,0x00000000855a15a0,0x0000000089880000)
 Metaspace       used 17013K, capacity 17252K, committed 17536K, reserved 1064960K
  class space    used 1568K, capacity 1622K, committed 1664K, reserved 1048576K
Event: 4.956 GC heap after
Heap after GC invocations=7 (full 1):
 PSYoungGen      total 166912K, used 6040K [0x00000000d5d80000, 0x00000000e2900000, 0x0000000100000000)
  eden space 124928K, 0% used [0x00000000d5d80000,0x00000000d5d80000,0x00000000dd780000)
  from space 41984K, 14% used [0x00000000dff80000,0x00000000e05660b0,0x00000000e2880000)
  to   space 40960K, 0% used [0x00000000dd780000,0x00000000dd780000,0x00000000dff80000)
 ParOldGen       total 131584K, used 63117K [0x0000000081800000, 0x0000000089880000, 0x00000000d5d80000)
  object space 131584K, 47% used [0x0000000081800000,0x00000000855a35a0,0x0000000089880000)
 Metaspace       used 17013K, capacity 17252K, committed 17536K, reserved 1064960K
  class space    used 1568K, capacity 1622K, committed 1664K, reserved 1048576K
}
Event: 7.370 GC heap before
{Heap before GC invocations=8 (full 1):
 PSYoungGen      total 166912K, used 130278K [0x00000000d5d80000, 0x00000000e2900000, 0x0000000100000000)
  eden space 124928K, 99% used [0x00000000d5d80000,0x00000000dd6d3888,0x00000000dd780000)
  from space 41984K, 14% used [0x00000000dff80000,0x00000000e05660b0,0x00000000e2880000)
  to   space 40960K, 0% used [0x00000000dd780000,0x00000000dd780000,0x00000000dff80000)
 ParOldGen       total 131584K, used 63117K [0x0000000081800000, 0x0000000089880000, 0x00000000d5d80000)
  object space 131584K, 47% used [0x0000000081800000,0x00000000855a35a0,0x0000000089880000)
 Metaspace       used 17165K, capacity 17384K, committed 17536K, reserved 1064960K
  class space    used 1568K, capacity 1622K, committed 1664K, reserved 1048576K
Event: 7.373 GC heap after
Heap after GC invocations=8 (full 1):
 PSYoungGen      total 165888K, used 5912K [0x00000000d5d80000, 0x00000000e8e80000, 0x0000000100000000)
  eden space 124928K, 0% used [0x00000000d5d80000,0x00000000d5d80000,0x00000000dd780000)
  from space 40960K, 14% used [0x00000000dd780000,0x00000000ddd460b0,0x00000000dff80000)
  to   space 39424K, 0% used [0x00000000e6800000,0x00000000e6800000,0x00000000e8e80000)
 ParOldGen       total 131584K, used 63125K [0x0000000081800000, 0x0000000089880000, 0x00000000d5d80000)
  object space 131584K, 47% used [0x0000000081800000,0x00000000855a55a0,0x0000000089880000)
 Metaspace       used 17165K, capacity 17384K, committed 17536K, reserved 1064960K
  class space    used 1568K, capacity 1622K, committed 1664K, reserved 1048576K
}
Event: 9.817 GC heap before
{Heap before GC invocations=9 (full 1):
 PSYoungGen      total 165888K, used 130082K [0x00000000d5d80000, 0x00000000e8e80000, 0x0000000100000000)
  eden space 124928K, 99% used [0x00000000d5d80000,0x00000000dd6c27e0,0x00000000dd780000)
  from space 40960K, 14% used [0x00000000dd780000,0x00000000ddd460b0,0x00000000dff80000)
  to   space 39424K, 0% used [0x00000000e6800000,0x00000000e6800000,0x00000000e8e80000)
 ParOldGen       total 131584K, used 63125K [0x0000000081800000, 0x0000000089880000, 0x00000000d5d80000)
  object space 131584K, 47% used [0x0000000081800000,0x00000000855a55a0,0x0000000089880000)
 Metaspace       used 17191K, capacity 17384K, committed 17536K, reserved 1064960K
  class space    used 1568K, capacity 1622K, committed 1664K, reserved 1048576K
Event: 9.820 GC heap after
Heap after GC invocations=9 (full 1):
 PSYoungGen      total 261632K, used 2624K [0x00000000d5d80000, 0x00000000e8800000, 0x0000000100000000)
  eden space 228864K, 0% used [0x00000000d5d80000,0x00000000d5d80000,0x00000000e3d00000)
  from space 32768K, 8% used [0x00000000e6800000,0x00000000e6a90020,0x00000000e8800000)
  to   space 38400K, 0% used [0x00000000e3d00000,0x00000000e3d00000,0x00000000e6280000)
 ParOldGen       total 131584K, used 66472K [0x0000000081800000, 0x0000000089880000, 0x00000000d5d80000)
  object space 131584K, 50% used [0x0000000081800000,0x00000000858ea100,0x0000000089880000)
 Metaspace       used 17191K, capacity 17384K, committed 17536K, reserved 1064960K
  class space    used 1568K, capacity 1622K, committed 1664K, reserved 1048576K
}

