# JRE version: Java(TM) SE Runtime Environment (8.0_121-b13) (build 1.8.0_121-b13)
# Java VM: Java HotSpot(TM) 64-Bit Server VM (25.121-b13 mixed mode windows-amd64 compressed oops)
Heap:
 PSYoungGen      total 481792K, used 90684K [0x00000000d5d80000, 0x00000000fde80000, 0x0000000100000000)
  eden space 446976K, 20% used [0x00000000d5d80000,0x00000000db5f7330,0x00000000f1200000)
  from space 34816K, 0% used [0x00000000f1200000,0x00000000f1218000,0x00000000f3400000)
  to   space 33280K, 0% used [0x00000000fbe00000,0x00000000fbe00000,0x00000000fde80000)
 ParOldGen       total 131584K, used 68286K [0x0000000081800000, 0x0000000089880000, 0x00000000d5d80000)
  object space 131584K, 51% used [0x0000000081800000,0x0000000085aaf930,0x0000000089880000)
 Metaspace       used 16270K, capacity 16452K, committed 16640K, reserved 1064960K
  class space    used 1469K, capacity 1526K, committed 1536K, reserved 1048576K
GC Heap History (10 events):
Event: 8.218 GC heap before
{Heap before GC invocations=10 (full 1):
 PSYoungGen      total 262144K, used 229942K [0x00000000d5d80000, 0x00000000e8880000, 0x0000000100000000)
  eden space 228352K, 99% used [0x00000000d5d80000,0x00000000e3c01a40,0x00000000e3c80000)
  from space 33792K, 6% used [0x00000000e6780000,0x00000000e698c060,0x00000000e8880000)
  to   space 38912K, 0% used [0x00000000e3c80000,0x00000000e3c80000,0x00000000e6280000)
 ParOldGen       total 131584K, used 66198K [0x0000000081800000, 0x0000000089880000, 0x00000000d5d80000)
  object space 131584K, 50% used [0x0000000081800000,0x00000000858a5840,0x0000000089880000)
 Metaspace       used 16149K, capacity 16324K, committed 16640K, reserved 1064960K
  class space    used 1469K, capacity 1526K, committed 1536K, reserved 1048576K
Event: 8.219 GC heap after
Heap after GC invocations=10 (full 1):
 PSYoungGen      total 267264K, used 432K [0x00000000d5d80000, 0x00000000eef00000, 0x0000000100000000)
  eden space 228352K, 0% used [0x00000000d5d80000,0x00000000d5d80000,0x00000000e3c80000)
  from space 38912K, 1% used [0x00000000e3c80000,0x00000000e3cec040,0x00000000e6280000)
  to   space 37888K, 0% used [0x00000000eca00000,0x00000000eca00000,0x00000000eef00000)
 ParOldGen       total 131584K, used 67918K [0x0000000081800000, 0x0000000089880000, 0x00000000d5d80000)
  object space 131584K, 51% used [0x0000000081800000,0x0000000085a53860,0x0000000089880000)
 Metaspace       used 16149K, capacity 16324K, committed 16640K, reserved 1064960K
  class space    used 1469K, capacity 1526K, committed 1536K, reserved 1048576K
}
Event: 10.433 GC heap before
{Heap before GC invocations=11 (full 1):
 PSYoungGen      total 267264K, used 228784K [0x00000000d5d80000, 0x00000000eef00000, 0x0000000100000000)
  eden space 228352K, 100% used [0x00000000d5d80000,0x00000000e3c80000,0x00000000e3c80000)
  from space 38912K, 1% used [0x00000000e3c80000,0x00000000e3cec040,0x00000000e6280000)
  to   space 37888K, 0% used [0x00000000eca00000,0x00000000eca00000,0x00000000eef00000)
 ParOldGen       total 131584K, used 67918K [0x0000000081800000, 0x0000000089880000, 0x00000000d5d80000)
  object space 131584K, 51% used [0x0000000081800000,0x0000000085a53860,0x0000000089880000)
 Metaspace       used 16208K, capacity 16388K, committed 16640K, reserved 1064960K
  class space    used 1469K, capacity 1526K, committed 1536K, reserved 1048576K
Event: 10.433 GC heap after
Heap after GC invocations=11 (full 1):
 PSYoungGen      total 356864K, used 96K [0x00000000d5d80000, 0x00000000ee600000, 0x0000000100000000)
  eden space 328192K, 0% used [0x00000000d5d80000,0x00000000d5d80000,0x00000000e9e00000)
  from space 28672K, 0% used [0x00000000eca00000,0x00000000eca18000,0x00000000ee600000)
  to   space 36864K, 0% used [0x00000000e9e00000,0x00000000e9e00000,0x00000000ec200000)
 ParOldGen       total 131584K, used 68230K [0x0000000081800000, 0x0000000089880000, 0x00000000d5d80000)
  object space 131584K, 51% used [0x0000000081800000,0x0000000085aa1930,0x0000000089880000)
 Metaspace       used 16208K, capacity 16388K, committed 16640K, reserved 1064960K
  class space    used 1469K, capacity 1526K, committed 1536K, reserved 1048576K
}
Event: 13.630 GC heap before
{Heap before GC invocations=12 (full 1):
 PSYoungGen      total 356864K, used 328078K [0x00000000d5d80000, 0x00000000ee600000, 0x0000000100000000)
  eden space 328192K, 99% used [0x00000000d5d80000,0x00000000e9dcb818,0x00000000e9e00000)
  from space 28672K, 0% used [0x00000000eca00000,0x00000000eca18000,0x00000000ee600000)
  to   space 36864K, 0% used [0x00000000e9e00000,0x00000000e9e00000,0x00000000ec200000)
 ParOldGen       total 131584K, used 68230K [0x0000000081800000, 0x0000000089880000, 0x00000000d5d80000)
  object space 131584K, 51% used [0x0000000081800000,0x0000000085aa1930,0x0000000089880000)
 Metaspace       used 16265K, capacity 16452K, committed 16640K, reserved 1064960K
  class space    used 1469K, capacity 1526K, committed 1536K, reserved 1048576K
Event: 13.632 GC heap after
Heap after GC invocations=12 (full 1):
 PSYoungGen      total 365056K, used 96K [0x00000000d5d80000, 0x00000000f6480000, 0x0000000100000000)
  eden space 328192K, 0% used [0x00000000d5d80000,0x00000000d5d80000,0x00000000e9e00000)
  from space 36864K, 0% used [0x00000000e9e00000,0x00000000e9e18000,0x00000000ec200000)
  to   space 35840K, 0% used [0x00000000f4180000,0x00000000f4180000,0x00000000f6480000)
 ParOldGen       total 131584K, used 68254K [0x0000000081800000, 0x0000000089880000, 0x00000000d5d80000)
  object space 131584K, 51% used [0x0000000081800000,0x0000000085aa7930,0x0000000089880000)
 Metaspace       used 16265K, capacity 16452K, committed 16640K, reserved 1064960K
  class space    used 1469K, capacity 1526K, committed 1536K, reserved 1048576K
}
Event: 16.761 GC heap before
{Heap before GC invocations=13 (full 1):
 PSYoungGen      total 365056K, used 327856K [0x00000000d5d80000, 0x00000000f6480000, 0x0000000100000000)
  eden space 328192K, 99% used [0x00000000d5d80000,0x00000000e9d943d0,0x00000000e9e00000)
  from space 36864K, 0% used [0x00000000e9e00000,0x00000000e9e18000,0x00000000ec200000)
  to   space 35840K, 0% used [0x00000000f4180000,0x00000000f4180000,0x00000000f6480000)
 ParOldGen       total 131584K, used 68254K [0x0000000081800000, 0x0000000089880000, 0x00000000d5d80000)
  object space 131584K, 51% used [0x0000000081800000,0x0000000085aa7930,0x0000000089880000)
 Metaspace       used 16265K, capacity 16452K, committed 16640K, reserved 1064960K
  class space    used 1469K, capacity 1526K, committed 1536K, reserved 1048576K
Event: 16.762 GC heap after
Heap after GC invocations=13 (full 1):
 PSYoungGen      total 467968K, used 64K [0x00000000d5d80000, 0x00000000f5600000, 0x0000000100000000)
  eden space 446976K, 0% used [0x00000000d5d80000,0x00000000d5d80000,0x00000000f1200000)
  from space 20992K, 0% used [0x00000000f4180000,0x00000000f4190000,0x00000000f5600000)
  to   space 34816K, 0% used [0x00000000f1200000,0x00000000f1200000,0x00000000f3400000)
 ParOldGen       total 131584K, used 68270K [0x0000000081800000, 0x0000000089880000, 0x00000000d5d80000)
  object space 131584K, 51% used [0x0000000081800000,0x0000000085aab930,0x0000000089880000)
 Metaspace       used 16265K, capacity 16452K, committed 16640K, reserved 1064960K
  class space    used 1469K, capacity 1526K, committed 1536K, reserved 1048576K
}
Event: 21.076 GC heap before
{Heap before GC invocations=14 (full 1):
 PSYoungGen      total 467968K, used 446841K [0x00000000d5d80000, 0x00000000f5600000, 0x0000000100000000)
  eden space 446976K, 99% used [0x00000000d5d80000,0x00000000f11ce5d8,0x00000000f1200000)
  from space 20992K, 0% used [0x00000000f4180000,0x00000000f4190000,0x00000000f5600000)
  to   space 34816K, 0% used [0x00000000f1200000,0x00000000f1200000,0x00000000f3400000)
 ParOldGen       total 131584K, used 68270K [0x0000000081800000, 0x0000000089880000, 0x00000000d5d80000)
  object space 131584K, 51% used [0x0000000081800000,0x0000000085aab930,0x0000000089880000)
 Metaspace       used 16270K, capacity 16452K, committed 16640K, reserved 1064960K
  class space    used 1469K, capacity 1526K, committed 1536K, reserved 1048576K
Event: 21.077 GC heap after
Heap after GC invocations=14 (full 1):
 PSYoungGen      total 481792K, used 96K [0x00000000d5d80000, 0x00000000fde80000, 0x0000000100000000)
  eden space 446976K, 0% used [0x00000000d5d80000,0x00000000d5d80000,0x00000000f1200000)
  from space 34816K, 0% used [0x00000000f1200000,0x00000000f1218000,0x00000000f3400000)
  to   space 33280K, 0% used [0x00000000fbe00000,0x00000000fbe00000,0x00000000fde80000)
 ParOldGen       total 131584K, used 68286K [0x0000000081800000, 0x0000000089880000, 0x00000000d5d80000)
  object space 131584K, 51% used [0x0000000081800000,0x0000000085aaf930,0x0000000089880000)
 Metaspace       used 16270K, capacity 16452K, committed 16640K, reserved 1064960K
  class space    used 1469K, capacity 1526K, committed 1536K, reserved 1048576K
}

