# JRE version: Java(TM) SE Runtime Environment (8.0_121-b13) (build 1.8.0_121-b13)
# Java VM: Java HotSpot(TM) 64-Bit Server VM (25.121-b13 mixed mode windows-amd64 compressed oops)
Heap:
 PSYoungGen      total 499200K, used 309262K [0x00000000d5d80000, 0x00000000ffb80000, 0x0000000100000000)
  eden space 464384K, 66% used [0x00000000d5d80000,0x00000000e8b73810,0x00000000f2300000)
  from space 34816K, 0% used [0x00000000f2300000,0x00000000f2310000,0x00000000f4500000)
  to   space 33280K, 0% used [0x00000000fdb00000,0x00000000fdb00000,0x00000000ffb80000)
 ParOldGen       total 131584K, used 69199K [0x0000000081800000, 0x0000000089880000, 0x00000000d5d80000)
  object space 131584K, 52% used [0x0000000081800000,0x0000000085b93cb8,0x0000000089880000)
 Metaspace       used 17543K, capacity 17704K, committed 18048K, reserved 1064960K
  class space    used 1576K, capacity 1622K, committed 1664K, reserved 1048576K
GC Heap History (10 events):
Event: 8.444 GC heap before
{Heap before GC invocations=10 (full 1):
 PSYoungGen      total 266240K, used 234429K [0x00000000d5d80000, 0x00000000e8c00000, 0x0000000100000000)
  eden space 232960K, 99% used [0x00000000d5d80000,0x00000000e405b8e8,0x00000000e4100000)
  from space 33280K, 6% used [0x00000000e6b80000,0x00000000e6d93da0,0x00000000e8c00000)
  to   space 38400K, 0% used [0x00000000e4100000,0x00000000e4100000,0x00000000e6680000)
 ParOldGen       total 131584K, used 67049K [0x0000000081800000, 0x0000000089880000, 0x00000000d5d80000)
  object space 131584K, 50% used [0x0000000081800000,0x000000008597a688,0x0000000089880000)
 Metaspace       used 17383K, capacity 17576K, committed 17792K, reserved 1064960K
  class space    used 1576K, capacity 1622K, committed 1664K, reserved 1048576K
Event: 8.446 GC heap after
Heap after GC invocations=10 (full 1):
 PSYoungGen      total 271360K, used 1231K [0x00000000d5d80000, 0x00000000ef700000, 0x0000000100000000)
  eden space 232960K, 0% used [0x00000000d5d80000,0x00000000d5d80000,0x00000000e4100000)
  from space 38400K, 3% used [0x00000000e4100000,0x00000000e4233d80,0x00000000e6680000)
  to   space 37376K, 0% used [0x00000000ed280000,0x00000000ed280000,0x00000000ef700000)
 ParOldGen       total 131584K, used 67945K [0x0000000081800000, 0x0000000089880000, 0x00000000d5d80000)
  object space 131584K, 51% used [0x0000000081800000,0x0000000085a5a698,0x0000000089880000)
 Metaspace       used 17383K, capacity 17576K, committed 17792K, reserved 1064960K
  class space    used 1576K, capacity 1622K, committed 1664K, reserved 1048576K
}
Event: 10.708 GC heap before
{Heap before GC invocations=11 (full 1):
 PSYoungGen      total 271360K, used 233854K [0x00000000d5d80000, 0x00000000ef700000, 0x0000000100000000)
  eden space 232960K, 99% used [0x00000000d5d80000,0x00000000e40abab8,0x00000000e4100000)
  from space 38400K, 3% used [0x00000000e4100000,0x00000000e4233d80,0x00000000e6680000)
  to   space 37376K, 0% used [0x00000000ed280000,0x00000000ed280000,0x00000000ef700000)
 ParOldGen       total 131584K, used 67945K [0x0000000081800000, 0x0000000089880000, 0x00000000d5d80000)
  object space 131584K, 51% used [0x0000000081800000,0x0000000085a5a698,0x0000000089880000)
 Metaspace       used 17466K, capacity 17640K, committed 17792K, reserved 1064960K
  class space    used 1576K, capacity 1622K, committed 1664K, reserved 1048576K
Event: 10.709 GC heap after
Heap after GC invocations=11 (full 1):
 PSYoungGen      total 366592K, used 128K [0x00000000d5d80000, 0x00000000eef00000, 0x0000000100000000)
  eden space 337408K, 0% used [0x00000000d5d80000,0x00000000d5d80000,0x00000000ea700000)
  from space 29184K, 0% used [0x00000000ed280000,0x00000000ed2a0000,0x00000000eef00000)
  to   space 36864K, 0% used [0x00000000ea700000,0x00000000ea700000,0x00000000ecb00000)
 ParOldGen       total 131584K, used 69127K [0x0000000081800000, 0x0000000089880000, 0x00000000d5d80000)
  object space 131584K, 52% used [0x0000000081800000,0x0000000085b81cb8,0x0000000089880000)
 Metaspace       used 17466K, capacity 17640K, committed 17792K, reserved 1064960K
  class space    used 1576K, capacity 1622K, committed 1664K, reserved 1048576K
}
Event: 13.989 GC heap before
{Heap before GC invocations=12 (full 1):
 PSYoungGen      total 366592K, used 336860K [0x00000000d5d80000, 0x00000000eef00000, 0x0000000100000000)
  eden space 337408K, 99% used [0x00000000d5d80000,0x00000000ea657048,0x00000000ea700000)
  from space 29184K, 0% used [0x00000000ed280000,0x00000000ed2a0000,0x00000000eef00000)
  to   space 36864K, 0% used [0x00000000ea700000,0x00000000ea700000,0x00000000ecb00000)
 ParOldGen       total 131584K, used 69127K [0x0000000081800000, 0x0000000089880000, 0x00000000d5d80000)
  object space 131584K, 52% used [0x0000000081800000,0x0000000085b81cb8,0x0000000089880000)
 Metaspace       used 17538K, capacity 17704K, committed 18048K, reserved 1064960K
  class space    used 1576K, capacity 1622K, committed 1664K, reserved 1048576K
Event: 13.990 GC heap after
Heap after GC invocations=12 (full 1):
 PSYoungGen      total 374272K, used 96K [0x00000000d5d80000, 0x00000000f7580000, 0x0000000100000000)
  eden space 337408K, 0% used [0x00000000d5d80000,0x00000000d5d80000,0x00000000ea700000)
  from space 36864K, 0% used [0x00000000ea700000,0x00000000ea718000,0x00000000ecb00000)
  to   space 35840K, 0% used [0x00000000f5280000,0x00000000f5280000,0x00000000f7580000)
 ParOldGen       total 131584K, used 69159K [0x0000000081800000, 0x0000000089880000, 0x00000000d5d80000)
  object space 131584K, 52% used [0x0000000081800000,0x0000000085b89cb8,0x0000000089880000)
 Metaspace       used 17538K, capacity 17704K, committed 18048K, reserved 1064960K
  class space    used 1576K, capacity 1622K, committed 1664K, reserved 1048576K
}
Event: 17.203 GC heap before
{Heap before GC invocations=13 (full 1):
 PSYoungGen      total 374272K, used 336870K [0x00000000d5d80000, 0x00000000f7580000, 0x0000000100000000)
  eden space 337408K, 99% used [0x00000000d5d80000,0x00000000ea661838,0x00000000ea700000)
  from space 36864K, 0% used [0x00000000ea700000,0x00000000ea718000,0x00000000ecb00000)
  to   space 35840K, 0% used [0x00000000f5280000,0x00000000f5280000,0x00000000f7580000)
 ParOldGen       total 131584K, used 69159K [0x0000000081800000, 0x0000000089880000, 0x00000000d5d80000)
  object space 131584K, 52% used [0x0000000081800000,0x0000000085b89cb8,0x0000000089880000)
 Metaspace       used 17538K, capacity 17704K, committed 18048K, reserved 1064960K
  class space    used 1576K, capacity 1622K, committed 1664K, reserved 1048576K
Event: 17.204 GC heap after
Heap after GC invocations=13 (full 1):
 PSYoungGen      total 485376K, used 96K [0x00000000d5d80000, 0x00000000f6700000, 0x0000000100000000)
  eden space 464384K, 0% used [0x00000000d5d80000,0x00000000d5d80000,0x00000000f2300000)
  from space 20992K, 0% used [0x00000000f5280000,0x00000000f5298000,0x00000000f6700000)
  to   space 34816K, 0% used [0x00000000f2300000,0x00000000f2300000,0x00000000f4500000)
 ParOldGen       total 131584K, used 69183K [0x0000000081800000, 0x0000000089880000, 0x00000000d5d80000)
  object space 131584K, 52% used [0x0000000081800000,0x0000000085b8fcb8,0x0000000089880000)
 Metaspace       used 17538K, capacity 17704K, committed 18048K, reserved 1064960K
  class space    used 1576K, capacity 1622K, committed 1664K, reserved 1048576K
}
Event: 21.732 GC heap before
{Heap before GC invocations=14 (full 1):
 PSYoungGen      total 485376K, used 464234K [0x00000000d5d80000, 0x00000000f6700000, 0x0000000100000000)
  eden space 464384K, 99% used [0x00000000d5d80000,0x00000000f22c2810,0x00000000f2300000)
  from space 20992K, 0% used [0x00000000f5280000,0x00000000f5298000,0x00000000f6700000)
  to   space 34816K, 0% used [0x00000000f2300000,0x00000000f2300000,0x00000000f4500000)
 ParOldGen       total 131584K, used 69183K [0x0000000081800000, 0x0000000089880000, 0x00000000d5d80000)
  object space 131584K, 52% used [0x0000000081800000,0x0000000085b8fcb8,0x0000000089880000)
 Metaspace       used 17538K, capacity 17704K, committed 18048K, reserved 1064960K
  class space    used 1576K, capacity 1622K, committed 1664K, reserved 1048576K
Event: 21.733 GC heap after
Heap after GC invocations=14 (full 1):
 PSYoungGen      total 499200K, used 64K [0x00000000d5d80000, 0x00000000ffb80000, 0x0000000100000000)
  eden space 464384K, 0% used [0x00000000d5d80000,0x00000000d5d80000,0x00000000f2300000)
  from space 34816K, 0% used [0x00000000f2300000,0x00000000f2310000,0x00000000f4500000)
  to   space 33280K, 0% used [0x00000000fdb00000,0x00000000fdb00000,0x00000000ffb80000)
 ParOldGen       total 131584K, used 69199K [0x0000000081800000, 0x0000000089880000, 0x00000000d5d80000)
  object space 131584K, 52% used [0x0000000081800000,0x0000000085b93cb8,0x0000000089880000)
 Metaspace       used 17538K, capacity 17704K, committed 18048K, reserved 1064960K
  class space    used 1576K, capacity 1622K, committed 1664K, reserved 1048576K
}

