# JRE version: Java(TM) SE Runtime Environment (8.0_121-b13) (build 1.8.0_121-b13)
# Java VM: Java HotSpot(TM) 64-Bit Server VM (25.121-b13 mixed mode windows-amd64 compressed oops)
Heap:
 PSYoungGen      total 467968K, used 360272K [0x00000000d5d80000, 0x00000000f5600000, 0x0000000100000000)
  eden space 446976K, 80% used [0x00000000d5d80000,0x00000000ebd3c158,0x00000000f1200000)
  from space 20992K, 0% used [0x00000000f4180000,0x00000000f4198000,0x00000000f5600000)
  to   space 34816K, 0% used [0x00000000f1200000,0x00000000f1200000,0x00000000f3400000)
 ParOldGen       total 131584K, used 69302K [0x0000000081800000, 0x0000000089880000, 0x00000000d5d80000)
  object space 131584K, 52% used [0x0000000081800000,0x0000000085bad9e8,0x0000000089880000)
 Metaspace       used 17532K, capacity 17704K, committed 18048K, reserved 1064960K
  class space    used 1578K, capacity 1622K, committed 1664K, reserved 1048576K
GC Heap History (10 events):
Event: 6.111 GC heap before
{Heap before GC invocations=9 (full 1):
 PSYoungGen      total 166400K, used 130859K [0x00000000d5d80000, 0x00000000e8e00000, 0x0000000100000000)
  eden space 124928K, 99% used [0x00000000d5d80000,0x00000000dd6e8fd8,0x00000000dd780000)
  from space 41472K, 15% used [0x00000000dd780000,0x00000000ddde1ff0,0x00000000e0000000)
  to   space 39424K, 0% used [0x00000000e6780000,0x00000000e6780000,0x00000000e8e00000)
 ParOldGen       total 131584K, used 62838K [0x0000000081800000, 0x0000000089880000, 0x00000000d5d80000)
  object space 131584K, 47% used [0x0000000081800000,0x000000008555dab8,0x0000000089880000)
 Metaspace       used 17276K, capacity 17448K, committed 17792K, reserved 1064960K
  class space    used 1578K, capacity 1622K, committed 1664K, reserved 1048576K
Event: 6.114 GC heap after
Heap after GC invocations=9 (full 1):
 PSYoungGen      total 261120K, used 2223K [0x00000000d5d80000, 0x00000000e8780000, 0x0000000100000000)
  eden space 228352K, 0% used [0x00000000d5d80000,0x00000000d5d80000,0x00000000e3c80000)
  from space 32768K, 6% used [0x00000000e6780000,0x00000000e69abf80,0x00000000e8780000)
  to   space 38400K, 0% used [0x00000000e3c80000,0x00000000e3c80000,0x00000000e6200000)
 ParOldGen       total 131584K, used 67041K [0x0000000081800000, 0x0000000089880000, 0x00000000d5d80000)
  object space 131584K, 50% used [0x0000000081800000,0x0000000085978558,0x0000000089880000)
 Metaspace       used 17276K, capacity 17448K, committed 17792K, reserved 1064960K
  class space    used 1578K, capacity 1622K, committed 1664K, reserved 1048576K
}
Event: 8.309 GC heap before
{Heap before GC invocations=10 (full 1):
 PSYoungGen      total 261120K, used 230138K [0x00000000d5d80000, 0x00000000e8780000, 0x0000000100000000)
  eden space 228352K, 99% used [0x00000000d5d80000,0x00000000e3c12bf0,0x00000000e3c80000)
  from space 32768K, 6% used [0x00000000e6780000,0x00000000e69abf80,0x00000000e8780000)
  to   space 38400K, 0% used [0x00000000e3c80000,0x00000000e3c80000,0x00000000e6200000)
 ParOldGen       total 131584K, used 67041K [0x0000000081800000, 0x0000000089880000, 0x00000000d5d80000)
  object space 131584K, 50% used [0x0000000081800000,0x0000000085978558,0x0000000089880000)
 Metaspace       used 17368K, capacity 17576K, committed 17792K, reserved 1064960K
  class space    used 1578K, capacity 1622K, committed 1664K, reserved 1048576K
Event: 8.311 GC heap after
Heap after GC invocations=10 (full 1):
 PSYoungGen      total 266752K, used 1391K [0x00000000d5d80000, 0x00000000eee00000, 0x0000000100000000)
  eden space 228352K, 0% used [0x00000000d5d80000,0x00000000d5d80000,0x00000000e3c80000)
  from space 38400K, 3% used [0x00000000e3c80000,0x00000000e3ddbf80,0x00000000e6200000)
  to   space 37376K, 0% used [0x00000000ec980000,0x00000000ec980000,0x00000000eee00000)
 ParOldGen       total 131584K, used 67913K [0x0000000081800000, 0x0000000089880000, 0x00000000d5d80000)
  object space 131584K, 51% used [0x0000000081800000,0x0000000085a52568,0x0000000089880000)
 Metaspace       used 17368K, capacity 17576K, committed 17792K, reserved 1064960K
  class space    used 1578K, capacity 1622K, committed 1664K, reserved 1048576K
}
Event: 10.524 GC heap before
{Heap before GC invocations=11 (full 1):
 PSYoungGen      total 266752K, used 228955K [0x00000000d5d80000, 0x00000000eee00000, 0x0000000100000000)
  eden space 228352K, 99% used [0x00000000d5d80000,0x00000000e3bbb058,0x00000000e3c80000)
  from space 38400K, 3% used [0x00000000e3c80000,0x00000000e3ddbf80,0x00000000e6200000)
  to   space 37376K, 0% used [0x00000000ec980000,0x00000000ec980000,0x00000000eee00000)
 ParOldGen       total 131584K, used 67913K [0x0000000081800000, 0x0000000089880000, 0x00000000d5d80000)
  object space 131584K, 51% used [0x0000000081800000,0x0000000085a52568,0x0000000089880000)
 Metaspace       used 17456K, capacity 17640K, committed 17792K, reserved 1064960K
  class space    used 1578K, capacity 1622K, committed 1664K, reserved 1048576K
Event: 10.526 GC heap after
Heap after GC invocations=11 (full 1):
 PSYoungGen      total 357376K, used 96K [0x00000000d5d80000, 0x00000000ee600000, 0x0000000100000000)
  eden space 328192K, 0% used [0x00000000d5d80000,0x00000000d5d80000,0x00000000e9e00000)
  from space 29184K, 0% used [0x00000000ec980000,0x00000000ec998000,0x00000000ee600000)
  to   space 36864K, 0% used [0x00000000e9e00000,0x00000000e9e00000,0x00000000ec200000)
 ParOldGen       total 131584K, used 69262K [0x0000000081800000, 0x0000000089880000, 0x00000000d5d80000)
  object space 131584K, 52% used [0x0000000081800000,0x0000000085ba39e8,0x0000000089880000)
 Metaspace       used 17456K, capacity 17640K, committed 17792K, reserved 1064960K
  class space    used 1578K, capacity 1622K, committed 1664K, reserved 1048576K
}
Event: 13.723 GC heap before
{Heap before GC invocations=12 (full 1):
 PSYoungGen      total 357376K, used 328288K [0x00000000d5d80000, 0x00000000ee600000, 0x0000000100000000)
  eden space 328192K, 100% used [0x00000000d5d80000,0x00000000e9e00000,0x00000000e9e00000)
  from space 29184K, 0% used [0x00000000ec980000,0x00000000ec998000,0x00000000ee600000)
  to   space 36864K, 0% used [0x00000000e9e00000,0x00000000e9e00000,0x00000000ec200000)
 ParOldGen       total 131584K, used 69262K [0x0000000081800000, 0x0000000089880000, 0x00000000d5d80000)
  object space 131584K, 52% used [0x0000000081800000,0x0000000085ba39e8,0x0000000089880000)
 Metaspace       used 17521K, capacity 17704K, committed 18048K, reserved 1064960K
  class space    used 1578K, capacity 1622K, committed 1664K, reserved 1048576K
Event: 13.724 GC heap after
Heap after GC invocations=12 (full 1):
 PSYoungGen      total 365056K, used 96K [0x00000000d5d80000, 0x00000000f6480000, 0x0000000100000000)
  eden space 328192K, 0% used [0x00000000d5d80000,0x00000000d5d80000,0x00000000e9e00000)
  from space 36864K, 0% used [0x00000000e9e00000,0x00000000e9e18000,0x00000000ec200000)
  to   space 35840K, 0% used [0x00000000f4180000,0x00000000f4180000,0x00000000f6480000)
 ParOldGen       total 131584K, used 69286K [0x0000000081800000, 0x0000000089880000, 0x00000000d5d80000)
  object space 131584K, 52% used [0x0000000081800000,0x0000000085ba99e8,0x0000000089880000)
 Metaspace       used 17521K, capacity 17704K, committed 18048K, reserved 1064960K
  class space    used 1578K, capacity 1622K, committed 1664K, reserved 1048576K
}
Event: 16.853 GC heap before
{Heap before GC invocations=13 (full 1):
 PSYoungGen      total 365056K, used 328288K [0x00000000d5d80000, 0x00000000f6480000, 0x0000000100000000)
  eden space 328192K, 100% used [0x00000000d5d80000,0x00000000e9e00000,0x00000000e9e00000)
  from space 36864K, 0% used [0x00000000e9e00000,0x00000000e9e18000,0x00000000ec200000)
  to   space 35840K, 0% used [0x00000000f4180000,0x00000000f4180000,0x00000000f6480000)
 ParOldGen       total 131584K, used 69286K [0x0000000081800000, 0x0000000089880000, 0x00000000d5d80000)
  object space 131584K, 52% used [0x0000000081800000,0x0000000085ba99e8,0x0000000089880000)
 Metaspace       used 17527K, capacity 17704K, committed 18048K, reserved 1064960K
  class space    used 1578K, capacity 1622K, committed 1664K, reserved 1048576K
Event: 16.854 GC heap after
Heap after GC invocations=13 (full 1):
 PSYoungGen      total 467968K, used 96K [0x00000000d5d80000, 0x00000000f5600000, 0x0000000100000000)
  eden space 446976K, 0% used [0x00000000d5d80000,0x00000000d5d80000,0x00000000f1200000)
  from space 20992K, 0% used [0x00000000f4180000,0x00000000f4198000,0x00000000f5600000)
  to   space 34816K, 0% used [0x00000000f1200000,0x00000000f1200000,0x00000000f3400000)
 ParOldGen       total 131584K, used 69302K [0x0000000081800000, 0x0000000089880000, 0x00000000d5d80000)
  object space 131584K, 52% used [0x0000000081800000,0x0000000085bad9e8,0x0000000089880000)
 Metaspace       used 17527K, capacity 17704K, committed 18048K, reserved 1064960K
  class space    used 1578K, capacity 1622K, committed 1664K, reserved 1048576K
}

