# JRE version: Java(TM) SE Runtime Environment (8.0_121-b13) (build 1.8.0_121-b13)
# Java VM: Java HotSpot(TM) 64-Bit Server VM (25.121-b13 mixed mode windows-amd64 compressed oops)
Heap:
 PSYoungGen      total 588288K, used 68090K [0x00000000d5d80000, 0x00000000fcf00000, 0x0000000100000000)
  eden space 577024K, 11% used [0x00000000d5d80000,0x00000000d9fe6a28,0x00000000f9100000)
  from space 11264K, 0% used [0x00000000fc400000,0x00000000fc418000,0x00000000fcf00000)
  to   space 31744K, 0% used [0x00000000f9100000,0x00000000f9100000,0x00000000fb000000)
 ParOldGen       total 131584K, used 69371K [0x0000000081800000, 0x0000000089880000, 0x00000000d5d80000)
  object space 131584K, 52% used [0x0000000081800000,0x0000000085bbee40,0x0000000089880000)
 Metaspace       used 17530K, capacity 17704K, committed 18048K, reserved 1064960K
  class space    used 1576K, capacity 1622K, committed 1664K, reserved 1048576K
GC Heap History (10 events):
Event: 10.230 GC heap before
{Heap before GC invocations=11 (full 1):
 PSYoungGen      total 267264K, used 230239K [0x00000000d5d80000, 0x00000000eef80000, 0x0000000100000000)
  eden space 228864K, 100% used [0x00000000d5d80000,0x00000000e3d00000,0x00000000e3d00000)
  from space 38400K, 3% used [0x00000000e3d00000,0x00000000e3e57f70,0x00000000e6280000)
  to   space 37376K, 0% used [0x00000000ecb00000,0x00000000ecb00000,0x00000000eef80000)
 ParOldGen       total 131584K, used 67932K [0x0000000081800000, 0x0000000089880000, 0x00000000d5d80000)
  object space 131584K, 51% used [0x0000000081800000,0x0000000085a57238,0x0000000089880000)
 Metaspace       used 17459K, capacity 17640K, committed 17792K, reserved 1064960K
  class space    used 1576K, capacity 1622K, committed 1664K, reserved 1048576K
Event: 10.232 GC heap after
Heap after GC invocations=11 (full 1):
 PSYoungGen      total 358912K, used 128K [0x00000000d5d80000, 0x00000000ee780000, 0x0000000100000000)
  eden space 329728K, 0% used [0x00000000d5d80000,0x00000000d5d80000,0x00000000e9f80000)
  from space 29184K, 0% used [0x00000000ecb00000,0x00000000ecb20000,0x00000000ee780000)
  to   space 36864K, 0% used [0x00000000e9f80000,0x00000000e9f80000,0x00000000ec380000)
 ParOldGen       total 131584K, used 69275K [0x0000000081800000, 0x0000000089880000, 0x00000000d5d80000)
  object space 131584K, 52% used [0x0000000081800000,0x0000000085ba6e40,0x0000000089880000)
 Metaspace       used 17459K, capacity 17640K, committed 17792K, reserved 1064960K
  class space    used 1576K, capacity 1622K, committed 1664K, reserved 1048576K
}
Event: 13.444 GC heap before
{Heap before GC invocations=12 (full 1):
 PSYoungGen      total 358912K, used 329133K [0x00000000d5d80000, 0x00000000ee780000, 0x0000000100000000)
  eden space 329728K, 99% used [0x00000000d5d80000,0x00000000e9ecb7e8,0x00000000e9f80000)
  from space 29184K, 0% used [0x00000000ecb00000,0x00000000ecb20000,0x00000000ee780000)
  to   space 36864K, 0% used [0x00000000e9f80000,0x00000000e9f80000,0x00000000ec380000)
 ParOldGen       total 131584K, used 69275K [0x0000000081800000, 0x0000000089880000, 0x00000000d5d80000)
  object space 131584K, 52% used [0x0000000081800000,0x0000000085ba6e40,0x0000000089880000)
 Metaspace       used 17523K, capacity 17704K, committed 18048K, reserved 1064960K
  class space    used 1576K, capacity 1622K, committed 1664K, reserved 1048576K
Event: 13.446 GC heap after
Heap after GC invocations=12 (full 1):
 PSYoungGen      total 366592K, used 64K [0x00000000d5d80000, 0x00000000f6800000, 0x0000000100000000)
  eden space 329728K, 0% used [0x00000000d5d80000,0x00000000d5d80000,0x00000000e9f80000)
  from space 36864K, 0% used [0x00000000e9f80000,0x00000000e9f90000,0x00000000ec380000)
  to   space 35840K, 0% used [0x00000000f4500000,0x00000000f4500000,0x00000000f6800000)
 ParOldGen       total 131584K, used 69307K [0x0000000081800000, 0x0000000089880000, 0x00000000d5d80000)
  object space 131584K, 52% used [0x0000000081800000,0x0000000085baee40,0x0000000089880000)
 Metaspace       used 17523K, capacity 17704K, committed 18048K, reserved 1064960K
  class space    used 1576K, capacity 1622K, committed 1664K, reserved 1048576K
}
Event: 16.591 GC heap before
{Heap before GC invocations=13 (full 1):
 PSYoungGen      total 366592K, used 329239K [0x00000000d5d80000, 0x00000000f6800000, 0x0000000100000000)
  eden space 329728K, 99% used [0x00000000d5d80000,0x00000000e9ef5fb0,0x00000000e9f80000)
  from space 36864K, 0% used [0x00000000e9f80000,0x00000000e9f90000,0x00000000ec380000)
  to   space 35840K, 0% used [0x00000000f4500000,0x00000000f4500000,0x00000000f6800000)
 ParOldGen       total 131584K, used 69307K [0x0000000081800000, 0x0000000089880000, 0x00000000d5d80000)
  object space 131584K, 52% used [0x0000000081800000,0x0000000085baee40,0x0000000089880000)
 Metaspace       used 17529K, capacity 17704K, committed 18048K, reserved 1064960K
  class space    used 1576K, capacity 1622K, committed 1664K, reserved 1048576K
Event: 16.592 GC heap after
Heap after GC invocations=13 (full 1):
 PSYoungGen      total 470528K, used 32K [0x00000000d5d80000, 0x00000000f5880000, 0x0000000100000000)
  eden space 450560K, 0% used [0x00000000d5d80000,0x00000000d5d80000,0x00000000f1580000)
  from space 19968K, 0% used [0x00000000f4500000,0x00000000f4508000,0x00000000f5880000)
  to   space 34304K, 0% used [0x00000000f1580000,0x00000000f1580000,0x00000000f3700000)
 ParOldGen       total 131584K, used 69323K [0x0000000081800000, 0x0000000089880000, 0x00000000d5d80000)
  object space 131584K, 52% used [0x0000000081800000,0x0000000085bb2e40,0x0000000089880000)
 Metaspace       used 17529K, capacity 17704K, committed 18048K, reserved 1064960K
  class space    used 1576K, capacity 1622K, committed 1664K, reserved 1048576K
}
Event: 20.972 GC heap before
{Heap before GC invocations=14 (full 1):
 PSYoungGen      total 470528K, used 450014K [0x00000000d5d80000, 0x00000000f5880000, 0x0000000100000000)
  eden space 450560K, 99% used [0x00000000d5d80000,0x00000000f14ef860,0x00000000f1580000)
  from space 19968K, 0% used [0x00000000f4500000,0x00000000f4508000,0x00000000f5880000)
  to   space 34304K, 0% used [0x00000000f1580000,0x00000000f1580000,0x00000000f3700000)
 ParOldGen       total 131584K, used 69323K [0x0000000081800000, 0x0000000089880000, 0x00000000d5d80000)
  object space 131584K, 52% used [0x0000000081800000,0x0000000085bb2e40,0x0000000089880000)
 Metaspace       used 17529K, capacity 17704K, committed 18048K, reserved 1064960K
  class space    used 1576K, capacity 1622K, committed 1664K, reserved 1048576K
Event: 20.973 GC heap after
Heap after GC invocations=14 (full 1):
 PSYoungGen      total 484864K, used 32K [0x00000000d5d80000, 0x00000000fe480000, 0x0000000100000000)
  eden space 450560K, 0% used [0x00000000d5d80000,0x00000000d5d80000,0x00000000f1580000)
  from space 34304K, 0% used [0x00000000f1580000,0x00000000f1588000,0x00000000f3700000)
  to   space 33280K, 0% used [0x00000000fc400000,0x00000000fc400000,0x00000000fe480000)
 ParOldGen       total 131584K, used 69347K [0x0000000081800000, 0x0000000089880000, 0x00000000d5d80000)
  object space 131584K, 52% used [0x0000000081800000,0x0000000085bb8e40,0x0000000089880000)
 Metaspace       used 17529K, capacity 17704K, committed 18048K, reserved 1064960K
  class space    used 1576K, capacity 1622K, committed 1664K, reserved 1048576K
}
Event: 25.318 GC heap before
{Heap before GC invocations=15 (full 1):
 PSYoungGen      total 484864K, used 450537K [0x00000000d5d80000, 0x00000000fe480000, 0x0000000100000000)
  eden space 450560K, 99% used [0x00000000d5d80000,0x00000000f1572648,0x00000000f1580000)
  from space 34304K, 0% used [0x00000000f1580000,0x00000000f1588000,0x00000000f3700000)
  to   space 33280K, 0% used [0x00000000fc400000,0x00000000fc400000,0x00000000fe480000)
 ParOldGen       total 131584K, used 69347K [0x0000000081800000, 0x0000000089880000, 0x00000000d5d80000)
  object space 131584K, 52% used [0x0000000081800000,0x0000000085bb8e40,0x0000000089880000)
 Metaspace       used 17529K, capacity 17704K, committed 18048K, reserved 1064960K
  class space    used 1576K, capacity 1622K, committed 1664K, reserved 1048576K
Event: 25.319 GC heap after
Heap after GC invocations=15 (full 1):
 PSYoungGen      total 588288K, used 96K [0x00000000d5d80000, 0x00000000fcf00000, 0x0000000100000000)
  eden space 577024K, 0% used [0x00000000d5d80000,0x00000000d5d80000,0x00000000f9100000)
  from space 11264K, 0% used [0x00000000fc400000,0x00000000fc418000,0x00000000fcf00000)
  to   space 31744K, 0% used [0x00000000f9100000,0x00000000f9100000,0x00000000fb000000)
 ParOldGen       total 131584K, used 69371K [0x0000000081800000, 0x0000000089880000, 0x00000000d5d80000)
  object space 131584K, 52% used [0x0000000081800000,0x0000000085bbee40,0x0000000089880000)
 Metaspace       used 17529K, capacity 17704K, committed 18048K, reserved 1064960K
  class space    used 1576K, capacity 1622K, committed 1664K, reserved 1048576K
}

