# JRE version: Java(TM) SE Runtime Environment (8.0_121-b13) (build 1.8.0_121-b13)
# Java VM: Java HotSpot(TM) 64-Bit Server VM (25.121-b13 mixed mode windows-amd64 compressed oops)
Heap:
 PSYoungGen      total 257024K, used 184557K [0x00000000d5d80000, 0x00000000e8400000, 0x0000000100000000)
  eden space 224768K, 80% used [0x00000000d5d80000,0x00000000e0ef3450,0x00000000e3900000)
  from space 32256K, 8% used [0x00000000e6480000,0x00000000e6748060,0x00000000e8400000)
  to   space 38400K, 0% used [0x00000000e3900000,0x00000000e3900000,0x00000000e5e80000)
 ParOldGen       total 131584K, used 66282K [0x0000000081800000, 0x0000000089880000, 0x00000000d5d80000)
  object space 131584K, 50% used [0x0000000081800000,0x00000000858bab40,0x0000000089880000)
 Metaspace       used 17269K, capacity 17448K, committed 17792K, reserved 1064960K
  class space    used 1571K, capacity 1622K, committed 1664K, reserved 1048576K
GC Heap History (10 events):
Event: 2.593 GC heap before
{Heap before GC invocations=5 (full 1):
 PSYoungGen      total 38400K, used 32680K [0x00000000d5d80000, 0x00000000da880000, 0x0000000100000000)
  eden space 33280K, 98% used [0x00000000d5d80000,0x00000000d7d6a0f0,0x00000000d7e00000)
  from space 5120K, 0% used [0x00000000d7e00000,0x00000000d7e00000,0x00000000d8300000)
  to   space 5120K, 0% used [0x00000000da380000,0x00000000da380000,0x00000000da880000)
 ParOldGen       total 131584K, used 54661K [0x0000000081800000, 0x0000000089880000, 0x00000000d5d80000)
  object space 131584K, 41% used [0x0000000081800000,0x0000000084d614c8,0x0000000089880000)
 Metaspace       used 15753K, capacity 16004K, committed 16128K, reserved 1064960K
  class space    used 1468K, capacity 1526K, committed 1536K, reserved 1048576K
Event: 2.597 GC heap after
Heap after GC invocations=5 (full 1):
 PSYoungGen      total 69632K, used 5112K [0x00000000d5d80000, 0x00000000da880000, 0x0000000100000000)
  eden space 64512K, 0% used [0x00000000d5d80000,0x00000000d5d80000,0x00000000d9c80000)
  from space 5120K, 99% used [0x00000000da380000,0x00000000da87e070,0x00000000da880000)
  to   space 5120K, 0% used [0x00000000d9e80000,0x00000000d9e80000,0x00000000da380000)
 ParOldGen       total 131584K, used 61135K [0x0000000081800000, 0x0000000089880000, 0x00000000d5d80000)
  object space 131584K, 46% used [0x0000000081800000,0x00000000853b3f88,0x0000000089880000)
 Metaspace       used 15753K, capacity 16004K, committed 16128K, reserved 1064960K
  class space    used 1468K, capacity 1526K, committed 1536K, reserved 1048576K
}
Event: 3.638 GC heap before
{Heap before GC invocations=6 (full 1):
 PSYoungGen      total 69632K, used 68914K [0x00000000d5d80000, 0x00000000da880000, 0x0000000100000000)
  eden space 64512K, 98% used [0x00000000d5d80000,0x00000000d9bce900,0x00000000d9c80000)
  from space 5120K, 99% used [0x00000000da380000,0x00000000da87e070,0x00000000da880000)
  to   space 5120K, 0% used [0x00000000d9e80000,0x00000000d9e80000,0x00000000da380000)
 ParOldGen       total 131584K, used 61135K [0x0000000081800000, 0x0000000089880000, 0x00000000d5d80000)
  object space 131584K, 46% used [0x0000000081800000,0x00000000853b3f88,0x0000000089880000)
 Metaspace       used 16973K, capacity 17128K, committed 17280K, reserved 1064960K
  class space    used 1571K, capacity 1622K, committed 1664K, reserved 1048576K
Event: 3.642 GC heap after
Heap after GC invocations=6 (full 1):
 PSYoungGen      total 71680K, used 5092K [0x00000000d5d80000, 0x00000000e2800000, 0x0000000100000000)
  eden space 66560K, 0% used [0x00000000d5d80000,0x00000000d5d80000,0x00000000d9e80000)
  from space 5120K, 99% used [0x00000000d9e80000,0x00000000da3790a0,0x00000000da380000)
  to   space 41984K, 0% used [0x00000000dff00000,0x00000000dff00000,0x00000000e2800000)
 ParOldGen       total 131584K, used 64030K [0x0000000081800000, 0x0000000089880000, 0x00000000d5d80000)
  object space 131584K, 48% used [0x0000000081800000,0x0000000085687bb0,0x0000000089880000)
 Metaspace       used 16973K, capacity 17128K, committed 17280K, reserved 1064960K
  class space    used 1571K, capacity 1622K, committed 1664K, reserved 1048576K
}
Event: 4.942 GC heap before
{Heap before GC invocations=7 (full 1):
 PSYoungGen      total 71680K, used 71085K [0x00000000d5d80000, 0x00000000e2800000, 0x0000000100000000)
  eden space 66560K, 99% used [0x00000000d5d80000,0x00000000d9df2588,0x00000000d9e80000)
  from space 5120K, 99% used [0x00000000d9e80000,0x00000000da3790a0,0x00000000da380000)
  to   space 41984K, 0% used [0x00000000dff00000,0x00000000dff00000,0x00000000e2800000)
 ParOldGen       total 131584K, used 64030K [0x0000000081800000, 0x0000000089880000, 0x00000000d5d80000)
  object space 131584K, 48% used [0x0000000081800000,0x0000000085687bb0,0x0000000089880000)
 Metaspace       used 17038K, capacity 17256K, committed 17536K, reserved 1064960K
  class space    used 1571K, capacity 1622K, committed 1664K, reserved 1048576K
Event: 4.944 GC heap after
Heap after GC invocations=7 (full 1):
 PSYoungGen      total 166400K, used 5076K [0x00000000d5d80000, 0x00000000e2800000, 0x0000000100000000)
  eden space 124416K, 0% used [0x00000000d5d80000,0x00000000d5d80000,0x00000000dd700000)
  from space 41984K, 12% used [0x00000000dff00000,0x00000000e03f5090,0x00000000e2800000)
  to   space 40960K, 0% used [0x00000000dd700000,0x00000000dd700000,0x00000000dff00000)
 ParOldGen       total 131584K, used 64038K [0x0000000081800000, 0x0000000089880000, 0x00000000d5d80000)
  object space 131584K, 48% used [0x0000000081800000,0x0000000085689bb0,0x0000000089880000)
 Metaspace       used 17038K, capacity 17256K, committed 17536K, reserved 1064960K
  class space    used 1571K, capacity 1622K, committed 1664K, reserved 1048576K
}
Event: 7.365 GC heap before
{Heap before GC invocations=8 (full 1):
 PSYoungGen      total 166400K, used 129283K [0x00000000d5d80000, 0x00000000e2800000, 0x0000000100000000)
  eden space 124416K, 99% used [0x00000000d5d80000,0x00000000dd6cbcd8,0x00000000dd700000)
  from space 41984K, 12% used [0x00000000dff00000,0x00000000e03f5090,0x00000000e2800000)
  to   space 40960K, 0% used [0x00000000dd700000,0x00000000dd700000,0x00000000dff00000)
 ParOldGen       total 131584K, used 64038K [0x0000000081800000, 0x0000000089880000, 0x00000000d5d80000)
  object space 131584K, 48% used [0x0000000081800000,0x0000000085689bb0,0x0000000089880000)
 Metaspace       used 17153K, capacity 17384K, committed 17536K, reserved 1064960K
  class space    used 1571K, capacity 1622K, committed 1664K, reserved 1048576K
Event: 7.368 GC heap after
Heap after GC invocations=8 (full 1):
 PSYoungGen      total 165376K, used 5076K [0x00000000d5d80000, 0x00000000e8b00000, 0x0000000100000000)
  eden space 124416K, 0% used [0x00000000d5d80000,0x00000000d5d80000,0x00000000dd700000)
  from space 40960K, 12% used [0x00000000dd700000,0x00000000ddbf5090,0x00000000dff00000)
  to   space 39424K, 0% used [0x00000000e6480000,0x00000000e6480000,0x00000000e8b00000)
 ParOldGen       total 131584K, used 64046K [0x0000000081800000, 0x0000000089880000, 0x00000000d5d80000)
  object space 131584K, 48% used [0x0000000081800000,0x000000008568bbb0,0x0000000089880000)
 Metaspace       used 17153K, capacity 17384K, committed 17536K, reserved 1064960K
  class space    used 1571K, capacity 1622K, committed 1664K, reserved 1048576K
}
Event: 9.832 GC heap before
{Heap before GC invocations=9 (full 1):
 PSYoungGen      total 165376K, used 129381K [0x00000000d5d80000, 0x00000000e8b00000, 0x0000000100000000)
  eden space 124416K, 99% used [0x00000000d5d80000,0x00000000dd6e44c8,0x00000000dd700000)
  from space 40960K, 12% used [0x00000000dd700000,0x00000000ddbf5090,0x00000000dff00000)
  to   space 39424K, 0% used [0x00000000e6480000,0x00000000e6480000,0x00000000e8b00000)
 ParOldGen       total 131584K, used 64046K [0x0000000081800000, 0x0000000089880000, 0x00000000d5d80000)
  object space 131584K, 48% used [0x0000000081800000,0x000000008568bbb0,0x0000000089880000)
 Metaspace       used 17192K, capacity 17384K, committed 17536K, reserved 1064960K
  class space    used 1571K, capacity 1622K, committed 1664K, reserved 1048576K
Event: 9.834 GC heap after
Heap after GC invocations=9 (full 1):
 PSYoungGen      total 257024K, used 2848K [0x00000000d5d80000, 0x00000000e8400000, 0x0000000100000000)
  eden space 224768K, 0% used [0x00000000d5d80000,0x00000000d5d80000,0x00000000e3900000)
  from space 32256K, 8% used [0x00000000e6480000,0x00000000e6748060,0x00000000e8400000)
  to   space 38400K, 0% used [0x00000000e3900000,0x00000000e3900000,0x00000000e5e80000)
 ParOldGen       total 131584K, used 66282K [0x0000000081800000, 0x0000000089880000, 0x00000000d5d80000)
  object space 131584K, 50% used [0x0000000081800000,0x00000000858bab40,0x0000000089880000)
 Metaspace       used 17192K, capacity 17384K, committed 17536K, reserved 1064960K
  class space    used 1571K, capacity 1622K, committed 1664K, reserved 1048576K
}

