# JRE version: Java(TM) SE Runtime Environment (8.0_121-b13) (build 1.8.0_121-b13)
# Java VM: Java HotSpot(TM) 64-Bit Server VM (25.121-b13 mixed mode windows-amd64 compressed oops)
Heap:
 PSYoungGen      total 657408K, used 441700K [0x00000000d5d80000, 0x00000000fff80000, 0x0000000100000000)
  eden space 628224K, 70% used [0x00000000d5d80000,0x00000000f0cc1040,0x00000000fc300000)
  from space 29184K, 0% used [0x00000000fc300000,0x00000000fc318000,0x00000000fdf80000)
  to   space 27648K, 0% used [0x00000000fe480000,0x00000000fe480000,0x00000000fff80000)
 ParOldGen       total 131584K, used 69698K [0x0000000081800000, 0x0000000089880000, 0x00000000d5d80000)
  object space 131584K, 52% used [0x0000000081800000,0x0000000085c10b10,0x0000000089880000)
 Metaspace       used 17543K, capacity 17722K, committed 18048K, reserved 1064960K
  class space    used 1583K, capacity 1633K, committed 1664K, reserved 1048576K
GC Heap History (10 events):
Event: 20.927 GC heap before
{Heap before GC invocations=14 (full 1):
 PSYoungGen      total 454656K, used 435466K [0x00000000d5d80000, 0x00000000f4980000, 0x0000000100000000)
  eden space 434176K, 99% used [0x00000000d5d80000,0x00000000f050a9d8,0x00000000f0580000)
  from space 20480K, 8% used [0x00000000f3580000,0x00000000f3738040,0x00000000f4980000)
  to   space 34816K, 0% used [0x00000000f0580000,0x00000000f0580000,0x00000000f2780000)
 ParOldGen       total 131584K, used 68034K [0x0000000081800000, 0x0000000089880000, 0x00000000d5d80000)
  object space 131584K, 51% used [0x0000000081800000,0x0000000085a70990,0x0000000089880000)
 Metaspace       used 17515K, capacity 17722K, committed 18048K, reserved 1064960K
  class space    used 1583K, capacity 1633K, committed 1664K, reserved 1048576K
Event: 20.929 GC heap after
Heap after GC invocations=14 (full 1):
 PSYoungGen      total 468992K, used 64K [0x00000000d5d80000, 0x00000000fc780000, 0x0000000100000000)
  eden space 434176K, 0% used [0x00000000d5d80000,0x00000000d5d80000,0x00000000f0580000)
  from space 34816K, 0% used [0x00000000f0580000,0x00000000f0590000,0x00000000f2780000)
  to   space 33280K, 0% used [0x00000000fa700000,0x00000000fa700000,0x00000000fc780000)
 ParOldGen       total 131584K, used 69674K [0x0000000081800000, 0x0000000089880000, 0x00000000d5d80000)
  object space 131584K, 52% used [0x0000000081800000,0x0000000085c0ab10,0x0000000089880000)
 Metaspace       used 17515K, capacity 17722K, committed 18048K, reserved 1064960K
  class space    used 1583K, capacity 1633K, committed 1664K, reserved 1048576K
}
Event: 25.157 GC heap before
{Heap before GC invocations=15 (full 1):
 PSYoungGen      total 468992K, used 433422K [0x00000000d5d80000, 0x00000000fc780000, 0x0000000100000000)
  eden space 434176K, 99% used [0x00000000d5d80000,0x00000000f04b3948,0x00000000f0580000)
  from space 34816K, 0% used [0x00000000f0580000,0x00000000f0590000,0x00000000f2780000)
  to   space 33280K, 0% used [0x00000000fa700000,0x00000000fa700000,0x00000000fc780000)
 ParOldGen       total 131584K, used 69674K [0x0000000081800000, 0x0000000089880000, 0x00000000d5d80000)
  object space 131584K, 52% used [0x0000000081800000,0x0000000085c0ab10,0x0000000089880000)
 Metaspace       used 17542K, capacity 17722K, committed 18048K, reserved 1064960K
  class space    used 1583K, capacity 1633K, committed 1664K, reserved 1048576K
Event: 25.158 GC heap after
Heap after GC invocations=15 (full 1):
 PSYoungGen      total 559616K, used 64K [0x00000000d5d80000, 0x00000000fb280000, 0x0000000100000000)
  eden space 547840K, 0% used [0x00000000d5d80000,0x00000000d5d80000,0x00000000f7480000)
  from space 11776K, 0% used [0x00000000fa700000,0x00000000fa710000,0x00000000fb280000)
  to   space 31744K, 0% used [0x00000000f7480000,0x00000000f7480000,0x00000000f9380000)
 ParOldGen       total 131584K, used 69698K [0x0000000081800000, 0x0000000089880000, 0x00000000d5d80000)
  object space 131584K, 52% used [0x0000000081800000,0x0000000085c10b10,0x0000000089880000)
 Metaspace       used 17542K, capacity 17722K, committed 18048K, reserved 1064960K
  class space    used 1583K, capacity 1633K, committed 1664K, reserved 1048576K
}
Event: 30.488 GC heap before
{Heap before GC invocations=16 (full 1):
 PSYoungGen      total 559616K, used 547904K [0x00000000d5d80000, 0x00000000fb280000, 0x0000000100000000)
  eden space 547840K, 100% used [0x00000000d5d80000,0x00000000f7480000,0x00000000f7480000)
  from space 11776K, 0% used [0x00000000fa700000,0x00000000fa710000,0x00000000fb280000)
  to   space 31744K, 0% used [0x00000000f7480000,0x00000000f7480000,0x00000000f9380000)
 ParOldGen       total 131584K, used 69698K [0x0000000081800000, 0x0000000089880000, 0x00000000d5d80000)
  object space 131584K, 52% used [0x0000000081800000,0x0000000085c10b10,0x0000000089880000)
 Metaspace       used 17543K, capacity 17722K, committed 18048K, reserved 1064960K
  class space    used 1583K, capacity 1633K, committed 1664K, reserved 1048576K
Event: 30.489 GC heap after
Heap after GC invocations=16 (full 1):
 PSYoungGen      total 579584K, used 96K [0x00000000d5d80000, 0x0000000100000000, 0x0000000100000000)
  eden space 547840K, 0% used [0x00000000d5d80000,0x00000000d5d80000,0x00000000f7480000)
  from space 31744K, 0% used [0x00000000f7480000,0x00000000f7498000,0x00000000f9380000)
  to   space 30720K, 0% used [0x00000000fe200000,0x00000000fe200000,0x0000000100000000)
 ParOldGen       total 131584K, used 69698K [0x0000000081800000, 0x0000000089880000, 0x00000000d5d80000)
  object space 131584K, 52% used [0x0000000081800000,0x0000000085c10b10,0x0000000089880000)
 Metaspace       used 17543K, capacity 17722K, committed 18048K, reserved 1064960K
  class space    used 1583K, capacity 1633K, committed 1664K, reserved 1048576K
}
Event: 35.832 GC heap before
{Heap before GC invocations=17 (full 1):
 PSYoungGen      total 579584K, used 547713K [0x00000000d5d80000, 0x0000000100000000, 0x0000000100000000)
  eden space 547840K, 99% used [0x00000000d5d80000,0x00000000f7448700,0x00000000f7480000)
  from space 31744K, 0% used [0x00000000f7480000,0x00000000f7498000,0x00000000f9380000)
  to   space 30720K, 0% used [0x00000000fe200000,0x00000000fe200000,0x0000000100000000)
 ParOldGen       total 131584K, used 69698K [0x0000000081800000, 0x0000000089880000, 0x00000000d5d80000)
  object space 131584K, 52% used [0x0000000081800000,0x0000000085c10b10,0x0000000089880000)
 Metaspace       used 17543K, capacity 17722K, committed 18048K, reserved 1064960K
  class space    used 1583K, capacity 1633K, committed 1664K, reserved 1048576K
Event: 35.833 GC heap after
Heap after GC invocations=17 (full 1):
 PSYoungGen      total 654848K, used 96K [0x00000000d5d80000, 0x00000000ffc00000, 0x0000000100000000)
  eden space 628224K, 0% used [0x00000000d5d80000,0x00000000d5d80000,0x00000000fc300000)
  from space 26624K, 0% used [0x00000000fe200000,0x00000000fe218000,0x00000000ffc00000)
  to   space 29184K, 0% used [0x00000000fc300000,0x00000000fc300000,0x00000000fdf80000)
 ParOldGen       total 131584K, used 69698K [0x0000000081800000, 0x0000000089880000, 0x00000000d5d80000)
  object space 131584K, 52% used [0x0000000081800000,0x0000000085c10b10,0x0000000089880000)
 Metaspace       used 17543K, capacity 17722K, committed 18048K, reserved 1064960K
  class space    used 1583K, capacity 1633K, committed 1664K, reserved 1048576K
}
Event: 41.945 GC heap before
{Heap before GC invocations=18 (full 1):
 PSYoungGen      total 654848K, used 628299K [0x00000000d5d80000, 0x00000000ffc00000, 0x0000000100000000)
  eden space 628224K, 99% used [0x00000000d5d80000,0x00000000fc2fadc8,0x00000000fc300000)
  from space 26624K, 0% used [0x00000000fe200000,0x00000000fe218000,0x00000000ffc00000)
  to   space 29184K, 0% used [0x00000000fc300000,0x00000000fc300000,0x00000000fdf80000)
 ParOldGen       total 131584K, used 69698K [0x0000000081800000, 0x0000000089880000, 0x00000000d5d80000)
  object space 131584K, 52% used [0x0000000081800000,0x0000000085c10b10,0x0000000089880000)
 Metaspace       used 17543K, capacity 17722K, committed 18048K, reserved 1064960K
  class space    used 1583K, capacity 1633K, committed 1664K, reserved 1048576K
Event: 41.946 GC heap after
Heap after GC invocations=18 (full 1):
 PSYoungGen      total 657408K, used 96K [0x00000000d5d80000, 0x00000000fff80000, 0x0000000100000000)
  eden space 628224K, 0% used [0x00000000d5d80000,0x00000000d5d80000,0x00000000fc300000)
  from space 29184K, 0% used [0x00000000fc300000,0x00000000fc318000,0x00000000fdf80000)
  to   space 27648K, 0% used [0x00000000fe480000,0x00000000fe480000,0x00000000fff80000)
 ParOldGen       total 131584K, used 69698K [0x0000000081800000, 0x0000000089880000, 0x00000000d5d80000)
  object space 131584K, 52% used [0x0000000081800000,0x0000000085c10b10,0x0000000089880000)
 Metaspace       used 17543K, capacity 17722K, committed 18048K, reserved 1064960K
  class space    used 1583K, capacity 1633K, committed 1664K, reserved 1048576K
}

