# JRE version: Java(TM) SE Runtime Environment (8.0_121-b13) (build 1.8.0_121-b13)
# Java VM: Java HotSpot(TM) 64-Bit Server VM (25.121-b13 mixed mode windows-amd64 compressed oops)
Heap:
 PSYoungGen      total 474112K, used 207274K [0x00000000d5d80000, 0x00000000f5c00000, 0x0000000100000000)
  eden space 453120K, 45% used [0x00000000d5d80000,0x00000000e27da998,0x00000000f1800000)
  from space 20992K, 0% used [0x00000000f4780000,0x00000000f4790000,0x00000000f5c00000)
  to   space 34816K, 0% used [0x00000000f1800000,0x00000000f1800000,0x00000000f3a00000)
 ParOldGen       total 131584K, used 69124K [0x0000000081800000, 0x0000000089880000, 0x00000000d5d80000)
  object space 131584K, 52% used [0x0000000081800000,0x0000000085b811c8,0x0000000089880000)
 Metaspace       used 17545K, capacity 17736K, committed 18048K, reserved 1064960K
  class space    used 1581K, capacity 1654K, committed 1664K, reserved 1048576K
GC Heap History (10 events):
Event: 14.586 GC heap before
{Heap before GC invocations=9 (full 1):
 PSYoungGen      total 166400K, used 130631K [0x00000000d5d80000, 0x00000000e8e80000, 0x0000000100000000)
  eden space 124928K, 99% used [0x00000000d5d80000,0x00000000dd6e7e48,0x00000000dd780000)
  from space 41472K, 15% used [0x00000000dd780000,0x00000000ddda9e00,0x00000000e0000000)
  to   space 39424K, 0% used [0x00000000e6800000,0x00000000e6800000,0x00000000e8e80000)
 ParOldGen       total 131584K, used 62805K [0x0000000081800000, 0x0000000089880000, 0x00000000d5d80000)
  object space 131584K, 47% used [0x0000000081800000,0x0000000085555608,0x0000000089880000)
 Metaspace       used 17289K, capacity 17544K, committed 17792K, reserved 1064960K
  class space    used 1581K, capacity 1654K, committed 1664K, reserved 1048576K
Event: 14.593 GC heap after
Heap after GC invocations=9 (full 1):
 PSYoungGen      total 261632K, used 2927K [0x00000000d5d80000, 0x00000000e8800000, 0x0000000100000000)
  eden space 228864K, 0% used [0x00000000d5d80000,0x00000000d5d80000,0x00000000e3d00000)
  from space 32768K, 8% used [0x00000000e6800000,0x00000000e6adbdb0,0x00000000e8800000)
  to   space 38400K, 0% used [0x00000000e3d00000,0x00000000e3d00000,0x00000000e6280000)
 ParOldGen       total 131584K, used 66170K [0x0000000081800000, 0x0000000089880000, 0x00000000d5d80000)
  object space 131584K, 50% used [0x0000000081800000,0x000000008589eb78,0x0000000089880000)
 Metaspace       used 17289K, capacity 17544K, committed 17792K, reserved 1064960K
  class space    used 1581K, capacity 1654K, committed 1664K, reserved 1048576K
}
Event: 19.046 GC heap before
{Heap before GC invocations=10 (full 1):
 PSYoungGen      total 261632K, used 231791K [0x00000000d5d80000, 0x00000000e8800000, 0x0000000100000000)
  eden space 228864K, 100% used [0x00000000d5d80000,0x00000000e3d00000,0x00000000e3d00000)
  from space 32768K, 8% used [0x00000000e6800000,0x00000000e6adbdb0,0x00000000e8800000)
  to   space 38400K, 0% used [0x00000000e3d00000,0x00000000e3d00000,0x00000000e6280000)
 ParOldGen       total 131584K, used 66170K [0x0000000081800000, 0x0000000089880000, 0x00000000d5d80000)
  object space 131584K, 50% used [0x0000000081800000,0x000000008589eb78,0x0000000089880000)
 Metaspace       used 17388K, capacity 17608K, committed 17792K, reserved 1064960K
  class space    used 1581K, capacity 1654K, committed 1664K, reserved 1048576K
Event: 19.051 GC heap after
Heap after GC invocations=10 (full 1):
 PSYoungGen      total 267264K, used 1263K [0x00000000d5d80000, 0x00000000ef080000, 0x0000000100000000)
  eden space 228864K, 0% used [0x00000000d5d80000,0x00000000d5d80000,0x00000000e3d00000)
  from space 38400K, 3% used [0x00000000e3d00000,0x00000000e3e3bd70,0x00000000e6280000)
  to   space 37376K, 0% used [0x00000000ecc00000,0x00000000ecc00000,0x00000000ef080000)
 ParOldGen       total 131584K, used 67890K [0x0000000081800000, 0x0000000089880000, 0x00000000d5d80000)
  object space 131584K, 51% used [0x0000000081800000,0x0000000085a4cb98,0x0000000089880000)
 Metaspace       used 17388K, capacity 17608K, committed 17792K, reserved 1064960K
  class space    used 1581K, capacity 1654K, committed 1664K, reserved 1048576K
}
Event: 23.506 GC heap before
{Heap before GC invocations=11 (full 1):
 PSYoungGen      total 267264K, used 230127K [0x00000000d5d80000, 0x00000000ef080000, 0x0000000100000000)
  eden space 228864K, 100% used [0x00000000d5d80000,0x00000000e3d00000,0x00000000e3d00000)
  from space 38400K, 3% used [0x00000000e3d00000,0x00000000e3e3bd70,0x00000000e6280000)
  to   space 37376K, 0% used [0x00000000ecc00000,0x00000000ecc00000,0x00000000ef080000)
 ParOldGen       total 131584K, used 67890K [0x0000000081800000, 0x0000000089880000, 0x00000000d5d80000)
  object space 131584K, 51% used [0x0000000081800000,0x0000000085a4cb98,0x0000000089880000)
 Metaspace       used 17474K, capacity 17672K, committed 17792K, reserved 1064960K
  class space    used 1581K, capacity 1654K, committed 1664K, reserved 1048576K
Event: 23.511 GC heap after
Heap after GC invocations=11 (full 1):
 PSYoungGen      total 359936K, used 128K [0x00000000d5d80000, 0x00000000ee880000, 0x0000000100000000)
  eden space 330752K, 0% used [0x00000000d5d80000,0x00000000d5d80000,0x00000000ea080000)
  from space 29184K, 0% used [0x00000000ecc00000,0x00000000ecc20000,0x00000000ee880000)
  to   space 36864K, 0% used [0x00000000ea080000,0x00000000ea080000,0x00000000ec480000)
 ParOldGen       total 131584K, used 69084K [0x0000000081800000, 0x0000000089880000, 0x00000000d5d80000)
  object space 131584K, 52% used [0x0000000081800000,0x0000000085b771c8,0x0000000089880000)
 Metaspace       used 17474K, capacity 17672K, committed 17792K, reserved 1064960K
  class space    used 1581K, capacity 1654K, committed 1664K, reserved 1048576K
}
Event: 29.980 GC heap before
{Heap before GC invocations=12 (full 1):
 PSYoungGen      total 359936K, used 330049K [0x00000000d5d80000, 0x00000000ee880000, 0x0000000100000000)
  eden space 330752K, 99% used [0x00000000d5d80000,0x00000000e9fb0628,0x00000000ea080000)
  from space 29184K, 0% used [0x00000000ecc00000,0x00000000ecc20000,0x00000000ee880000)
  to   space 36864K, 0% used [0x00000000ea080000,0x00000000ea080000,0x00000000ec480000)
 ParOldGen       total 131584K, used 69084K [0x0000000081800000, 0x0000000089880000, 0x00000000d5d80000)
  object space 131584K, 52% used [0x0000000081800000,0x0000000085b771c8,0x0000000089880000)
 Metaspace       used 17538K, capacity 17736K, committed 18048K, reserved 1064960K
  class space    used 1581K, capacity 1654K, committed 1664K, reserved 1048576K
Event: 29.983 GC heap after
Heap after GC invocations=12 (full 1):
 PSYoungGen      total 367616K, used 64K [0x00000000d5d80000, 0x00000000f6a80000, 0x0000000100000000)
  eden space 330752K, 0% used [0x00000000d5d80000,0x00000000d5d80000,0x00000000ea080000)
  from space 36864K, 0% used [0x00000000ea080000,0x00000000ea090000,0x00000000ec480000)
  to   space 35840K, 0% used [0x00000000f4780000,0x00000000f4780000,0x00000000f6a80000)
 ParOldGen       total 131584K, used 69108K [0x0000000081800000, 0x0000000089880000, 0x00000000d5d80000)
  object space 131584K, 52% used [0x0000000081800000,0x0000000085b7d1c8,0x0000000089880000)
 Metaspace       used 17538K, capacity 17736K, committed 18048K, reserved 1064960K
  class space    used 1581K, capacity 1654K, committed 1664K, reserved 1048576K
}
Event: 36.353 GC heap before
{Heap before GC invocations=13 (full 1):
 PSYoungGen      total 367616K, used 330171K [0x00000000d5d80000, 0x00000000f6a80000, 0x0000000100000000)
  eden space 330752K, 99% used [0x00000000d5d80000,0x00000000e9fdec10,0x00000000ea080000)
  from space 36864K, 0% used [0x00000000ea080000,0x00000000ea090000,0x00000000ec480000)
  to   space 35840K, 0% used [0x00000000f4780000,0x00000000f4780000,0x00000000f6a80000)
 ParOldGen       total 131584K, used 69108K [0x0000000081800000, 0x0000000089880000, 0x00000000d5d80000)
  object space 131584K, 52% used [0x0000000081800000,0x0000000085b7d1c8,0x0000000089880000)
 Metaspace       used 17540K, capacity 17736K, committed 18048K, reserved 1064960K
  class space    used 1581K, capacity 1654K, committed 1664K, reserved 1048576K
Event: 36.355 GC heap after
Heap after GC invocations=13 (full 1):
 PSYoungGen      total 474112K, used 64K [0x00000000d5d80000, 0x00000000f5c00000, 0x0000000100000000)
  eden space 453120K, 0% used [0x00000000d5d80000,0x00000000d5d80000,0x00000000f1800000)
  from space 20992K, 0% used [0x00000000f4780000,0x00000000f4790000,0x00000000f5c00000)
  to   space 34816K, 0% used [0x00000000f1800000,0x00000000f1800000,0x00000000f3a00000)
 ParOldGen       total 131584K, used 69124K [0x0000000081800000, 0x0000000089880000, 0x00000000d5d80000)
  object space 131584K, 52% used [0x0000000081800000,0x0000000085b811c8,0x0000000089880000)
 Metaspace       used 17540K, capacity 17736K, committed 18048K, reserved 1064960K
  class space    used 1581K, capacity 1654K, committed 1664K, reserved 1048576K
}

