# JRE version: Java(TM) SE Runtime Environment (8.0_121-b13) (build 1.8.0_121-b13)
# Java VM: Java HotSpot(TM) 64-Bit Server VM (25.121-b13 mixed mode windows-amd64 compressed oops)
Heap:
 PSYoungGen      total 261632K, used 156417K [0x00000000d5d80000, 0x00000000ee400000, 0x0000000100000000)
  eden space 223232K, 69% used [0x00000000d5d80000,0x00000000df4f2910,0x00000000e3780000)
  from space 38400K, 3% used [0x00000000e3780000,0x00000000e38cdda0,0x00000000e5d00000)
  to   space 37888K, 0% used [0x00000000ebf00000,0x00000000ebf00000,0x00000000ee400000)
 ParOldGen       total 131584K, used 67919K [0x0000000081800000, 0x0000000089880000, 0x00000000d5d80000)
  object space 131584K, 51% used [0x0000000081800000,0x0000000085a53d88,0x0000000089880000)
 Metaspace       used 17436K, capacity 17640K, committed 17792K, reserved 1064960K
  class space    used 1579K, capacity 1622K, committed 1664K, reserved 1048576K
GC Heap History (10 events):
Event: 3.236 GC heap before
{Heap before GC invocations=6 (full 1):
 PSYoungGen      total 69632K, used 69361K [0x00000000d5d80000, 0x00000000da880000, 0x0000000100000000)
  eden space 64512K, 99% used [0x00000000d5d80000,0x00000000d9c3e590,0x00000000d9c80000)
  from space 5120K, 99% used [0x00000000da380000,0x00000000da87e070,0x00000000da880000)
  to   space 5120K, 0% used [0x00000000d9e80000,0x00000000d9e80000,0x00000000da380000)
 ParOldGen       total 131584K, used 61124K [0x0000000081800000, 0x0000000089880000, 0x00000000d5d80000)
  object space 131584K, 46% used [0x0000000081800000,0x00000000853b12b8,0x0000000089880000)
 Metaspace       used 15765K, capacity 16004K, committed 16128K, reserved 1064960K
  class space    used 1468K, capacity 1526K, committed 1536K, reserved 1048576K
Event: 3.239 GC heap after
Heap after GC invocations=6 (full 1):
 PSYoungGen      total 71680K, used 5112K [0x00000000d5d80000, 0x00000000e2880000, 0x0000000100000000)
  eden space 66560K, 0% used [0x00000000d5d80000,0x00000000d5d80000,0x00000000d9e80000)
  from space 5120K, 99% used [0x00000000d9e80000,0x00000000da37e070,0x00000000da380000)
  to   space 42496K, 0% used [0x00000000dff00000,0x00000000dff00000,0x00000000e2880000)
 ParOldGen       total 131584K, used 62828K [0x0000000081800000, 0x0000000089880000, 0x00000000d5d80000)
  object space 131584K, 47% used [0x0000000081800000,0x000000008555b2d8,0x0000000089880000)
 Metaspace       used 15765K, capacity 16004K, committed 16128K, reserved 1064960K
  class space    used 1468K, capacity 1526K, committed 1536K, reserved 1048576K
}
Event: 4.545 GC heap before
{Heap before GC invocations=7 (full 1):
 PSYoungGen      total 71680K, used 71103K [0x00000000d5d80000, 0x00000000e2880000, 0x0000000100000000)
  eden space 66560K, 99% used [0x00000000d5d80000,0x00000000d9df1ee0,0x00000000d9e80000)
  from space 5120K, 99% used [0x00000000d9e80000,0x00000000da37e070,0x00000000da380000)
  to   space 42496K, 0% used [0x00000000dff00000,0x00000000dff00000,0x00000000e2880000)
 ParOldGen       total 131584K, used 62828K [0x0000000081800000, 0x0000000089880000, 0x00000000d5d80000)
  object space 131584K, 47% used [0x0000000081800000,0x000000008555b2d8,0x0000000089880000)
 Metaspace       used 15805K, capacity 16004K, committed 16128K, reserved 1064960K
  class space    used 1468K, capacity 1526K, committed 1536K, reserved 1048576K
Event: 4.547 GC heap after
Heap after GC invocations=7 (full 1):
 PSYoungGen      total 166400K, used 5112K [0x00000000d5d80000, 0x00000000e2880000, 0x0000000100000000)
  eden space 123904K, 0% used [0x00000000d5d80000,0x00000000d5d80000,0x00000000dd680000)
  from space 42496K, 12% used [0x00000000dff00000,0x00000000e03fe070,0x00000000e2880000)
  to   space 41472K, 0% used [0x00000000dd680000,0x00000000dd680000,0x00000000dff00000)
 ParOldGen       total 131584K, used 62836K [0x0000000081800000, 0x0000000089880000, 0x00000000d5d80000)
  object space 131584K, 47% used [0x0000000081800000,0x000000008555d2d8,0x0000000089880000)
 Metaspace       used 15805K, capacity 16004K, committed 16128K, reserved 1064960K
  class space    used 1468K, capacity 1526K, committed 1536K, reserved 1048576K
}
Event: 6.958 GC heap before
{Heap before GC invocations=8 (full 1):
 PSYoungGen      total 166400K, used 129016K [0x00000000d5d80000, 0x00000000e2880000, 0x0000000100000000)
  eden space 123904K, 100% used [0x00000000d5d80000,0x00000000dd680000,0x00000000dd680000)
  from space 42496K, 12% used [0x00000000dff00000,0x00000000e03fe070,0x00000000e2880000)
  to   space 41472K, 0% used [0x00000000dd680000,0x00000000dd680000,0x00000000dff00000)
 ParOldGen       total 131584K, used 62836K [0x0000000081800000, 0x0000000089880000, 0x00000000d5d80000)
  object space 131584K, 47% used [0x0000000081800000,0x000000008555d2d8,0x0000000089880000)
 Metaspace       used 16420K, capacity 16644K, committed 17024K, reserved 1064960K
  class space    used 1516K, capacity 1590K, committed 1664K, reserved 1048576K
Event: 6.960 GC heap after
Heap after GC invocations=8 (full 1):
 PSYoungGen      total 165376K, used 5720K [0x00000000d5d80000, 0x00000000e8980000, 0x0000000100000000)
  eden space 123904K, 0% used [0x00000000d5d80000,0x00000000d5d80000,0x00000000dd680000)
  from space 41472K, 13% used [0x00000000dd680000,0x00000000ddc16070,0x00000000dff00000)
  to   space 39424K, 0% used [0x00000000e6300000,0x00000000e6300000,0x00000000e8980000)
 ParOldGen       total 131584K, used 62844K [0x0000000081800000, 0x0000000089880000, 0x00000000d5d80000)
  object space 131584K, 47% used [0x0000000081800000,0x000000008555f2d8,0x0000000089880000)
 Metaspace       used 16420K, capacity 16644K, committed 17024K, reserved 1064960K
  class space    used 1516K, capacity 1590K, committed 1664K, reserved 1048576K
}
Event: 9.352 GC heap before
{Heap before GC invocations=9 (full 1):
 PSYoungGen      total 165376K, used 129286K [0x00000000d5d80000, 0x00000000e8980000, 0x0000000100000000)
  eden space 123904K, 99% used [0x00000000d5d80000,0x00000000dd62ba88,0x00000000dd680000)
  from space 41472K, 13% used [0x00000000dd680000,0x00000000ddc16070,0x00000000dff00000)
  to   space 39424K, 0% used [0x00000000e6300000,0x00000000e6300000,0x00000000e8980000)
 ParOldGen       total 131584K, used 62844K [0x0000000081800000, 0x0000000089880000, 0x00000000d5d80000)
  object space 131584K, 47% used [0x0000000081800000,0x000000008555f2d8,0x0000000089880000)
 Metaspace       used 17277K, capacity 17448K, committed 17792K, reserved 1064960K
  class space    used 1579K, capacity 1622K, committed 1664K, reserved 1048576K
Event: 9.355 GC heap after
Heap after GC invocations=9 (full 1):
 PSYoungGen      total 255488K, used 2247K [0x00000000d5d80000, 0x00000000e8280000, 0x0000000100000000)
  eden space 223232K, 0% used [0x00000000d5d80000,0x00000000d5d80000,0x00000000e3780000)
  from space 32256K, 6% used [0x00000000e6300000,0x00000000e6531db0,0x00000000e8280000)
  to   space 38400K, 0% used [0x00000000e3780000,0x00000000e3780000,0x00000000e5d00000)
 ParOldGen       total 131584K, used 67055K [0x0000000081800000, 0x0000000089880000, 0x00000000d5d80000)
  object space 131584K, 50% used [0x0000000081800000,0x000000008597bd78,0x0000000089880000)
 Metaspace       used 17277K, capacity 17448K, committed 17792K, reserved 1064960K
  class space    used 1579K, capacity 1622K, committed 1664K, reserved 1048576K
}
Event: 13.748 GC heap before
{Heap before GC invocations=10 (full 1):
 PSYoungGen      total 255488K, used 225381K [0x00000000d5d80000, 0x00000000e8280000, 0x0000000100000000)
  eden space 223232K, 99% used [0x00000000d5d80000,0x00000000e3767770,0x00000000e3780000)
  from space 32256K, 6% used [0x00000000e6300000,0x00000000e6531db0,0x00000000e8280000)
  to   space 38400K, 0% used [0x00000000e3780000,0x00000000e3780000,0x00000000e5d00000)
 ParOldGen       total 131584K, used 67055K [0x0000000081800000, 0x0000000089880000, 0x00000000d5d80000)
  object space 131584K, 50% used [0x0000000081800000,0x000000008597bd78,0x0000000089880000)
 Metaspace       used 17382K, capacity 17576K, committed 17792K, reserved 1064960K
  class space    used 1579K, capacity 1622K, committed 1664K, reserved 1048576K
Event: 13.750 GC heap after
Heap after GC invocations=10 (full 1):
 PSYoungGen      total 261632K, used 1335K [0x00000000d5d80000, 0x00000000ee400000, 0x0000000100000000)
  eden space 223232K, 0% used [0x00000000d5d80000,0x00000000d5d80000,0x00000000e3780000)
  from space 38400K, 3% used [0x00000000e3780000,0x00000000e38cdda0,0x00000000e5d00000)
  to   space 37888K, 0% used [0x00000000ebf00000,0x00000000ebf00000,0x00000000ee400000)
 ParOldGen       total 131584K, used 67919K [0x0000000081800000, 0x0000000089880000, 0x00000000d5d80000)
  object space 131584K, 51% used [0x0000000081800000,0x0000000085a53d88,0x0000000089880000)
 Metaspace       used 17382K, capacity 17576K, committed 17792K, reserved 1064960K
  class space    used 1579K, capacity 1622K, committed 1664K, reserved 1048576K
}

