# JRE version: Java(TM) SE Runtime Environment (8.0_121-b13) (build 1.8.0_121-b13)
# Java VM: Java HotSpot(TM) 64-Bit Server VM (25.121-b13 mixed mode windows-amd64 compressed oops)
Heap:
 PSYoungGen      total 129536K, used 7551K [0x00000000d5d80000, 0x00000000f2600000, 0x0000000100000000)
  eden space 129024K, 5% used [0x00000000d5d80000,0x00000000d64cfe08,0x00000000ddb80000)
  from space 512K, 12% used [0x00000000f2580000,0x00000000f2590000,0x00000000f2600000)
  to   space 2560K, 0% used [0x00000000f2100000,0x00000000f2100000,0x00000000f2380000)
 ParOldGen       total 131584K, used 69783K [0x0000000081800000, 0x0000000089880000, 0x00000000d5d80000)
  object space 131584K, 53% used [0x0000000081800000,0x0000000085c25d00,0x0000000089880000)
 Metaspace       used 17387K, capacity 17576K, committed 17792K, reserved 1064960K
  class space    used 1570K, capacity 1622K, committed 1664K, reserved 1048576K
GC Heap History (10 events):
Event: 285.303 GC heap before
{Heap before GC invocations=49 (full 1):
 PSYoungGen      total 160768K, used 156365K [0x00000000d5d80000, 0x00000000f2d80000, 0x0000000100000000)
  eden space 156672K, 99% used [0x00000000d5d80000,0x00000000df62b668,0x00000000df680000)
  from space 4096K, 0% used [0x00000000f2580000,0x00000000f2588000,0x00000000f2980000)
  to   space 3584K, 0% used [0x00000000f2a00000,0x00000000f2a00000,0x00000000f2d80000)
 ParOldGen       total 131584K, used 69775K [0x0000000081800000, 0x0000000089880000, 0x00000000d5d80000)
  object space 131584K, 53% used [0x0000000081800000,0x0000000085c23d00,0x0000000089880000)
 Metaspace       used 17382K, capacity 17576K, committed 17792K, reserved 1064960K
  class space    used 1570K, capacity 1622K, committed 1664K, reserved 1048576K
Event: 285.305 GC heap after
Heap after GC invocations=49 (full 1):
 PSYoungGen      total 151040K, used 32K [0x00000000d5d80000, 0x00000000f2a80000, 0x0000000100000000)
  eden space 150528K, 0% used [0x00000000d5d80000,0x00000000d5d80000,0x00000000df080000)
  from space 512K, 6% used [0x00000000f2a00000,0x00000000f2a08000,0x00000000f2a80000)
  to   space 3584K, 0% used [0x00000000f2380000,0x00000000f2380000,0x00000000f2700000)
 ParOldGen       total 131584K, used 69775K [0x0000000081800000, 0x0000000089880000, 0x00000000d5d80000)
  object space 131584K, 53% used [0x0000000081800000,0x0000000085c23d00,0x0000000089880000)
 Metaspace       used 17382K, capacity 17576K, committed 17792K, reserved 1064960K
  class space    used 1570K, capacity 1622K, committed 1664K, reserved 1048576K
}
Event: 288.276 GC heap before
{Heap before GC invocations=50 (full 1):
 PSYoungGen      total 151040K, used 150188K [0x00000000d5d80000, 0x00000000f2a80000, 0x0000000100000000)
  eden space 150528K, 99% used [0x00000000d5d80000,0x00000000df0232d0,0x00000000df080000)
  from space 512K, 6% used [0x00000000f2a00000,0x00000000f2a08000,0x00000000f2a80000)
  to   space 3584K, 0% used [0x00000000f2380000,0x00000000f2380000,0x00000000f2700000)
 ParOldGen       total 131584K, used 69775K [0x0000000081800000, 0x0000000089880000, 0x00000000d5d80000)
  object space 131584K, 53% used [0x0000000081800000,0x0000000085c23d00,0x0000000089880000)
 Metaspace       used 17382K, capacity 17576K, committed 17792K, reserved 1064960K
  class space    used 1570K, capacity 1622K, committed 1664K, reserved 1048576K
Event: 288.278 GC heap after
Heap after GC invocations=50 (full 1):
 PSYoungGen      total 148480K, used 64K [0x00000000d5d80000, 0x00000000f2a80000, 0x0000000100000000)
  eden space 144896K, 0% used [0x00000000d5d80000,0x00000000d5d80000,0x00000000deb00000)
  from space 3584K, 1% used [0x00000000f2380000,0x00000000f2390000,0x00000000f2700000)
  to   space 3072K, 0% used [0x00000000f2780000,0x00000000f2780000,0x00000000f2a80000)
 ParOldGen       total 131584K, used 69783K [0x0000000081800000, 0x0000000089880000, 0x00000000d5d80000)
  object space 131584K, 53% used [0x0000000081800000,0x0000000085c25d00,0x0000000089880000)
 Metaspace       used 17382K, capacity 17576K, committed 17792K, reserved 1064960K
  class space    used 1570K, capacity 1622K, committed 1664K, reserved 1048576K
}
Event: 291.145 GC heap before
{Heap before GC invocations=51 (full 1):
 PSYoungGen      total 148480K, used 144913K [0x00000000d5d80000, 0x00000000f2a80000, 0x0000000100000000)
  eden space 144896K, 99% used [0x00000000d5d80000,0x00000000deaf45d0,0x00000000deb00000)
  from space 3584K, 1% used [0x00000000f2380000,0x00000000f2390000,0x00000000f2700000)
  to   space 3072K, 0% used [0x00000000f2780000,0x00000000f2780000,0x00000000f2a80000)
 ParOldGen       total 131584K, used 69783K [0x0000000081800000, 0x0000000089880000, 0x00000000d5d80000)
  object space 131584K, 53% used [0x0000000081800000,0x0000000085c25d00,0x0000000089880000)
 Metaspace       used 17382K, capacity 17576K, committed 17792K, reserved 1064960K
  class space    used 1570K, capacity 1622K, committed 1664K, reserved 1048576K
Event: 291.146 GC heap after
Heap after GC invocations=51 (full 1):
 PSYoungGen      total 139776K, used 64K [0x00000000d5d80000, 0x00000000f2800000, 0x0000000100000000)
  eden space 139264K, 0% used [0x00000000d5d80000,0x00000000d5d80000,0x00000000de580000)
  from space 512K, 12% used [0x00000000f2780000,0x00000000f2790000,0x00000000f2800000)
  to   space 3072K, 0% used [0x00000000f2200000,0x00000000f2200000,0x00000000f2500000)
 ParOldGen       total 131584K, used 69783K [0x0000000081800000, 0x0000000089880000, 0x00000000d5d80000)
  object space 131584K, 53% used [0x0000000081800000,0x0000000085c25d00,0x0000000089880000)
 Metaspace       used 17382K, capacity 17576K, committed 17792K, reserved 1064960K
  class space    used 1570K, capacity 1622K, committed 1664K, reserved 1048576K
}
Event: 293.878 GC heap before
{Heap before GC invocations=52 (full 1):
 PSYoungGen      total 139776K, used 138732K [0x00000000d5d80000, 0x00000000f2800000, 0x0000000100000000)
  eden space 139264K, 99% used [0x00000000d5d80000,0x00000000de4eb160,0x00000000de580000)
  from space 512K, 12% used [0x00000000f2780000,0x00000000f2790000,0x00000000f2800000)
  to   space 3072K, 0% used [0x00000000f2200000,0x00000000f2200000,0x00000000f2500000)
 ParOldGen       total 131584K, used 69783K [0x0000000081800000, 0x0000000089880000, 0x00000000d5d80000)
  object space 131584K, 53% used [0x0000000081800000,0x0000000085c25d00,0x0000000089880000)
 Metaspace       used 17386K, capacity 17576K, committed 17792K, reserved 1064960K
  class space    used 1570K, capacity 1622K, committed 1664K, reserved 1048576K
Event: 293.879 GC heap after
Heap after GC invocations=52 (full 1):
 PSYoungGen      total 137216K, used 96K [0x00000000d5d80000, 0x00000000f2800000, 0x0000000100000000)
  eden space 134144K, 0% used [0x00000000d5d80000,0x00000000d5d80000,0x00000000de080000)
  from space 3072K, 3% used [0x00000000f2200000,0x00000000f2218000,0x00000000f2500000)
  to   space 2560K, 0% used [0x00000000f2580000,0x00000000f2580000,0x00000000f2800000)
 ParOldGen       total 131584K, used 69783K [0x0000000081800000, 0x0000000089880000, 0x00000000d5d80000)
  object space 131584K, 53% used [0x0000000081800000,0x0000000085c25d00,0x0000000089880000)
 Metaspace       used 17386K, capacity 17576K, committed 17792K, reserved 1064960K
  class space    used 1570K, capacity 1622K, committed 1664K, reserved 1048576K
}
Event: 296.514 GC heap before
{Heap before GC invocations=53 (full 1):
 PSYoungGen      total 137216K, used 134011K [0x00000000d5d80000, 0x00000000f2800000, 0x0000000100000000)
  eden space 134144K, 99% used [0x00000000d5d80000,0x00000000de046c80,0x00000000de080000)
  from space 3072K, 3% used [0x00000000f2200000,0x00000000f2218000,0x00000000f2500000)
  to   space 2560K, 0% used [0x00000000f2580000,0x00000000f2580000,0x00000000f2800000)
 ParOldGen       total 131584K, used 69783K [0x0000000081800000, 0x0000000089880000, 0x00000000d5d80000)
  object space 131584K, 53% used [0x0000000081800000,0x0000000085c25d00,0x0000000089880000)
 Metaspace       used 17386K, capacity 17576K, committed 17792K, reserved 1064960K
  class space    used 1570K, capacity 1622K, committed 1664K, reserved 1048576K
Event: 296.515 GC heap after
Heap after GC invocations=53 (full 1):
 PSYoungGen      total 129536K, used 64K [0x00000000d5d80000, 0x00000000f2600000, 0x0000000100000000)
  eden space 129024K, 0% used [0x00000000d5d80000,0x00000000d5d80000,0x00000000ddb80000)
  from space 512K, 12% used [0x00000000f2580000,0x00000000f2590000,0x00000000f2600000)
  to   space 2560K, 0% used [0x00000000f2100000,0x00000000f2100000,0x00000000f2380000)
 ParOldGen       total 131584K, used 69783K [0x0000000081800000, 0x0000000089880000, 0x00000000d5d80000)
  object space 131584K, 53% used [0x0000000081800000,0x0000000085c25d00,0x0000000089880000)
 Metaspace       used 17386K, capacity 17576K, committed 17792K, reserved 1064960K
  class space    used 1570K, capacity 1622K, committed 1664K, reserved 1048576K
}

