# JRE version: Java(TM) SE Runtime Environment (8.0_121-b13) (build 1.8.0_121-b13)
# Java VM: Java HotSpot(TM) 64-Bit Server VM (25.121-b13 mixed mode windows-amd64 compressed oops)
Heap:
 PSYoungGen      total 607232K, used 103540K [0x00000000d5d80000, 0x00000000fe280000, 0x0000000100000000)
  eden space 596992K, 17% used [0x00000000d5d80000,0x00000000dc28d228,0x00000000fa480000)
  from space 10240K, 0% used [0x00000000fd880000,0x00000000fd890000,0x00000000fe280000)
  to   space 31744K, 0% used [0x00000000fa480000,0x00000000fa480000,0x00000000fc380000)
 ParOldGen       total 131584K, used 69101K [0x0000000081800000, 0x0000000089880000, 0x00000000d5d80000)
  object space 131584K, 52% used [0x0000000081800000,0x0000000085b7b648,0x0000000089880000)
 Metaspace       used 17528K, capacity 17704K, committed 18048K, reserved 1064960K
  class space    used 1578K, capacity 1622K, committed 1664K, reserved 1048576K
GC Heap History (10 events):
Event: 10.745 GC heap before
{Heap before GC invocations=11 (full 1):
 PSYoungGen      total 270848K, used 232891K [0x00000000d5d80000, 0x00000000ef600000, 0x0000000100000000)
  eden space 232448K, 99% used [0x00000000d5d80000,0x00000000e3fc6c68,0x00000000e4080000)
  from space 38400K, 3% used [0x00000000e4080000,0x00000000e41a8040,0x00000000e6600000)
  to   space 37376K, 0% used [0x00000000ed180000,0x00000000ed180000,0x00000000ef600000)
 ParOldGen       total 131584K, used 67910K [0x0000000081800000, 0x0000000089880000, 0x00000000d5d80000)
  object space 131584K, 51% used [0x0000000081800000,0x0000000085a51908,0x0000000089880000)
 Metaspace       used 17467K, capacity 17640K, committed 17792K, reserved 1064960K
  class space    used 1578K, capacity 1622K, committed 1664K, reserved 1048576K
Event: 10.747 GC heap after
Heap after GC invocations=11 (full 1):
 PSYoungGen      total 366592K, used 96K [0x00000000d5d80000, 0x00000000eee80000, 0x0000000100000000)
  eden space 336896K, 0% used [0x00000000d5d80000,0x00000000d5d80000,0x00000000ea680000)
  from space 29696K, 0% used [0x00000000ed180000,0x00000000ed198000,0x00000000eee80000)
  to   space 36864K, 0% used [0x00000000ea680000,0x00000000ea680000,0x00000000eca80000)
 ParOldGen       total 131584K, used 69021K [0x0000000081800000, 0x0000000089880000, 0x00000000d5d80000)
  object space 131584K, 52% used [0x0000000081800000,0x0000000085b67648,0x0000000089880000)
 Metaspace       used 17467K, capacity 17640K, committed 17792K, reserved 1064960K
  class space    used 1578K, capacity 1622K, committed 1664K, reserved 1048576K
}
Event: 14.026 GC heap before
{Heap before GC invocations=12 (full 1):
 PSYoungGen      total 366592K, used 336793K [0x00000000d5d80000, 0x00000000eee80000, 0x0000000100000000)
  eden space 336896K, 99% used [0x00000000d5d80000,0x00000000ea64e748,0x00000000ea680000)
  from space 29696K, 0% used [0x00000000ed180000,0x00000000ed198000,0x00000000eee80000)
  to   space 36864K, 0% used [0x00000000ea680000,0x00000000ea680000,0x00000000eca80000)
 ParOldGen       total 131584K, used 69021K [0x0000000081800000, 0x0000000089880000, 0x00000000d5d80000)
  object space 131584K, 52% used [0x0000000081800000,0x0000000085b67648,0x0000000089880000)
 Metaspace       used 17523K, capacity 17704K, committed 18048K, reserved 1064960K
  class space    used 1578K, capacity 1622K, committed 1664K, reserved 1048576K
Event: 14.027 GC heap after
Heap after GC invocations=12 (full 1):
 PSYoungGen      total 373760K, used 96K [0x00000000d5d80000, 0x00000000f7400000, 0x0000000100000000)
  eden space 336896K, 0% used [0x00000000d5d80000,0x00000000d5d80000,0x00000000ea680000)
  from space 36864K, 0% used [0x00000000ea680000,0x00000000ea698000,0x00000000eca80000)
  to   space 35840K, 0% used [0x00000000f5100000,0x00000000f5100000,0x00000000f7400000)
 ParOldGen       total 131584K, used 69045K [0x0000000081800000, 0x0000000089880000, 0x00000000d5d80000)
  object space 131584K, 52% used [0x0000000081800000,0x0000000085b6d648,0x0000000089880000)
 Metaspace       used 17523K, capacity 17704K, committed 18048K, reserved 1064960K
  class space    used 1578K, capacity 1622K, committed 1664K, reserved 1048576K
}
Event: 17.240 GC heap before
{Heap before GC invocations=13 (full 1):
 PSYoungGen      total 373760K, used 336159K [0x00000000d5d80000, 0x00000000f7400000, 0x0000000100000000)
  eden space 336896K, 99% used [0x00000000d5d80000,0x00000000ea5afca0,0x00000000ea680000)
  from space 36864K, 0% used [0x00000000ea680000,0x00000000ea698000,0x00000000eca80000)
  to   space 35840K, 0% used [0x00000000f5100000,0x00000000f5100000,0x00000000f7400000)
 ParOldGen       total 131584K, used 69045K [0x0000000081800000, 0x0000000089880000, 0x00000000d5d80000)
  object space 131584K, 52% used [0x0000000081800000,0x0000000085b6d648,0x0000000089880000)
 Metaspace       used 17523K, capacity 17704K, committed 18048K, reserved 1064960K
  class space    used 1578K, capacity 1622K, committed 1664K, reserved 1048576K
Event: 17.241 GC heap after
Heap after GC invocations=13 (full 1):
 PSYoungGen      total 483840K, used 64K [0x00000000d5d80000, 0x00000000f6580000, 0x0000000100000000)
  eden space 462848K, 0% used [0x00000000d5d80000,0x00000000d5d80000,0x00000000f2180000)
  from space 20992K, 0% used [0x00000000f5100000,0x00000000f5110000,0x00000000f6580000)
  to   space 34816K, 0% used [0x00000000f2180000,0x00000000f2180000,0x00000000f4380000)
 ParOldGen       total 131584K, used 69061K [0x0000000081800000, 0x0000000089880000, 0x00000000d5d80000)
  object space 131584K, 52% used [0x0000000081800000,0x0000000085b71648,0x0000000089880000)
 Metaspace       used 17523K, capacity 17704K, committed 18048K, reserved 1064960K
  class space    used 1578K, capacity 1622K, committed 1664K, reserved 1048576K
}
Event: 21.737 GC heap before
{Heap before GC invocations=14 (full 1):
 PSYoungGen      total 483840K, used 462328K [0x00000000d5d80000, 0x00000000f6580000, 0x0000000100000000)
  eden space 462848K, 99% used [0x00000000d5d80000,0x00000000f20ee2d0,0x00000000f2180000)
  from space 20992K, 0% used [0x00000000f5100000,0x00000000f5110000,0x00000000f6580000)
  to   space 34816K, 0% used [0x00000000f2180000,0x00000000f2180000,0x00000000f4380000)
 ParOldGen       total 131584K, used 69061K [0x0000000081800000, 0x0000000089880000, 0x00000000d5d80000)
  object space 131584K, 52% used [0x0000000081800000,0x0000000085b71648,0x0000000089880000)
 Metaspace       used 17523K, capacity 17704K, committed 18048K, reserved 1064960K
  class space    used 1578K, capacity 1622K, committed 1664K, reserved 1048576K
Event: 21.739 GC heap after
Heap after GC invocations=14 (full 1):
 PSYoungGen      total 497664K, used 96K [0x00000000d5d80000, 0x00000000ff900000, 0x0000000100000000)
  eden space 462848K, 0% used [0x00000000d5d80000,0x00000000d5d80000,0x00000000f2180000)
  from space 34816K, 0% used [0x00000000f2180000,0x00000000f2198000,0x00000000f4380000)
  to   space 33280K, 0% used [0x00000000fd880000,0x00000000fd880000,0x00000000ff900000)
 ParOldGen       total 131584K, used 69085K [0x0000000081800000, 0x0000000089880000, 0x00000000d5d80000)
  object space 131584K, 52% used [0x0000000081800000,0x0000000085b77648,0x0000000089880000)
 Metaspace       used 17523K, capacity 17704K, committed 18048K, reserved 1064960K
  class space    used 1578K, capacity 1622K, committed 1664K, reserved 1048576K
}
Event: 26.251 GC heap before
{Heap before GC invocations=15 (full 1):
 PSYoungGen      total 497664K, used 462852K [0x00000000d5d80000, 0x00000000ff900000, 0x0000000100000000)
  eden space 462848K, 99% used [0x00000000d5d80000,0x00000000f21690e8,0x00000000f2180000)
  from space 34816K, 0% used [0x00000000f2180000,0x00000000f2198000,0x00000000f4380000)
  to   space 33280K, 0% used [0x00000000fd880000,0x00000000fd880000,0x00000000ff900000)
 ParOldGen       total 131584K, used 69085K [0x0000000081800000, 0x0000000089880000, 0x00000000d5d80000)
  object space 131584K, 52% used [0x0000000081800000,0x0000000085b77648,0x0000000089880000)
 Metaspace       used 17523K, capacity 17704K, committed 18048K, reserved 1064960K
  class space    used 1578K, capacity 1622K, committed 1664K, reserved 1048576K
Event: 26.252 GC heap after
Heap after GC invocations=15 (full 1):
 PSYoungGen      total 607232K, used 64K [0x00000000d5d80000, 0x00000000fe280000, 0x0000000100000000)
  eden space 596992K, 0% used [0x00000000d5d80000,0x00000000d5d80000,0x00000000fa480000)
  from space 10240K, 0% used [0x00000000fd880000,0x00000000fd890000,0x00000000fe280000)
  to   space 31744K, 0% used [0x00000000fa480000,0x00000000fa480000,0x00000000fc380000)
 ParOldGen       total 131584K, used 69101K [0x0000000081800000, 0x0000000089880000, 0x00000000d5d80000)
  object space 131584K, 52% used [0x0000000081800000,0x0000000085b7b648,0x0000000089880000)
 Metaspace       used 17523K, capacity 17704K, committed 18048K, reserved 1064960K
  class space    used 1578K, capacity 1622K, committed 1664K, reserved 1048576K
}

