# JRE version: Java(TM) SE Runtime Environment (8.0_121-b13) (build 1.8.0_121-b13)
# Java VM: Java HotSpot(TM) 64-Bit Server VM (25.121-b13 mixed mode windows-amd64 compressed oops)
Heap:
 PSYoungGen      total 560128K, used 284245K [0x00000000d5d80000, 0x00000000fb300000, 0x0000000100000000)
  eden space 547328K, 51% used [0x00000000d5d80000,0x00000000e730d6a8,0x00000000f7400000)
  from space 12800K, 0% used [0x00000000fa680000,0x00000000fa688000,0x00000000fb300000)
  to   space 32256K, 0% used [0x00000000f7400000,0x00000000f7400000,0x00000000f9380000)
 ParOldGen       total 131584K, used 69387K [0x0000000081800000, 0x0000000089880000, 0x00000000d5d80000)
  object space 131584K, 52% used [0x0000000081800000,0x0000000085bc2e70,0x0000000089880000)
 Metaspace       used 17399K, capacity 17576K, committed 17792K, reserved 1064960K
  class space    used 1570K, capacity 1622K, committed 1664K, reserved 1048576K
GC Heap History (10 events):
Event: 18.756 GC heap before
{Heap before GC invocations=11 (full 1):
 PSYoungGen      total 265216K, used 226368K [0x00000000d5d80000, 0x00000000eeb00000, 0x0000000100000000)
  eden space 226304K, 100% used [0x00000000d5d80000,0x00000000e3a80000,0x00000000e3a80000)
  from space 38912K, 0% used [0x00000000e3a80000,0x00000000e3a90000,0x00000000e6080000)
  to   space 38400K, 0% used [0x00000000ec580000,0x00000000ec580000,0x00000000eeb00000)
 ParOldGen       total 131584K, used 69291K [0x0000000081800000, 0x0000000089880000, 0x00000000d5d80000)
  object space 131584K, 52% used [0x0000000081800000,0x0000000085baae70,0x0000000089880000)
 Metaspace       used 17344K, capacity 17512K, committed 17792K, reserved 1064960K
  class space    used 1569K, capacity 1622K, committed 1664K, reserved 1048576K
Event: 18.757 GC heap after
Heap after GC invocations=11 (full 1):
 PSYoungGen      total 351232K, used 96K [0x00000000d5d80000, 0x00000000ee180000, 0x0000000100000000)
  eden space 322560K, 0% used [0x00000000d5d80000,0x00000000d5d80000,0x00000000e9880000)
  from space 28672K, 0% used [0x00000000ec580000,0x00000000ec598000,0x00000000ee180000)
  to   space 37376K, 0% used [0x00000000e9880000,0x00000000e9880000,0x00000000ebd00000)
 ParOldGen       total 131584K, used 69315K [0x0000000081800000, 0x0000000089880000, 0x00000000d5d80000)
  object space 131584K, 52% used [0x0000000081800000,0x0000000085bb0e70,0x0000000089880000)
 Metaspace       used 17344K, capacity 17512K, committed 17792K, reserved 1064960K
  class space    used 1569K, capacity 1622K, committed 1664K, reserved 1048576K
}
Event: 25.108 GC heap before
{Heap before GC invocations=12 (full 1):
 PSYoungGen      total 351232K, used 322077K [0x00000000d5d80000, 0x00000000ee180000, 0x0000000100000000)
  eden space 322560K, 99% used [0x00000000d5d80000,0x00000000e97ef620,0x00000000e9880000)
  from space 28672K, 0% used [0x00000000ec580000,0x00000000ec598000,0x00000000ee180000)
  to   space 37376K, 0% used [0x00000000e9880000,0x00000000e9880000,0x00000000ebd00000)
 ParOldGen       total 131584K, used 69315K [0x0000000081800000, 0x0000000089880000, 0x00000000d5d80000)
  object space 131584K, 52% used [0x0000000081800000,0x0000000085bb0e70,0x0000000089880000)
 Metaspace       used 17386K, capacity 17576K, committed 17792K, reserved 1064960K
  class space    used 1569K, capacity 1622K, committed 1664K, reserved 1048576K
Event: 25.109 GC heap after
Heap after GC invocations=12 (full 1):
 PSYoungGen      total 359936K, used 64K [0x00000000d5d80000, 0x00000000f5900000, 0x0000000100000000)
  eden space 322560K, 0% used [0x00000000d5d80000,0x00000000d5d80000,0x00000000e9880000)
  from space 37376K, 0% used [0x00000000e9880000,0x00000000e9890000,0x00000000ebd00000)
  to   space 36352K, 0% used [0x00000000f3580000,0x00000000f3580000,0x00000000f5900000)
 ParOldGen       total 131584K, used 69347K [0x0000000081800000, 0x0000000089880000, 0x00000000d5d80000)
  object space 131584K, 52% used [0x0000000081800000,0x0000000085bb8e70,0x0000000089880000)
 Metaspace       used 17386K, capacity 17576K, committed 17792K, reserved 1064960K
  class space    used 1569K, capacity 1622K, committed 1664K, reserved 1048576K
}
Event: 31.354 GC heap before
{Heap before GC invocations=13 (full 1):
 PSYoungGen      total 359936K, used 322414K [0x00000000d5d80000, 0x00000000f5900000, 0x0000000100000000)
  eden space 322560K, 99% used [0x00000000d5d80000,0x00000000e984b910,0x00000000e9880000)
  from space 37376K, 0% used [0x00000000e9880000,0x00000000e9890000,0x00000000ebd00000)
  to   space 36352K, 0% used [0x00000000f3580000,0x00000000f3580000,0x00000000f5900000)
 ParOldGen       total 131584K, used 69347K [0x0000000081800000, 0x0000000089880000, 0x00000000d5d80000)
  object space 131584K, 52% used [0x0000000081800000,0x0000000085bb8e70,0x0000000089880000)
 Metaspace       used 17391K, capacity 17576K, committed 17792K, reserved 1064960K
  class space    used 1569K, capacity 1622K, committed 1664K, reserved 1048576K
Event: 31.355 GC heap after
Heap after GC invocations=13 (full 1):
 PSYoungGen      total 454656K, used 64K [0x00000000d5d80000, 0x00000000f4980000, 0x0000000100000000)
  eden space 434176K, 0% used [0x00000000d5d80000,0x00000000d5d80000,0x00000000f0580000)
  from space 20480K, 0% used [0x00000000f3580000,0x00000000f3590000,0x00000000f4980000)
  to   space 34816K, 0% used [0x00000000f0580000,0x00000000f0580000,0x00000000f2780000)
 ParOldGen       total 131584K, used 69363K [0x0000000081800000, 0x0000000089880000, 0x00000000d5d80000)
  object space 131584K, 52% used [0x0000000081800000,0x0000000085bbce70,0x0000000089880000)
 Metaspace       used 17391K, capacity 17576K, committed 17792K, reserved 1064960K
  class space    used 1569K, capacity 1622K, committed 1664K, reserved 1048576K
}
Event: 39.966 GC heap before
{Heap before GC invocations=14 (full 1):
 PSYoungGen      total 454656K, used 434235K [0x00000000d5d80000, 0x00000000f4980000, 0x0000000100000000)
  eden space 434176K, 99% used [0x00000000d5d80000,0x00000000f057eef8,0x00000000f0580000)
  from space 20480K, 0% used [0x00000000f3580000,0x00000000f3590000,0x00000000f4980000)
  to   space 34816K, 0% used [0x00000000f0580000,0x00000000f0580000,0x00000000f2780000)
 ParOldGen       total 131584K, used 69363K [0x0000000081800000, 0x0000000089880000, 0x00000000d5d80000)
  object space 131584K, 52% used [0x0000000081800000,0x0000000085bbce70,0x0000000089880000)
 Metaspace       used 17391K, capacity 17576K, committed 17792K, reserved 1064960K
  class space    used 1569K, capacity 1622K, committed 1664K, reserved 1048576K
Event: 39.967 GC heap after
Heap after GC invocations=14 (full 1):
 PSYoungGen      total 468992K, used 96K [0x00000000d5d80000, 0x00000000fc700000, 0x0000000100000000)
  eden space 434176K, 0% used [0x00000000d5d80000,0x00000000d5d80000,0x00000000f0580000)
  from space 34816K, 0% used [0x00000000f0580000,0x00000000f0598000,0x00000000f2780000)
  to   space 33280K, 0% used [0x00000000fa680000,0x00000000fa680000,0x00000000fc700000)
 ParOldGen       total 131584K, used 69379K [0x0000000081800000, 0x0000000089880000, 0x00000000d5d80000)
  object space 131584K, 52% used [0x0000000081800000,0x0000000085bc0e70,0x0000000089880000)
 Metaspace       used 17391K, capacity 17576K, committed 17792K, reserved 1064960K
  class space    used 1569K, capacity 1622K, committed 1664K, reserved 1048576K
}
Event: 48.640 GC heap before
{Heap before GC invocations=15 (full 1):
 PSYoungGen      total 468992K, used 434272K [0x00000000d5d80000, 0x00000000fc700000, 0x0000000100000000)
  eden space 434176K, 100% used [0x00000000d5d80000,0x00000000f0580000,0x00000000f0580000)
  from space 34816K, 0% used [0x00000000f0580000,0x00000000f0598000,0x00000000f2780000)
  to   space 33280K, 0% used [0x00000000fa680000,0x00000000fa680000,0x00000000fc700000)
 ParOldGen       total 131584K, used 69379K [0x0000000081800000, 0x0000000089880000, 0x00000000d5d80000)
  object space 131584K, 52% used [0x0000000081800000,0x0000000085bc0e70,0x0000000089880000)
 Metaspace       used 17391K, capacity 17576K, committed 17792K, reserved 1064960K
  class space    used 1569K, capacity 1622K, committed 1664K, reserved 1048576K
Event: 48.641 GC heap after
Heap after GC invocations=15 (full 1):
 PSYoungGen      total 560128K, used 32K [0x00000000d5d80000, 0x00000000fb300000, 0x0000000100000000)
  eden space 547328K, 0% used [0x00000000d5d80000,0x00000000d5d80000,0x00000000f7400000)
  from space 12800K, 0% used [0x00000000fa680000,0x00000000fa688000,0x00000000fb300000)
  to   space 32256K, 0% used [0x00000000f7400000,0x00000000f7400000,0x00000000f9380000)
 ParOldGen       total 131584K, used 69387K [0x0000000081800000, 0x0000000089880000, 0x00000000d5d80000)
  object space 131584K, 52% used [0x0000000081800000,0x0000000085bc2e70,0x0000000089880000)
 Metaspace       used 17391K, capacity 17576K, committed 17792K, reserved 1064960K
  class space    used 1569K, capacity 1622K, committed 1664K, reserved 1048576K
}

