# JRE version: Java(TM) SE Runtime Environment (8.0_121-b13) (build 1.8.0_121-b13)
# Java VM: Java HotSpot(TM) 64-Bit Server VM (25.121-b13 mixed mode windows-amd64 compressed oops)
Heap:
 PSYoungGen      total 267776K, used 88531K [0x00000000d5d80000, 0x00000000e8d80000, 0x0000000100000000)
  eden space 233472K, 37% used [0x00000000d5d80000,0x00000000db22cd20,0x00000000e4180000)
  from space 34304K, 5% used [0x00000000e6c00000,0x00000000e6dc8020,0x00000000e8d80000)
  to   space 38912K, 0% used [0x00000000e4180000,0x00000000e4180000,0x00000000e6780000)
 ParOldGen       total 131072K, used 66220K [0x0000000081800000, 0x0000000089800000, 0x00000000d5d80000)
  object space 131072K, 50% used [0x0000000081800000,0x00000000858ab048,0x0000000089800000)
 Metaspace       used 16027K, capacity 16260K, committed 16384K, reserved 1064960K
  class space    used 1467K, capacity 1526K, committed 1536K, reserved 1048576K
GC Heap History (10 events):
Event: 2.576 GC heap before
{Heap before GC invocations=5 (full 1):
 PSYoungGen      total 38400K, used 32678K [0x00000000d5d80000, 0x00000000da880000, 0x0000000100000000)
  eden space 33280K, 98% used [0x00000000d5d80000,0x00000000d7d69bd8,0x00000000d7e00000)
  from space 5120K, 0% used [0x00000000d7e00000,0x00000000d7e00000,0x00000000d8300000)
  to   space 5120K, 0% used [0x00000000da380000,0x00000000da380000,0x00000000da880000)
 ParOldGen       total 131072K, used 54660K [0x0000000081800000, 0x0000000089800000, 0x00000000d5d80000)
  object space 131072K, 41% used [0x0000000081800000,0x0000000084d61098,0x0000000089800000)
 Metaspace       used 15748K, capacity 16004K, committed 16128K, reserved 1064960K
  class space    used 1467K, capacity 1526K, committed 1536K, reserved 1048576K
Event: 2.579 GC heap after
Heap after GC invocations=5 (full 1):
 PSYoungGen      total 70144K, used 5112K [0x00000000d5d80000, 0x00000000da880000, 0x0000000100000000)
  eden space 65024K, 0% used [0x00000000d5d80000,0x00000000d5d80000,0x00000000d9d00000)
  from space 5120K, 99% used [0x00000000da380000,0x00000000da87e070,0x00000000da880000)
  to   space 5120K, 0% used [0x00000000d9e80000,0x00000000d9e80000,0x00000000da380000)
 ParOldGen       total 131072K, used 61134K [0x0000000081800000, 0x0000000089800000, 0x00000000d5d80000)
  object space 131072K, 46% used [0x0000000081800000,0x00000000853b3b58,0x0000000089800000)
 Metaspace       used 15748K, capacity 16004K, committed 16128K, reserved 1064960K
  class space    used 1467K, capacity 1526K, committed 1536K, reserved 1048576K
}
Event: 3.717 GC heap before
{Heap before GC invocations=6 (full 1):
 PSYoungGen      total 70144K, used 70104K [0x00000000d5d80000, 0x00000000da880000, 0x0000000100000000)
  eden space 65024K, 99% used [0x00000000d5d80000,0x00000000d9cf8168,0x00000000d9d00000)
  from space 5120K, 99% used [0x00000000da380000,0x00000000da87e070,0x00000000da880000)
  to   space 5120K, 0% used [0x00000000d9e80000,0x00000000d9e80000,0x00000000da380000)
 ParOldGen       total 131072K, used 61134K [0x0000000081800000, 0x0000000089800000, 0x00000000d5d80000)
  object space 131072K, 46% used [0x0000000081800000,0x00000000853b3b58,0x0000000089800000)
 Metaspace       used 15765K, capacity 16004K, committed 16128K, reserved 1064960K
  class space    used 1467K, capacity 1526K, committed 1536K, reserved 1048576K
Event: 3.720 GC heap after
Heap after GC invocations=6 (full 1):
 PSYoungGen      total 71680K, used 5112K [0x00000000d5d80000, 0x00000000e2b00000, 0x0000000100000000)
  eden space 66560K, 0% used [0x00000000d5d80000,0x00000000d5d80000,0x00000000d9e80000)
  from space 5120K, 99% used [0x00000000d9e80000,0x00000000da37e070,0x00000000da380000)
  to   space 42496K, 0% used [0x00000000e0180000,0x00000000e0180000,0x00000000e2b00000)
 ParOldGen       total 131072K, used 62838K [0x0000000081800000, 0x0000000089800000, 0x00000000d5d80000)
  object space 131072K, 47% used [0x0000000081800000,0x000000008555db78,0x0000000089800000)
 Metaspace       used 15765K, capacity 16004K, committed 16128K, reserved 1064960K
  class space    used 1467K, capacity 1526K, committed 1536K, reserved 1048576K
}
Event: 4.995 GC heap before
{Heap before GC invocations=7 (full 1):
 PSYoungGen      total 71680K, used 71131K [0x00000000d5d80000, 0x00000000e2b00000, 0x0000000100000000)
  eden space 66560K, 99% used [0x00000000d5d80000,0x00000000d9df8e80,0x00000000d9e80000)
  from space 5120K, 99% used [0x00000000d9e80000,0x00000000da37e070,0x00000000da380000)
  to   space 42496K, 0% used [0x00000000e0180000,0x00000000e0180000,0x00000000e2b00000)
 ParOldGen       total 131072K, used 62838K [0x0000000081800000, 0x0000000089800000, 0x00000000d5d80000)
  object space 131072K, 47% used [0x0000000081800000,0x000000008555db78,0x0000000089800000)
 Metaspace       used 15805K, capacity 16004K, committed 16128K, reserved 1064960K
  class space    used 1467K, capacity 1526K, committed 1536K, reserved 1048576K
Event: 4.997 GC heap after
Heap after GC invocations=7 (full 1):
 PSYoungGen      total 168448K, used 5112K [0x00000000d5d80000, 0x00000000e2a80000, 0x0000000100000000)
  eden space 126464K, 0% used [0x00000000d5d80000,0x00000000d5d80000,0x00000000dd900000)
  from space 41984K, 12% used [0x00000000e0180000,0x00000000e067e070,0x00000000e2a80000)
  to   space 41472K, 0% used [0x00000000dd900000,0x00000000dd900000,0x00000000e0180000)
 ParOldGen       total 131072K, used 62846K [0x0000000081800000, 0x0000000089800000, 0x00000000d5d80000)
  object space 131072K, 47% used [0x0000000081800000,0x000000008555fb78,0x0000000089800000)
 Metaspace       used 15805K, capacity 16004K, committed 16128K, reserved 1064960K
  class space    used 1467K, capacity 1526K, committed 1536K, reserved 1048576K
}
Event: 7.509 GC heap before
{Heap before GC invocations=8 (full 1):
 PSYoungGen      total 168448K, used 131077K [0x00000000d5d80000, 0x00000000e2a80000, 0x0000000100000000)
  eden space 126464K, 99% used [0x00000000d5d80000,0x00000000dd883600,0x00000000dd900000)
  from space 41984K, 12% used [0x00000000e0180000,0x00000000e067e070,0x00000000e2a80000)
  to   space 41472K, 0% used [0x00000000dd900000,0x00000000dd900000,0x00000000e0180000)
 ParOldGen       total 131072K, used 62846K [0x0000000081800000, 0x0000000089800000, 0x00000000d5d80000)
  object space 131072K, 47% used [0x0000000081800000,0x000000008555fb78,0x0000000089800000)
 Metaspace       used 15884K, capacity 16132K, committed 16384K, reserved 1064960K
  class space    used 1467K, capacity 1526K, committed 1536K, reserved 1048576K
Event: 7.511 GC heap after
Heap after GC invocations=8 (full 1):
 PSYoungGen      total 167936K, used 5112K [0x00000000d5d80000, 0x00000000e9280000, 0x0000000100000000)
  eden space 126464K, 0% used [0x00000000d5d80000,0x00000000d5d80000,0x00000000dd900000)
  from space 41472K, 12% used [0x00000000dd900000,0x00000000dddfe070,0x00000000e0180000)
  to   space 39424K, 0% used [0x00000000e6c00000,0x00000000e6c00000,0x00000000e9280000)
 ParOldGen       total 131072K, used 62854K [0x0000000081800000, 0x0000000089800000, 0x00000000d5d80000)
  object space 131072K, 47% used [0x0000000081800000,0x0000000085561b78,0x0000000089800000)
 Metaspace       used 15884K, capacity 16132K, committed 16384K, reserved 1064960K
  class space    used 1467K, capacity 1526K, committed 1536K, reserved 1048576K
}
Event: 10.021 GC heap before
{Heap before GC invocations=9 (full 1):
 PSYoungGen      total 167936K, used 131396K [0x00000000d5d80000, 0x00000000e9280000, 0x0000000100000000)
  eden space 126464K, 99% used [0x00000000d5d80000,0x00000000dd8d32d8,0x00000000dd900000)
  from space 41472K, 12% used [0x00000000dd900000,0x00000000dddfe070,0x00000000e0180000)
  to   space 39424K, 0% used [0x00000000e6c00000,0x00000000e6c00000,0x00000000e9280000)
 ParOldGen       total 131072K, used 62854K [0x0000000081800000, 0x0000000089800000, 0x00000000d5d80000)
  object space 131072K, 47% used [0x0000000081800000,0x0000000085561b78,0x0000000089800000)
 Metaspace       used 15902K, capacity 16132K, committed 16384K, reserved 1064960K
  class space    used 1467K, capacity 1526K, committed 1536K, reserved 1048576K
Event: 10.023 GC heap after
Heap after GC invocations=9 (full 1):
 PSYoungGen      total 267776K, used 1824K [0x00000000d5d80000, 0x00000000e8d80000, 0x0000000100000000)
  eden space 233472K, 0% used [0x00000000d5d80000,0x00000000d5d80000,0x00000000e4180000)
  from space 34304K, 5% used [0x00000000e6c00000,0x00000000e6dc8020,0x00000000e8d80000)
  to   space 38912K, 0% used [0x00000000e4180000,0x00000000e4180000,0x00000000e6780000)
 ParOldGen       total 131072K, used 66220K [0x0000000081800000, 0x0000000089800000, 0x00000000d5d80000)
  object space 131072K, 50% used [0x0000000081800000,0x00000000858ab048,0x0000000089800000)
 Metaspace       used 15902K, capacity 16132K, committed 16384K, reserved 1064960K
  class space    used 1467K, capacity 1526K, committed 1536K, reserved 1048576K
}

